                      :-) GROMACS - gmx mdrun, 2021.4 (-:

                            GROMACS is written by:
     Andrey Alekseenko              Emile Apol              Rossen Apostolov     
         Paul Bauer           Herman J.C. Berendsen           Par Bjelkmar       
       Christian Blau           Viacheslav Bolnykh             Kevin Boyd        
     Aldert van Buuren           Rudi van Drunen             Anton Feenstra      
    Gilles Gouaillardet             Alan Gray               Gerrit Groenhof      
       Anca Hamuraru            Vincent Hindriksen          M. Eric Irrgang      
      Aleksei Iupinov           Christoph Junghans             Joe Jordan        
    Dimitrios Karkoulis            Peter Kasson                Jiri Kraus        
      Carsten Kutzner              Per Larsson              Justin A. Lemkul     
       Viveca Lindahl            Magnus Lundborg             Erik Marklund       
        Pascal Merz             Pieter Meulenhoff            Teemu Murtola       
        Szilard Pall               Sander Pronk              Roland Schulz       
       Michael Shirts            Alexey Shvetsov             Alfons Sijbers      
       Peter Tieleman              Jon Vincent              Teemu Virolainen     
     Christian Wennberg            Maarten Wolf              Artem Zhmurov       
                           and the project leaders:
        Mark Abraham, Berk Hess, Erik Lindahl, and David van der Spoel

Copyright (c) 1991-2000, University of Groningen, The Netherlands.
Copyright (c) 2001-2019, The GROMACS development team at
Uppsala University, Stockholm University and
the Royal Institute of Technology, Sweden.
check out http://www.gromacs.org for more information.

GROMACS is free software; you can redistribute it and/or modify it
under the terms of the GNU Lesser General Public License
as published by the Free Software Foundation; either version 2.1
of the License, or (at your option) any later version.

GROMACS:      gmx mdrun, version 2021.4
Executable:   /apps/gromacs-2021.4/bin/gmx_mpi
Data prefix:  /apps/gromacs-2021.4
Working dir:  /home/giacomo.marcon/toCluster/simulations/sim_166
Process ID:   8008
Command line:
  gmx_mpi mdrun -s ./equil.tpr -maxh 5.95 -deffnm equil

GROMACS version:    2021.4
Precision:          mixed
Memory model:       64 bit
MPI library:        MPI
OpenMP support:     enabled (GMX_OPENMP_MAX_THREADS = 64)
GPU support:        CUDA
SIMD instructions:  AVX_512
FFT library:        fftw-3.3.8-sse2-avx-avx2-avx2_128-avx512
RDTSCP usage:       enabled
TNG support:        enabled
Hwloc support:      disabled
Tracing support:    disabled
C compiler:         /apps/gcc-9.1.0/local/bin/gcc-9.1.0 GNU 9.1.0
C compiler flags:   -mavx512f -mfma -pthread -Wno-missing-field-initializers -fexcess-precision=fast -funroll-all-loops -O3 -DNDEBUG
C++ compiler:       /apps/gcc-9.1.0/local/bin/g++-9.1.0 GNU 9.1.0
C++ compiler flags: -mavx512f -mfma -pthread -Wno-missing-field-initializers -fexcess-precision=fast -funroll-all-loops -fopenmp -O3 -DNDEBUG
CUDA compiler:      /apps/cuda-11.1/bin/nvcc nvcc: NVIDIA (R) Cuda compiler driver;Copyright (c) 2005-2020 NVIDIA Corporation;Built on Mon_Oct_12_20:09:46_PDT_2020;Cuda compilation tools, release 11.1, V11.1.105;Build cuda_11.1.TC455_06.29190527_0
CUDA compiler flags:-std=c++17;-gencode;arch=compute_35,code=sm_35;-gencode;arch=compute_37,code=sm_37;-gencode;arch=compute_50,code=sm_50;-gencode;arch=compute_52,code=sm_52;-gencode;arch=compute_60,code=sm_60;-gencode;arch=compute_61,code=sm_61;-gencode;arch=compute_70,code=sm_70;-gencode;arch=compute_75,code=sm_75;-gencode;arch=compute_80,code=sm_80;-Wno-deprecated-gpu-targets;-gencode;arch=compute_86,code=sm_86;-gencode;arch=compute_35,code=compute_35;-gencode;arch=compute_53,code=compute_53;-gencode;arch=compute_80,code=compute_80;-use_fast_math;;-mavx512f -mfma -pthread -Wno-missing-field-initializers -fexcess-precision=fast -funroll-all-loops -fopenmp -O3 -DNDEBUG
CUDA driver:        0.0
CUDA runtime:       N/A


Running on 1 node with total 72 cores, 72 logical cores (GPU detection failed)
Hardware detected on host hpc-c05-node01.unitn.it (the node of MPI rank 0):
  CPU info:
    Vendor: Intel
    Brand:  Intel(R) Xeon(R) Gold 6140M CPU @ 2.30GHz
    Family: 6   Model: 85   Stepping: 4
    Features: aes apic avx avx2 avx512f avx512cd avx512bw avx512vl avx512secondFMA clfsh cmov cx8 cx16 f16c fma hle htt intel lahf mmx msr nonstop_tsc pcid pclmuldq pdcm pdpe1gb popcnt pse rdrnd rdtscp rtm sse2 sse3 sse4.1 sse4.2 ssse3 tdt x2apic
    Number of AVX-512 FMA units: 2
  Hardware topology: Basic
    Sockets, cores, and logical processors:
      Socket  0: [   0] [   1] [   2] [   3] [   4] [   5] [   6] [   7] [   8] [   9] [  10] [  11] [  12] [  13] [  14] [  15] [  16] [  17]
      Socket  1: [  18] [  19] [  20] [  21] [  22] [  23] [  24] [  25] [  26] [  27] [  28] [  29] [  30] [  31] [  32] [  33] [  34] [  35]
      Socket  2: [  36] [  37] [  38] [  39] [  40] [  41] [  42] [  43] [  44] [  45] [  46] [  47] [  48] [  49] [  50] [  51] [  52] [  53]
      Socket  3: [  54] [  55] [  56] [  57] [  58] [  59] [  60] [  61] [  62] [  63] [  64] [  65] [  66] [  67] [  68] [  69] [  70] [  71]


++++ PLEASE READ AND CITE THE FOLLOWING REFERENCE ++++
M. J. Abraham, T. Murtola, R. Schulz, S. Páll, J. C. Smith, B. Hess, E.
Lindahl
GROMACS: High performance molecular simulations through multi-level
parallelism from laptops to supercomputers
SoftwareX 1 (2015) pp. 19-25
-------- -------- --- Thank You --- -------- --------


++++ PLEASE READ AND CITE THE FOLLOWING REFERENCE ++++
S. Páll, M. J. Abraham, C. Kutzner, B. Hess, E. Lindahl
Tackling Exascale Software Challenges in Molecular Dynamics Simulations with
GROMACS
In S. Markidis & E. Laure (Eds.), Solving Software Challenges for Exascale 8759 (2015) pp. 3-27
-------- -------- --- Thank You --- -------- --------


++++ PLEASE READ AND CITE THE FOLLOWING REFERENCE ++++
S. Pronk, S. Páll, R. Schulz, P. Larsson, P. Bjelkmar, R. Apostolov, M. R.
Shirts, J. C. Smith, P. M. Kasson, D. van der Spoel, B. Hess, and E. Lindahl
GROMACS 4.5: a high-throughput and highly parallel open source molecular
simulation toolkit
Bioinformatics 29 (2013) pp. 845-54
-------- -------- --- Thank You --- -------- --------


++++ PLEASE READ AND CITE THE FOLLOWING REFERENCE ++++
B. Hess and C. Kutzner and D. van der Spoel and E. Lindahl
GROMACS 4: Algorithms for highly efficient, load-balanced, and scalable
molecular simulation
J. Chem. Theory Comput. 4 (2008) pp. 435-447
-------- -------- --- Thank You --- -------- --------


++++ PLEASE READ AND CITE THE FOLLOWING REFERENCE ++++
D. van der Spoel, E. Lindahl, B. Hess, G. Groenhof, A. E. Mark and H. J. C.
Berendsen
GROMACS: Fast, Flexible and Free
J. Comp. Chem. 26 (2005) pp. 1701-1719
-------- -------- --- Thank You --- -------- --------


++++ PLEASE READ AND CITE THE FOLLOWING REFERENCE ++++
E. Lindahl and B. Hess and D. van der Spoel
GROMACS 3.0: A package for molecular simulation and trajectory analysis
J. Mol. Mod. 7 (2001) pp. 306-317
-------- -------- --- Thank You --- -------- --------


++++ PLEASE READ AND CITE THE FOLLOWING REFERENCE ++++
H. J. C. Berendsen, D. van der Spoel and R. van Drunen
GROMACS: A message-passing parallel molecular dynamics implementation
Comp. Phys. Comm. 91 (1995) pp. 43-56
-------- -------- --- Thank You --- -------- --------


++++ PLEASE CITE THE DOI FOR THIS VERSION OF GROMACS ++++
https://doi.org/10.5281/zenodo.5636567
-------- -------- --- Thank You --- -------- --------


The number of OpenMP threads was set by environment variable OMP_NUM_THREADS to 1

Input Parameters:
   integrator                     = md
   tinit                          = 0
   dt                             = 0.002
   nsteps                         = 50000
   init-step                      = 0
   simulation-part                = 1
   mts                            = false
   comm-mode                      = Linear
   nstcomm                        = 100
   bd-fric                        = 0
   ld-seed                        = -10283
   emtol                          = 10
   emstep                         = 0.01
   niter                          = 20
   fcstep                         = 0
   nstcgsteep                     = 1000
   nbfgscorr                      = 10
   rtpi                           = 0.05
   nstxout                        = 0
   nstvout                        = 5000
   nstfout                        = 5000
   nstlog                         = 1000
   nstcalcenergy                  = 100
   nstenergy                      = 5000
   nstxout-compressed             = 5000
   compressed-x-precision         = 1000
   cutoff-scheme                  = Verlet
   nstlist                        = 20
   pbc                            = xyz
   periodic-molecules             = false
   verlet-buffer-tolerance        = 0.005
   rlist                          = 1.422
   coulombtype                    = PME
   coulomb-modifier               = Potential-shift
   rcoulomb-switch                = 0
   rcoulomb                       = 1.4
   epsilon-r                      = 1
   epsilon-rf                     = inf
   vdw-type                       = Cut-off
   vdw-modifier                   = Potential-shift
   rvdw-switch                    = 0
   rvdw                           = 1.4
   DispCorr                       = EnerPres
   table-extension                = 1
   fourierspacing                 = 0.12
   fourier-nx                     = 60
   fourier-ny                     = 60
   fourier-nz                     = 160
   pme-order                      = 4
   ewald-rtol                     = 1e-05
   ewald-rtol-lj                  = 0.001
   lj-pme-comb-rule               = Geometric
   ewald-geometry                 = 0
   epsilon-surface                = 0
   tcoupl                         = Berendsen
   nsttcouple                     = 10
   nh-chain-length                = 0
   print-nose-hoover-chain-variables = false
   pcoupl                         = Berendsen
   pcoupltype                     = Isotropic
   nstpcouple                     = 10
   tau-p                          = 1
   compressibility (3x3):
      compressibility[    0]={ 4.50000e-05,  0.00000e+00,  0.00000e+00}
      compressibility[    1]={ 0.00000e+00,  4.50000e-05,  0.00000e+00}
      compressibility[    2]={ 0.00000e+00,  0.00000e+00,  4.50000e-05}
   ref-p (3x3):
      ref-p[    0]={ 1.00000e+00,  0.00000e+00,  0.00000e+00}
      ref-p[    1]={ 0.00000e+00,  1.00000e+00,  0.00000e+00}
      ref-p[    2]={ 0.00000e+00,  0.00000e+00,  1.00000e+00}
   refcoord-scaling               = COM
   posres-com (3):
      posres-com[0]= 0.00000e+00
      posres-com[1]= 0.00000e+00
      posres-com[2]= 0.00000e+00
   posres-comB (3):
      posres-comB[0]= 0.00000e+00
      posres-comB[1]= 0.00000e+00
      posres-comB[2]= 0.00000e+00
   QMMM                           = false
qm-opts:
   ngQM                           = 0
   constraint-algorithm           = Lincs
   continuation                   = false
   Shake-SOR                      = false
   shake-tol                      = 0.0001
   lincs-order                    = 4
   lincs-iter                     = 1
   lincs-warnangle                = 30
   nwall                          = 0
   wall-type                      = 9-3
   wall-r-linpot                  = -1
   wall-atomtype[0]               = -1
   wall-atomtype[1]               = -1
   wall-density[0]                = 0
   wall-density[1]                = 0
   wall-ewald-zfac                = 3
   pull                           = true
   pull-cylinder-r                = 1.5
   pull-constr-tol                = 1e-06
   pull-print-COM                 = false
   pull-print-ref-value           = false
   pull-print-components          = false
   pull-nstxout                   = 50
   pull-nstfout                   = 50
   pull-pbc-ref-prev-step-com     = false
   pull-xout-average              = false
   pull-fout-average              = false
   pull-ngroups                   = 3
   pull-group 0:
     atom: not available
     weight: not available
     pbcatom                        = -1
   pull-group 1:
     atom (3015):
        atom[0,...,3014] = {0,...,3014}
     weight: not available
     pbcatom                        = 1507
   pull-group 2:
     atom (53):
        atom[0,...,52] = {3015,...,3067}
     weight: not available
     pbcatom                        = 3041
   pull-ncoords                   = 1
   pull-coord 0:
   type                           = umbrella
   geometry                       = distance
   group[0]                       = 1
   group[1]                       = 2
   dim (3):
      dim[0]=0
      dim[1]=0
      dim[2]=1
   origin (3):
      origin[0]= 0.00000e+00
      origin[1]= 0.00000e+00
      origin[2]= 0.00000e+00
   vec (3):
      vec[0]= 0.00000e+00
      vec[1]= 0.00000e+00
      vec[2]= 0.00000e+00
   start                          = true
   init                           = 1.92911
   rate                           = 0
   k                              = 1000
   kB                             = 1000
   awh                            = false
   rotation                       = false
   interactiveMD                  = false
   disre                          = No
   disre-weighting                = Conservative
   disre-mixed                    = false
   dr-fc                          = 1000
   dr-tau                         = 0
   nstdisreout                    = 100
   orire-fc                       = 0
   orire-tau                      = 0
   nstorireout                    = 100
   free-energy                    = no
   cos-acceleration               = 0
   deform (3x3):
      deform[    0]={ 0.00000e+00,  0.00000e+00,  0.00000e+00}
      deform[    1]={ 0.00000e+00,  0.00000e+00,  0.00000e+00}
      deform[    2]={ 0.00000e+00,  0.00000e+00,  0.00000e+00}
   simulated-tempering            = false
   swapcoords                     = no
   userint1                       = 0
   userint2                       = 0
   userint3                       = 0
   userint4                       = 0
   userreal1                      = 0
   userreal2                      = 0
   userreal3                      = 0
   userreal4                      = 0
   applied-forces:
     electric-field:
       x:
         E0                       = 0
         omega                    = 0
         t0                       = 0
         sigma                    = 0
       y:
         E0                       = 0
         omega                    = 0
         t0                       = 0
         sigma                    = 0
       z:
         E0                       = 0
         omega                    = 0
         t0                       = 0
         sigma                    = 0
     density-guided-simulation:
       active                     = false
       group                      = protein
       similarity-measure         = inner-product
       atom-spreading-weight      = unity
       force-constant             = 1e+09
       gaussian-transform-spreading-width = 0.2
       gaussian-transform-spreading-range-in-multiples-of-width = 4
       reference-density-filename = reference.mrc
       nst                        = 1
       normalize-densities        = true
       adaptive-force-scaling     = false
       adaptive-force-scaling-time-constant = 4
       shift-vector               = 
       transformation-matrix      = 
grpopts:
   nrdf:     5995.89      159455
   ref-t:         310         310
   tau-t:         0.5         0.5
annealing:          No          No
annealing-npoints:           0           0
   acc:	           0           0           0
   nfreeze:           N           N           N
   energygrp-flags[  0]: 0

Changing nstlist from 20 to 100, rlist from 1.422 to 1.537


Initializing Domain Decomposition on 20 ranks
Dynamic load balancing: auto
Minimum cell size due to atom displacement: 0.757 nm
Initial maximum distances in bonded interactions:
    two-body bonded interactions: 0.427 nm, LJ-14, atoms 1983 1991
  multi-body bonded interactions: 0.482 nm, CMAP Dih., atoms 225 234
Minimum cell size due to bonded interactions: 0.530 nm
Maximum distance for 5 constraints, at 120 deg. angles, all-trans: 0.819 nm
Estimated maximum distance required for P-LINCS: 0.819 nm
This distance will limit the DD cell size, you can override this with -rcon
Scaling the initial minimum size with 1/0.8 (option -dds) = 1.25
Guess for relative PME load: 0.14
Will use 16 particle-particle and 4 PME only ranks
This is a guess, check the performance at the end of the log file
Using 4 separate PME ranks, as guessed by mdrun
Optimizing the DD grid for 16 cells with a minimum initial size of 1.024 nm
The maximum allowed number of cells is: X 6 Y 6 Z 17
Domain decomposition grid 4 x 1 x 4, separate PME ranks 4
PME domain decomposition: 4 x 1 x 1
Interleaving PP and PME ranks
This rank does only particle-particle work.
Domain decomposition rank 0, coordinates 0 0 0

The initial number of communication pulses is: X 1 Z 1
The initial domain decomposition cell size is: X 1.70 nm Z 4.38 nm

The maximum allowed distance for atoms involved in interactions is:
                 non-bonded interactions           1.537 nm
(the following are initial values, they could change due to box deformation)
            two-body bonded interactions  (-rdd)   1.537 nm
          multi-body bonded interactions  (-rdd)   1.537 nm
  atoms separated by up to 5 constraints  (-rcon)  1.705 nm

When dynamic load balancing gets turned on, these settings will change to:
The maximum number of communication pulses is: X 2 Z 2
The minimum size for domain decomposition cells is 1.118 nm
The requested allowed shrink of DD cells (option -dds) is: 0.80
The allowed shrink of domain decomposition cells is: X 0.66 Z 0.25
The maximum allowed distance for atoms involved in interactions is:
                 non-bonded interactions           1.537 nm
            two-body bonded interactions  (-rdd)   1.537 nm
          multi-body bonded interactions  (-rdd)   1.118 nm
  atoms separated by up to 5 constraints  (-rcon)  1.118 nm

Using 20 MPI processes

Non-default thread affinity set, disabling internal thread affinity

Using 1 OpenMP thread per MPI process

System total charge: 0.000
Will do PME sum in reciprocal space for electrostatic interactions.

++++ PLEASE READ AND CITE THE FOLLOWING REFERENCE ++++
U. Essmann, L. Perera, M. L. Berkowitz, T. Darden, H. Lee and L. G. Pedersen 
A smooth particle mesh Ewald method
J. Chem. Phys. 103 (1995) pp. 8577-8592
-------- -------- --- Thank You --- -------- --------

Using a Gaussian width (1/beta) of 0.448228 nm for Ewald
Potential shift: LJ r^-12: -1.764e-02 r^-6: -1.328e-01, Ewald -7.143e-06
Initialized non-bonded Ewald tables, spacing: 1.10e-03 size: 1270

Generated table with 1268 data points for 1-4 COUL.
Tabscale = 500 points/nm
Generated table with 1268 data points for 1-4 LJ6.
Tabscale = 500 points/nm
Generated table with 1268 data points for 1-4 LJ12.
Tabscale = 500 points/nm
Long Range LJ corr.: <C6> 3.1444e-04


Using SIMD 4x8 nonbonded short-range kernels

Using a dual 4x8 pair-list setup updated with dynamic pruning:
  outer list: updated every 100 steps, buffer 0.137 nm, rlist 1.537 nm
  inner list: updated every  13 steps, buffer 0.002 nm, rlist 1.402 nm
At tolerance 0.005 kJ/mol/ps per atom, equivalent classical 1x1 list would be:
  outer list: updated every 100 steps, buffer 0.292 nm, rlist 1.692 nm
  inner list: updated every  13 steps, buffer 0.053 nm, rlist 1.453 nm

Using full Lennard-Jones parameter combination matrix
Removing pbc first time

Will apply potential COM pulling
with 1 pull coordinate and 2 groups
Pull group 1:  3015 atoms, mass 21331.701
Pull group 2:    53 atoms, mass   452.433

Initializing Parallel LINear Constraint Solver

++++ PLEASE READ AND CITE THE FOLLOWING REFERENCE ++++
B. Hess
P-LINCS: A Parallel Linear Constraint Solver for molecular simulation
J. Chem. Theory Comput. 4 (2008) pp. 116-122
-------- -------- --- Thank You --- -------- --------

The number of constraints is 3104
There are constraints between atoms in different decomposition domains,
will communicate selected coordinates each lincs iteration

++++ PLEASE READ AND CITE THE FOLLOWING REFERENCE ++++
S. Miyamoto and P. A. Kollman
SETTLE: An Analytical Version of the SHAKE and RATTLE Algorithms for Rigid
Water Models
J. Comp. Chem. 13 (1992) pp. 952-962
-------- -------- --- Thank You --- -------- --------


Linking all bonded interactions to atoms


Intra-simulation communication will occur every 10 steps.

++++ PLEASE READ AND CITE THE FOLLOWING REFERENCE ++++
H. J. C. Berendsen, J. P. M. Postma, A. DiNola and J. R. Haak
Molecular dynamics with coupling to an external bath
J. Chem. Phys. 81 (1984) pp. 3684-3690
-------- -------- --- Thank You --- -------- --------

There are: 82669 Atoms
Atom distribution over 16 domains: av 5166 stddev 99 min 5086 max 5235

Constraining the starting coordinates (step 0)

Constraining the coordinates at t0-dt (step 0)
Center of mass motion removal mode is Linear
We have the following groups for center of mass motion removal:
  0:  rest
RMS relative constraint deviation after constraining: 0.00e+00
Initial temperature: 308.925 K

Started mdrun on rank 0 Tue Dec 31 00:03:53 2024

           Step           Time
              0        0.00000

   Energies (kJ/mol)
            U-B    Proper Dih.  Improper Dih.      CMAP Dih.          LJ-14
    7.25582e+03    8.15538e+03    4.17869e+02   -2.72879e+02    3.15991e+03
     Coulomb-14        LJ (SR)  Disper. corr.   Coulomb (SR)   Coul. recip.
    3.32205e+04    1.10178e+05   -4.02147e+03   -1.32046e+06    2.40910e+03
   COM Pull En.      Potential    Kinetic En.   Total Energy  Conserved En.
    5.54116e-15   -1.15996e+06    2.15211e+05   -9.44747e+05   -9.44749e+05
    Temperature Pres. DC (bar) Pressure (bar)   Constr. rmsd
    3.12889e+02   -8.19346e+01    2.06060e+01    3.45916e-05


DD  step 99 load imb.: force  0.7%  pme mesh/force 0.781

DD  step 999 load imb.: force  0.6%  pme mesh/force 0.753
           Step           Time
           1000        2.00000

   Energies (kJ/mol)
            U-B    Proper Dih.  Improper Dih.      CMAP Dih.          LJ-14
    7.23423e+03    8.10366e+03    4.32663e+02   -2.70089e+02    3.06229e+03
     Coulomb-14        LJ (SR)  Disper. corr.   Coulomb (SR)   Coul. recip.
    3.30296e+04    1.10240e+05   -4.01800e+03   -1.32039e+06    2.39172e+03
   COM Pull En.      Potential    Kinetic En.   Total Energy  Conserved En.
    1.46390e+00   -1.16019e+06    2.13589e+05   -9.46599e+05   -9.44755e+05
    Temperature Pres. DC (bar) Pressure (bar)   Constr. rmsd
    3.10531e+02   -8.17932e+01    1.78522e+01    3.48788e-05


DD  step 1999 load imb.: force  0.6%  pme mesh/force 0.763
           Step           Time
           2000        4.00000

   Energies (kJ/mol)
            U-B    Proper Dih.  Improper Dih.      CMAP Dih.          LJ-14
    7.19282e+03    8.04232e+03    5.07985e+02   -2.33668e+02    3.17350e+03
     Coulomb-14        LJ (SR)  Disper. corr.   Coulomb (SR)   Coul. recip.
    3.28890e+04    1.11045e+05   -4.02096e+03   -1.32223e+06    2.43897e+03
   COM Pull En.      Potential    Kinetic En.   Total Energy  Conserved En.
    4.31568e+00   -1.16119e+06    2.14148e+05   -9.47042e+05   -9.44806e+05
    Temperature Pres. DC (bar) Pressure (bar)   Constr. rmsd
    3.11345e+02   -8.19138e+01    2.52607e+01    3.50302e-05


DD  step 2999 load imb.: force  0.6%  pme mesh/force 0.740
           Step           Time
           3000        6.00000

   Energies (kJ/mol)
            U-B    Proper Dih.  Improper Dih.      CMAP Dih.          LJ-14
    7.36454e+03    8.05558e+03    4.05226e+02   -2.33380e+02    3.11049e+03
     Coulomb-14        LJ (SR)  Disper. corr.   Coulomb (SR)   Coul. recip.
    3.30257e+04    1.11353e+05   -4.01906e+03   -1.32181e+06    2.38225e+03
   COM Pull En.      Potential    Kinetic En.   Total Energy  Conserved En.
    7.34333e+00   -1.16036e+06    2.13254e+05   -9.47109e+05   -9.44847e+05
    Temperature Pres. DC (bar) Pressure (bar)   Constr. rmsd
    3.10044e+02   -8.18363e+01    5.76050e+01    3.58821e-05


DD  step 3999 load imb.: force  0.6%  pme mesh/force 0.758
           Step           Time
           4000        8.00000

   Energies (kJ/mol)
            U-B    Proper Dih.  Improper Dih.      CMAP Dih.          LJ-14
    7.37436e+03    8.18854e+03    4.92104e+02   -2.79554e+02    3.10457e+03
     Coulomb-14        LJ (SR)  Disper. corr.   Coulomb (SR)   Coul. recip.
    3.30670e+04    1.10097e+05   -4.02037e+03   -1.32202e+06    2.44550e+03
   COM Pull En.      Potential    Kinetic En.   Total Energy  Conserved En.
    2.44210e+00   -1.16154e+06    2.14064e+05   -9.47481e+05   -9.44878e+05
    Temperature Pres. DC (bar) Pressure (bar)   Constr. rmsd
    3.11222e+02   -8.18896e+01   -6.04309e+01    3.41074e-05


DD  step 4999 load imb.: force  0.6%  pme mesh/force 0.758
           Step           Time
           5000       10.00000

   Energies (kJ/mol)
            U-B    Proper Dih.  Improper Dih.      CMAP Dih.          LJ-14
    7.29911e+03    8.19268e+03    5.10448e+02   -2.04452e+02    3.14485e+03
     Coulomb-14        LJ (SR)  Disper. corr.   Coulomb (SR)   Coul. recip.
    3.30757e+04    1.09974e+05   -4.01791e+03   -1.32062e+06    2.43903e+03
   COM Pull En.      Potential    Kinetic En.   Total Energy  Conserved En.
    5.04113e+00   -1.16020e+06    2.12803e+05   -9.47400e+05   -9.44915e+05
    Temperature Pres. DC (bar) Pressure (bar)   Constr. rmsd
    3.09389e+02   -8.17893e+01   -2.94685e+01    3.31254e-05


DD  step 5999 load imb.: force  0.7%  pme mesh/force 0.741
           Step           Time
           6000       12.00000

   Energies (kJ/mol)
            U-B    Proper Dih.  Improper Dih.      CMAP Dih.          LJ-14
    7.14881e+03    8.02319e+03    4.13514e+02   -1.69238e+02    3.11561e+03
     Coulomb-14        LJ (SR)  Disper. corr.   Coulomb (SR)   Coul. recip.
    3.31214e+04    1.11472e+05   -4.02669e+03   -1.32370e+06    2.30673e+03
   COM Pull En.      Potential    Kinetic En.   Total Energy  Conserved En.
    1.38162e+00   -1.16229e+06    2.14681e+05   -9.47609e+05   -9.44974e+05
    Temperature Pres. DC (bar) Pressure (bar)   Constr. rmsd
    3.12118e+02   -8.21473e+01    7.73437e+01    3.53762e-05


DD  step 6999 load imb.: force  0.6%  pme mesh/force 0.745
           Step           Time
           7000       14.00000

   Energies (kJ/mol)
            U-B    Proper Dih.  Improper Dih.      CMAP Dih.          LJ-14
    7.20704e+03    8.19161e+03    4.34369e+02   -2.03439e+02    3.15615e+03
     Coulomb-14        LJ (SR)  Disper. corr.   Coulomb (SR)   Coul. recip.
    3.29746e+04    1.11080e+05   -4.01939e+03   -1.32194e+06    2.45744e+03
   COM Pull En.      Potential    Kinetic En.   Total Energy  Conserved En.
    3.00362e+00   -1.16066e+06    2.13318e+05   -9.47343e+05   -9.44976e+05
    Temperature Pres. DC (bar) Pressure (bar)   Constr. rmsd
    3.10138e+02   -8.18497e+01    2.29238e+01    3.46102e-05


DD  step 7999 load imb.: force  0.6%  pme mesh/force 0.770
           Step           Time
           8000       16.00000

   Energies (kJ/mol)
            U-B    Proper Dih.  Improper Dih.      CMAP Dih.          LJ-14
    7.22572e+03    8.00570e+03    4.13904e+02   -2.41476e+02    3.13118e+03
     Coulomb-14        LJ (SR)  Disper. corr.   Coulomb (SR)   Coul. recip.
    3.30684e+04    1.09410e+05   -4.02029e+03   -1.31921e+06    2.38301e+03
   COM Pull En.      Potential    Kinetic En.   Total Energy  Conserved En.
    1.07711e+00   -1.15983e+06    2.12773e+05   -9.47055e+05   -9.45036e+05
    Temperature Pres. DC (bar) Pressure (bar)   Constr. rmsd
    3.09345e+02   -8.18861e+01   -6.61922e+01    3.61718e-05


DD  step 8999 load imb.: force  0.7%  pme mesh/force 0.757
           Step           Time
           9000       18.00000

   Energies (kJ/mol)
            U-B    Proper Dih.  Improper Dih.      CMAP Dih.          LJ-14
    7.29613e+03    7.95439e+03    4.56304e+02   -2.30706e+02    3.04344e+03
     Coulomb-14        LJ (SR)  Disper. corr.   Coulomb (SR)   Coul. recip.
    3.29363e+04    1.10946e+05   -4.01873e+03   -1.32119e+06    2.41628e+03
   COM Pull En.      Potential    Kinetic En.   Total Energy  Conserved En.
    2.15087e+00   -1.16039e+06    2.13184e+05   -9.47205e+05   -9.45068e+05
    Temperature Pres. DC (bar) Pressure (bar)   Constr. rmsd
    3.09943e+02   -8.18229e+01   -4.30437e+00    3.61398e-05


DD  step 9999 load imb.: force  0.6%  pme mesh/force 0.740
           Step           Time
          10000       20.00000

   Energies (kJ/mol)
            U-B    Proper Dih.  Improper Dih.      CMAP Dih.          LJ-14
    7.35587e+03    8.09889e+03    4.20450e+02   -1.93799e+02    3.05189e+03
     Coulomb-14        LJ (SR)  Disper. corr.   Coulomb (SR)   Coul. recip.
    3.29480e+04    1.09388e+05   -4.02482e+03   -1.31871e+06    2.46578e+03
   COM Pull En.      Potential    Kinetic En.   Total Energy  Conserved En.
    3.11980e-03   -1.15920e+06    2.12406e+05   -9.46790e+05   -9.45073e+05
    Temperature Pres. DC (bar) Pressure (bar)   Constr. rmsd
    3.08812e+02   -8.20708e+01   -9.33340e+01    3.56781e-05


DD  step 10999 load imb.: force  0.6%  pme mesh/force 0.754
           Step           Time
          11000       22.00000

   Energies (kJ/mol)
            U-B    Proper Dih.  Improper Dih.      CMAP Dih.          LJ-14
    7.48191e+03    8.04170e+03    4.64138e+02   -2.23081e+02    3.08138e+03
     Coulomb-14        LJ (SR)  Disper. corr.   Coulomb (SR)   Coul. recip.
    3.28714e+04    1.09869e+05   -4.02233e+03   -1.32010e+06    2.41375e+03
   COM Pull En.      Potential    Kinetic En.   Total Energy  Conserved En.
    2.23460e+00   -1.16012e+06    2.13260e+05   -9.46860e+05   -9.45150e+05
    Temperature Pres. DC (bar) Pressure (bar)   Constr. rmsd
    3.10053e+02   -8.19695e+01   -3.19981e+01    3.52629e-05


DD  step 11999 load imb.: force  0.6%  pme mesh/force 0.756
           Step           Time
          12000       24.00000

   Energies (kJ/mol)
            U-B    Proper Dih.  Improper Dih.      CMAP Dih.          LJ-14
    7.24914e+03    8.20696e+03    4.54487e+02   -2.42576e+02    3.11446e+03
     Coulomb-14        LJ (SR)  Disper. corr.   Coulomb (SR)   Coul. recip.
    3.30478e+04    1.10591e+05   -4.01979e+03   -1.31998e+06    2.45106e+03
   COM Pull En.      Potential    Kinetic En.   Total Energy  Conserved En.
    5.83897e+00   -1.15912e+06    2.12114e+05   -9.47005e+05   -9.45187e+05
    Temperature Pres. DC (bar) Pressure (bar)   Constr. rmsd
    3.08387e+02   -8.18659e+01   -2.53023e+01    3.64403e-05


DD  step 12999 load imb.: force  0.6%  pme mesh/force 0.749
           Step           Time
          13000       26.00000

   Energies (kJ/mol)
            U-B    Proper Dih.  Improper Dih.      CMAP Dih.          LJ-14
    7.29925e+03    8.07857e+03    4.15702e+02   -2.13286e+02    3.07744e+03
     Coulomb-14        LJ (SR)  Disper. corr.   Coulomb (SR)   Coul. recip.
    3.32480e+04    1.11193e+05   -4.02115e+03   -1.32233e+06    2.42978e+03
   COM Pull En.      Potential    Kinetic En.   Total Energy  Conserved En.
    7.24167e+00   -1.16082e+06    2.13915e+05   -9.46900e+05   -9.45217e+05
    Temperature Pres. DC (bar) Pressure (bar)   Constr. rmsd
    3.11005e+02   -8.19213e+01    3.61620e+01    3.26956e-05


DD  step 13999 load imb.: force  0.7%  pme mesh/force 0.753
           Step           Time
          14000       28.00000

   Energies (kJ/mol)
            U-B    Proper Dih.  Improper Dih.      CMAP Dih.          LJ-14
    7.40226e+03    8.06783e+03    4.29498e+02   -2.04916e+02    3.13376e+03
     Coulomb-14        LJ (SR)  Disper. corr.   Coulomb (SR)   Coul. recip.
    3.30730e+04    1.09537e+05   -4.02393e+03   -1.31985e+06    2.34732e+03
   COM Pull En.      Potential    Kinetic En.   Total Energy  Conserved En.
    6.74850e+00   -1.16008e+06    2.12737e+05   -9.47340e+05   -9.45225e+05
    Temperature Pres. DC (bar) Pressure (bar)   Constr. rmsd
    3.09292e+02   -8.20347e+01   -1.09185e+02    3.79488e-05


DD  step 14999 load imb.: force  0.6%  pme mesh/force 0.763
           Step           Time
          15000       30.00000

   Energies (kJ/mol)
            U-B    Proper Dih.  Improper Dih.      CMAP Dih.          LJ-14
    7.24914e+03    8.06155e+03    4.11757e+02   -2.92792e+02    3.04813e+03
     Coulomb-14        LJ (SR)  Disper. corr.   Coulomb (SR)   Coul. recip.
    3.33637e+04    1.10891e+05   -4.02911e+03   -1.32156e+06    2.45110e+03
   COM Pull En.      Potential    Kinetic En.   Total Energy  Conserved En.
    2.03599e+00   -1.16041e+06    2.13130e+05   -9.47277e+05   -9.45300e+05
    Temperature Pres. DC (bar) Pressure (bar)   Constr. rmsd
    3.09864e+02   -8.22457e+01    5.43198e+01    3.60680e-05


DD  step 15999 load imb.: force  0.6%  pme mesh/force 0.767
           Step           Time
          16000       32.00000

   Energies (kJ/mol)
            U-B    Proper Dih.  Improper Dih.      CMAP Dih.          LJ-14
    7.42699e+03    8.07374e+03    3.86193e+02   -2.48274e+02    3.02578e+03
     Coulomb-14        LJ (SR)  Disper. corr.   Coulomb (SR)   Coul. recip.
    3.28486e+04    1.09188e+05   -4.02860e+03   -1.31988e+06    2.33755e+03
   COM Pull En.      Potential    Kinetic En.   Total Energy  Conserved En.
    4.72501e+00   -1.16087e+06    2.13387e+05   -9.47483e+05   -9.45330e+05
    Temperature Pres. DC (bar) Pressure (bar)   Constr. rmsd
    3.10238e+02   -8.22249e+01   -1.63960e+02    3.70062e-05


DD  step 16999 load imb.: force  0.7%  pme mesh/force 0.732
           Step           Time
          17000       34.00000

   Energies (kJ/mol)
            U-B    Proper Dih.  Improper Dih.      CMAP Dih.          LJ-14
    7.51536e+03    8.06144e+03    4.02977e+02   -2.71952e+02    3.05630e+03
     Coulomb-14        LJ (SR)  Disper. corr.   Coulomb (SR)   Coul. recip.
    3.29217e+04    1.10568e+05   -4.02340e+03   -1.32170e+06    2.40029e+03
   COM Pull En.      Potential    Kinetic En.   Total Energy  Conserved En.
    1.74769e+00   -1.16106e+06    2.13588e+05   -9.47475e+05   -9.45373e+05
    Temperature Pres. DC (bar) Pressure (bar)   Constr. rmsd
    3.10530e+02   -8.20128e+01   -3.19217e+01    3.65717e-05


DD  step 17999 load imb.: force  0.6%  pme mesh/force 0.754
           Step           Time
          18000       36.00000

   Energies (kJ/mol)
            U-B    Proper Dih.  Improper Dih.      CMAP Dih.          LJ-14
    7.11941e+03    8.12616e+03    4.15559e+02   -2.77885e+02    3.15117e+03
     Coulomb-14        LJ (SR)  Disper. corr.   Coulomb (SR)   Coul. recip.
    3.30568e+04    1.10556e+05   -4.02264e+03   -1.32195e+06    2.35395e+03
   COM Pull En.      Potential    Kinetic En.   Total Energy  Conserved En.
    2.03813e-01   -1.16147e+06    2.13715e+05   -9.47757e+05   -9.45438e+05
    Temperature Pres. DC (bar) Pressure (bar)   Constr. rmsd
    3.10715e+02   -8.19821e+01   -1.76263e+01    3.47798e-05


DD  step 18999 load imb.: force  0.6%  pme mesh/force 0.758
           Step           Time
          19000       38.00000

   Energies (kJ/mol)
            U-B    Proper Dih.  Improper Dih.      CMAP Dih.          LJ-14
    7.41730e+03    8.14558e+03    4.10737e+02   -2.29673e+02    3.11103e+03
     Coulomb-14        LJ (SR)  Disper. corr.   Coulomb (SR)   Coul. recip.
    3.29756e+04    1.11181e+05   -4.02352e+03   -1.32200e+06    2.45726e+03
   COM Pull En.      Potential    Kinetic En.   Total Energy  Conserved En.
    3.12649e+00   -1.16055e+06    2.13057e+05   -9.47497e+05   -9.45454e+05
    Temperature Pres. DC (bar) Pressure (bar)   Constr. rmsd
    3.09758e+02   -8.20181e+01    4.35591e+01    3.50046e-05


DD  step 19999 load imb.: force  0.6%  pme mesh/force 0.742
           Step           Time
          20000       40.00000

   Energies (kJ/mol)
            U-B    Proper Dih.  Improper Dih.      CMAP Dih.          LJ-14
    7.30507e+03    8.08697e+03    4.88876e+02   -1.95532e+02    3.09980e+03
     Coulomb-14        LJ (SR)  Disper. corr.   Coulomb (SR)   Coul. recip.
    3.31811e+04    1.08431e+05   -4.02296e+03   -1.31942e+06    2.38539e+03
   COM Pull En.      Potential    Kinetic En.   Total Energy  Conserved En.
    1.50360e+00   -1.16066e+06    2.13416e+05   -9.47247e+05   -9.45484e+05
    Temperature Pres. DC (bar) Pressure (bar)   Constr. rmsd
    3.10280e+02   -8.19949e+01   -1.51491e+02    3.54650e-05


DD  step 20999 load imb.: force  0.6%  pme mesh/force 0.888
           Step           Time
          21000       42.00000

   Energies (kJ/mol)
            U-B    Proper Dih.  Improper Dih.      CMAP Dih.          LJ-14
    7.23800e+03    8.00236e+03    4.11619e+02   -1.75401e+02    3.12984e+03
     Coulomb-14        LJ (SR)  Disper. corr.   Coulomb (SR)   Coul. recip.
    3.28550e+04    1.09633e+05   -4.02173e+03   -1.31950e+06    2.40605e+03
   COM Pull En.      Potential    Kinetic En.   Total Energy  Conserved En.
    1.01841e+01   -1.16001e+06    2.12925e+05   -9.47084e+05   -9.45537e+05
    Temperature Pres. DC (bar) Pressure (bar)   Constr. rmsd
    3.09566e+02   -8.19448e+01   -3.77535e+01    3.57663e-05


DD  step 21999 load imb.: force  1.1%  pme mesh/force 1.423
           Step           Time
          22000       44.00000

   Energies (kJ/mol)
            U-B    Proper Dih.  Improper Dih.      CMAP Dih.          LJ-14
    7.53343e+03    8.13025e+03    4.38361e+02   -2.73294e+02    3.17306e+03
     Coulomb-14        LJ (SR)  Disper. corr.   Coulomb (SR)   Coul. recip.
    3.28063e+04    1.09769e+05   -4.01933e+03   -1.32036e+06    2.41439e+03
   COM Pull En.      Potential    Kinetic En.   Total Energy  Conserved En.
    2.74364e+00   -1.16038e+06    2.12780e+05   -9.47601e+05   -9.45588e+05
    Temperature Pres. DC (bar) Pressure (bar)   Constr. rmsd
    3.09356e+02   -8.18473e+01   -9.22287e+01    3.58346e-05


DD  step 22999 load imb.: force  0.8%  pme mesh/force 0.712
           Step           Time
          23000       46.00000

   Energies (kJ/mol)
            U-B    Proper Dih.  Improper Dih.      CMAP Dih.          LJ-14
    7.24549e+03    7.97333e+03    4.37356e+02   -2.14623e+02    3.13317e+03
     Coulomb-14        LJ (SR)  Disper. corr.   Coulomb (SR)   Coul. recip.
    3.30595e+04    1.09656e+05   -4.02110e+03   -1.32074e+06    2.36306e+03
   COM Pull En.      Potential    Kinetic En.   Total Energy  Conserved En.
    3.85450e+00   -1.16110e+06    2.13499e+05   -9.47600e+05   -9.45641e+05
    Temperature Pres. DC (bar) Pressure (bar)   Constr. rmsd
    3.10401e+02   -8.19192e+01   -4.97427e+01    3.27959e-05


DD  step 23999 load imb.: force  0.5%  pme mesh/force 0.619
           Step           Time
          24000       48.00000

   Energies (kJ/mol)
            U-B    Proper Dih.  Improper Dih.      CMAP Dih.          LJ-14
    7.40482e+03    8.03635e+03    4.16986e+02   -2.99866e+02    3.11618e+03
     Coulomb-14        LJ (SR)  Disper. corr.   Coulomb (SR)   Coul. recip.
    3.28119e+04    1.09148e+05   -4.02673e+03   -1.31948e+06    2.37816e+03
   COM Pull En.      Potential    Kinetic En.   Total Energy  Conserved En.
    6.25881e+00   -1.16049e+06    2.12657e+05   -9.47833e+05   -9.45655e+05
    Temperature Pres. DC (bar) Pressure (bar)   Constr. rmsd
    3.09176e+02   -8.21489e+01   -5.44152e+01    3.40789e-05


DD  step 24999 load imb.: force  0.6%  pme mesh/force 0.603
           Step           Time
          25000       50.00000

   Energies (kJ/mol)
            U-B    Proper Dih.  Improper Dih.      CMAP Dih.          LJ-14
    7.41728e+03    8.13143e+03    4.14158e+02   -2.83435e+02    3.11392e+03
     Coulomb-14        LJ (SR)  Disper. corr.   Coulomb (SR)   Coul. recip.
    3.29865e+04    1.08887e+05   -4.02705e+03   -1.32025e+06    2.29949e+03
   COM Pull En.      Potential    Kinetic En.   Total Energy  Conserved En.
    7.02996e+00   -1.16131e+06    2.13682e+05   -9.47625e+05   -9.45691e+05
    Temperature Pres. DC (bar) Pressure (bar)   Constr. rmsd
    3.10667e+02   -8.21618e+01   -1.27773e+02    3.63829e-05


DD  step 25999 load imb.: force  0.5%  pme mesh/force 0.611
           Step           Time
          26000       52.00000

   Energies (kJ/mol)
            U-B    Proper Dih.  Improper Dih.      CMAP Dih.          LJ-14
    7.21104e+03    7.99821e+03    4.43669e+02   -2.28494e+02    3.11362e+03
     Coulomb-14        LJ (SR)  Disper. corr.   Coulomb (SR)   Coul. recip.
    3.31077e+04    1.11951e+05   -4.02079e+03   -1.32238e+06    2.43216e+03
   COM Pull En.      Potential    Kinetic En.   Total Energy  Conserved En.
    5.75089e+00   -1.16037e+06    2.13050e+05   -9.47321e+05   -9.45763e+05
    Temperature Pres. DC (bar) Pressure (bar)   Constr. rmsd
    3.09747e+02   -8.19067e+01    1.10877e+02    3.38000e-05


DD  step 26999 load imb.: force  0.5%  pme mesh/force 0.610
           Step           Time
          27000       54.00000

   Energies (kJ/mol)
            U-B    Proper Dih.  Improper Dih.      CMAP Dih.          LJ-14
    7.57561e+03    7.97830e+03    4.16740e+02   -2.35173e+02    3.09782e+03
     Coulomb-14        LJ (SR)  Disper. corr.   Coulomb (SR)   Coul. recip.
    3.28249e+04    1.10779e+05   -4.01966e+03   -1.31952e+06    2.38145e+03
   COM Pull En.      Potential    Kinetic En.   Total Energy  Conserved En.
    4.67693e+00   -1.15872e+06    2.11581e+05   -9.47137e+05   -9.45756e+05
    Temperature Pres. DC (bar) Pressure (bar)   Constr. rmsd
    3.07611e+02   -8.18607e+01    1.11653e+00    3.54380e-05


DD  step 27999 load imb.: force  0.5%  pme mesh/force 0.608
           Step           Time
          28000       56.00000

   Energies (kJ/mol)
            U-B    Proper Dih.  Improper Dih.      CMAP Dih.          LJ-14
    7.58067e+03    7.91604e+03    4.24094e+02   -2.48198e+02    3.12329e+03
     Coulomb-14        LJ (SR)  Disper. corr.   Coulomb (SR)   Coul. recip.
    3.29761e+04    1.09970e+05   -4.02083e+03   -1.32027e+06    2.35356e+03
   COM Pull En.      Potential    Kinetic En.   Total Energy  Conserved En.
    7.52310e+00   -1.16019e+06    2.13431e+05   -9.46758e+05   -9.45821e+05
    Temperature Pres. DC (bar) Pressure (bar)   Constr. rmsd
    3.10301e+02   -8.19081e+01   -4.78054e+01    3.55807e-05


DD  step 28999 load imb.: force  0.6%  pme mesh/force 0.637
           Step           Time
          29000       58.00000

   Energies (kJ/mol)
            U-B    Proper Dih.  Improper Dih.      CMAP Dih.          LJ-14
    7.41193e+03    8.04846e+03    4.20411e+02   -2.31162e+02    3.12890e+03
     Coulomb-14        LJ (SR)  Disper. corr.   Coulomb (SR)   Coul. recip.
    3.31943e+04    1.11168e+05   -4.02719e+03   -1.32234e+06    2.36495e+03
   COM Pull En.      Potential    Kinetic En.   Total Energy  Conserved En.
    3.85959e+00   -1.16086e+06    2.13183e+05   -9.47676e+05   -9.45861e+05
    Temperature Pres. DC (bar) Pressure (bar)   Constr. rmsd
    3.09941e+02   -8.21674e+01    1.03925e+02    3.40081e-05


DD  step 29999 load imb.: force  0.6%  pme mesh/force 0.648
           Step           Time
          30000       60.00000

   Energies (kJ/mol)
            U-B    Proper Dih.  Improper Dih.      CMAP Dih.          LJ-14
    7.42931e+03    8.09451e+03    4.27270e+02   -3.05784e+02    3.11372e+03
     Coulomb-14        LJ (SR)  Disper. corr.   Coulomb (SR)   Coul. recip.
    3.29707e+04    1.11146e+05   -4.02422e+03   -1.32269e+06    2.31939e+03
   COM Pull En.      Potential    Kinetic En.   Total Energy  Conserved En.
    2.54747e+00   -1.16152e+06    2.13769e+05   -9.47752e+05   -9.45913e+05
    Temperature Pres. DC (bar) Pressure (bar)   Constr. rmsd
    3.10793e+02   -8.20466e+01    8.43676e+00    3.62099e-05


DD  step 30999 load imb.: force  0.6%  pme mesh/force 0.669
           Step           Time
          31000       62.00000

   Energies (kJ/mol)
            U-B    Proper Dih.  Improper Dih.      CMAP Dih.          LJ-14
    7.34942e+03    8.06852e+03    4.36310e+02   -2.30986e+02    3.10061e+03
     Coulomb-14        LJ (SR)  Disper. corr.   Coulomb (SR)   Coul. recip.
    3.29807e+04    1.09959e+05   -4.02794e+03   -1.32053e+06    2.34750e+03
   COM Pull En.      Potential    Kinetic En.   Total Energy  Conserved En.
    3.42871e+00   -1.16054e+06    2.13312e+05   -9.47228e+05   -9.45918e+05
    Temperature Pres. DC (bar) Pressure (bar)   Constr. rmsd
    3.10129e+02   -8.21980e+01    6.04797e+00    3.52285e-05


DD  step 31999 load imb.: force  0.6%  pme mesh/force 0.661
           Step           Time
          32000       64.00000

   Energies (kJ/mol)
            U-B    Proper Dih.  Improper Dih.      CMAP Dih.          LJ-14
    7.33917e+03    7.97864e+03    3.73629e+02   -2.26914e+02    3.10013e+03
     Coulomb-14        LJ (SR)  Disper. corr.   Coulomb (SR)   Coul. recip.
    3.29370e+04    1.11303e+05   -4.02863e+03   -1.32147e+06    2.28355e+03
   COM Pull En.      Potential    Kinetic En.   Total Energy  Conserved En.
    9.04282e-01   -1.16041e+06    2.12881e+05   -9.47525e+05   -9.45980e+05
    Temperature Pres. DC (bar) Pressure (bar)   Constr. rmsd
    3.09501e+02   -8.22262e+01   -1.96983e+00    3.73996e-05


DD  step 32999 load imb.: force  0.6%  pme mesh/force 0.666
           Step           Time
          33000       66.00000

   Energies (kJ/mol)
            U-B    Proper Dih.  Improper Dih.      CMAP Dih.          LJ-14
    7.25704e+03    8.10167e+03    3.71964e+02   -2.31393e+02    3.13072e+03
     Coulomb-14        LJ (SR)  Disper. corr.   Coulomb (SR)   Coul. recip.
    3.31992e+04    1.10188e+05   -4.01816e+03   -1.32107e+06    2.34449e+03
   COM Pull En.      Potential    Kinetic En.   Total Energy  Conserved En.
    1.79609e+00   -1.16073e+06    2.13474e+05   -9.47255e+05   -9.46004e+05
    Temperature Pres. DC (bar) Pressure (bar)   Constr. rmsd
    3.10363e+02   -8.17995e+01   -4.76280e+01    3.56409e-05


DD  step 33999 load imb.: force  0.5%  pme mesh/force 0.672
           Step           Time
          34000       68.00000

   Energies (kJ/mol)
            U-B    Proper Dih.  Improper Dih.      CMAP Dih.          LJ-14
    7.31222e+03    8.14216e+03    4.41681e+02   -2.82170e+02    3.09233e+03
     Coulomb-14        LJ (SR)  Disper. corr.   Coulomb (SR)   Coul. recip.
    3.30305e+04    1.10751e+05   -4.02511e+03   -1.32142e+06    2.39910e+03
   COM Pull En.      Potential    Kinetic En.   Total Energy  Conserved En.
    7.17788e-01   -1.16055e+06    2.13218e+05   -9.47335e+05   -9.46052e+05
    Temperature Pres. DC (bar) Pressure (bar)   Constr. rmsd
    3.09991e+02   -8.20827e+01    1.44122e+01    3.49380e-05


DD  step 34999 load imb.: force  0.6%  pme mesh/force 0.670
           Step           Time
          35000       70.00000

   Energies (kJ/mol)
            U-B    Proper Dih.  Improper Dih.      CMAP Dih.          LJ-14
    7.68867e+03    8.05206e+03    3.95595e+02   -3.29020e+02    3.05247e+03
     Coulomb-14        LJ (SR)  Disper. corr.   Coulomb (SR)   Coul. recip.
    3.28977e+04    1.09839e+05   -4.02426e+03   -1.31983e+06    2.43884e+03
   COM Pull En.      Potential    Kinetic En.   Total Energy  Conserved En.
    8.45114e-03   -1.15982e+06    2.12623e+05   -9.47195e+05   -9.46060e+05
    Temperature Pres. DC (bar) Pressure (bar)   Constr. rmsd
    3.09127e+02   -8.20481e+01   -2.91318e+01    3.47798e-05


DD  step 35999 load imb.: force  0.5%  pme mesh/force 0.674
           Step           Time
          36000       72.00000

   Energies (kJ/mol)
            U-B    Proper Dih.  Improper Dih.      CMAP Dih.          LJ-14
    7.37303e+03    8.00046e+03    4.80184e+02   -2.46453e+02    3.10136e+03
     Coulomb-14        LJ (SR)  Disper. corr.   Coulomb (SR)   Coul. recip.
    3.28665e+04    1.09900e+05   -4.02772e+03   -1.32105e+06    2.39865e+03
   COM Pull En.      Potential    Kinetic En.   Total Energy  Conserved En.
    2.33876e-01   -1.16120e+06    2.13934e+05   -9.47270e+05   -9.46130e+05
    Temperature Pres. DC (bar) Pressure (bar)   Constr. rmsd
    3.11032e+02   -8.21893e+01   -4.11311e+01    3.50444e-05


DD  step 36999 load imb.: force  0.4%  pme mesh/force 0.656
           Step           Time
          37000       74.00000

   Energies (kJ/mol)
            U-B    Proper Dih.  Improper Dih.      CMAP Dih.          LJ-14
    7.24486e+03    8.05101e+03    3.92988e+02   -2.61627e+02    3.08953e+03
     Coulomb-14        LJ (SR)  Disper. corr.   Coulomb (SR)   Coul. recip.
    3.32013e+04    1.11449e+05   -4.02306e+03   -1.32194e+06    2.41300e+03
   COM Pull En.      Potential    Kinetic En.   Total Energy  Conserved En.
    6.28114e-01   -1.16038e+06    2.13202e+05   -9.47177e+05   -9.46152e+05
    Temperature Pres. DC (bar) Pressure (bar)   Constr. rmsd
    3.09969e+02   -8.19992e+01    3.54698e+01    3.48950e-05


DD  step 37999 load imb.: force  0.5%  pme mesh/force 0.663
           Step           Time
          38000       76.00000

   Energies (kJ/mol)
            U-B    Proper Dih.  Improper Dih.      CMAP Dih.          LJ-14
    7.55770e+03    8.08534e+03    3.99360e+02   -2.71742e+02    3.10461e+03
     Coulomb-14        LJ (SR)  Disper. corr.   Coulomb (SR)   Coul. recip.
    3.28679e+04    1.09990e+05   -4.02922e+03   -1.32094e+06    2.37581e+03
   COM Pull En.      Potential    Kinetic En.   Total Energy  Conserved En.
    2.35265e-01   -1.16086e+06    2.13536e+05   -9.47321e+05   -9.46194e+05
    Temperature Pres. DC (bar) Pressure (bar)   Constr. rmsd
    3.10454e+02   -8.22505e+01   -4.34887e+01    3.63659e-05


DD  step 38999 load imb.: force  0.5%  pme mesh/force 0.666
           Step           Time
          39000       78.00000

   Energies (kJ/mol)
            U-B    Proper Dih.  Improper Dih.      CMAP Dih.          LJ-14
    7.50178e+03    8.09285e+03    3.88176e+02   -2.68033e+02    3.02881e+03
     Coulomb-14        LJ (SR)  Disper. corr.   Coulomb (SR)   Coul. recip.
    3.29676e+04    1.11619e+05   -4.02640e+03   -1.32282e+06    2.40829e+03
   COM Pull En.      Potential    Kinetic En.   Total Energy  Conserved En.
    9.87457e-03   -1.16111e+06    2.13551e+05   -9.47558e+05   -9.46265e+05
    Temperature Pres. DC (bar) Pressure (bar)   Constr. rmsd
    3.10475e+02   -8.21354e+01   -1.85479e+00    3.70525e-05


DD  step 39999 load imb.: force  0.5%  pme mesh/force 0.664
           Step           Time
          40000       80.00000

   Energies (kJ/mol)
            U-B    Proper Dih.  Improper Dih.      CMAP Dih.          LJ-14
    7.30103e+03    8.08213e+03    4.29398e+02   -2.69163e+02    3.10471e+03
     Coulomb-14        LJ (SR)  Disper. corr.   Coulomb (SR)   Coul. recip.
    3.29544e+04    1.11527e+05   -4.02574e+03   -1.32222e+06    2.44969e+03
   COM Pull En.      Potential    Kinetic En.   Total Energy  Conserved En.
    6.62415e-01   -1.16066e+06    2.13616e+05   -9.47046e+05   -9.46323e+05
    Temperature Pres. DC (bar) Pressure (bar)   Constr. rmsd
    3.10570e+02   -8.21082e+01    1.31641e+02    3.41155e-05


DD  step 40999 load imb.: force  0.5%  pme mesh/force 0.683
           Step           Time
          41000       82.00000

   Energies (kJ/mol)
            U-B    Proper Dih.  Improper Dih.      CMAP Dih.          LJ-14
    7.43932e+03    8.02131e+03    4.05308e+02   -2.79948e+02    3.14035e+03
     Coulomb-14        LJ (SR)  Disper. corr.   Coulomb (SR)   Coul. recip.
    3.27818e+04    1.09652e+05   -4.02187e+03   -1.31967e+06    2.44631e+03
   COM Pull En.      Potential    Kinetic En.   Total Energy  Conserved En.
    4.86107e-01   -1.16008e+06    2.13399e+05   -9.46685e+05   -9.46324e+05
    Temperature Pres. DC (bar) Pressure (bar)   Constr. rmsd
    3.10255e+02   -8.19508e+01   -8.47818e+01    3.77306e-05


DD  step 41999 load imb.: force  0.5%  pme mesh/force 0.670
           Step           Time
          42000       84.00000

   Energies (kJ/mol)
            U-B    Proper Dih.  Improper Dih.      CMAP Dih.          LJ-14
    7.09634e+03    8.18928e+03    4.31723e+02   -2.47847e+02    3.11676e+03
     Coulomb-14        LJ (SR)  Disper. corr.   Coulomb (SR)   Coul. recip.
    3.28653e+04    1.11265e+05   -4.02617e+03   -1.32180e+06    2.43926e+03
   COM Pull En.      Potential    Kinetic En.   Total Energy  Conserved En.
    3.74885e-02   -1.16067e+06    2.13255e+05   -9.47414e+05   -9.46378e+05
    Temperature Pres. DC (bar) Pressure (bar)   Constr. rmsd
    3.10046e+02   -8.21259e+01    4.19647e+01    3.51823e-05


DD  step 42999 load imb.: force  0.5%  pme mesh/force 0.668
           Step           Time
          43000       86.00000

   Energies (kJ/mol)
            U-B    Proper Dih.  Improper Dih.      CMAP Dih.          LJ-14
    7.55620e+03    8.10468e+03    4.25077e+02   -2.32907e+02    3.06952e+03
     Coulomb-14        LJ (SR)  Disper. corr.   Coulomb (SR)   Coul. recip.
    3.29382e+04    1.09113e+05   -4.02615e+03   -1.31930e+06    2.45870e+03
   COM Pull En.      Potential    Kinetic En.   Total Energy  Conserved En.
    1.42858e-01   -1.15989e+06    2.12368e+05   -9.47522e+05   -9.46370e+05
    Temperature Pres. DC (bar) Pressure (bar)   Constr. rmsd
    3.08757e+02   -8.21250e+01   -1.32027e+02    3.72559e-05


DD  step 43999 load imb.: force  0.5%  pme mesh/force 0.671
           Step           Time
          44000       88.00000

   Energies (kJ/mol)
            U-B    Proper Dih.  Improper Dih.      CMAP Dih.          LJ-14
    7.16117e+03    8.05632e+03    4.32776e+02   -2.47395e+02    3.08691e+03
     Coulomb-14        LJ (SR)  Disper. corr.   Coulomb (SR)   Coul. recip.
    3.29184e+04    1.09841e+05   -4.02630e+03   -1.31945e+06    2.38862e+03
   COM Pull En.      Potential    Kinetic En.   Total Energy  Conserved En.
    5.74429e-02   -1.15984e+06    2.12502e+05   -9.47336e+05   -9.46431e+05
    Temperature Pres. DC (bar) Pressure (bar)   Constr. rmsd
    3.08950e+02   -8.21312e+01   -1.19226e+01    3.52287e-05


DD  step 44999 load imb.: force  0.5%  pme mesh/force 0.670
           Step           Time
          45000       90.00000

   Energies (kJ/mol)
            U-B    Proper Dih.  Improper Dih.      CMAP Dih.          LJ-14
    7.29452e+03    8.10943e+03    4.17000e+02   -2.69505e+02    3.13601e+03
     Coulomb-14        LJ (SR)  Disper. corr.   Coulomb (SR)   Coul. recip.
    3.31411e+04    1.10811e+05   -4.02023e+03   -1.32080e+06    2.44055e+03
   COM Pull En.      Potential    Kinetic En.   Total Energy  Conserved En.
    3.18882e+00   -1.15974e+06    2.12845e+05   -9.46895e+05   -9.46469e+05
    Temperature Pres. DC (bar) Pressure (bar)   Constr. rmsd
    3.09450e+02   -8.18840e+01    3.49028e+01    3.55576e-05


DD  step 45999 load imb.: force  0.4%  pme mesh/force 0.674
           Step           Time
          46000       92.00000

   Energies (kJ/mol)
            U-B    Proper Dih.  Improper Dih.      CMAP Dih.          LJ-14
    7.43341e+03    8.14840e+03    5.01734e+02   -1.76189e+02    3.00051e+03
     Coulomb-14        LJ (SR)  Disper. corr.   Coulomb (SR)   Coul. recip.
    3.29153e+04    1.11474e+05   -4.01958e+03   -1.32184e+06    2.48431e+03
   COM Pull En.      Potential    Kinetic En.   Total Energy  Conserved En.
    1.33862e+00   -1.16008e+06    2.13000e+05   -9.47076e+05   -9.46502e+05
    Temperature Pres. DC (bar) Pressure (bar)   Constr. rmsd
    3.09674e+02   -8.18574e+01    6.21152e+01    3.52095e-05


DD  step 46999 load imb.: force  0.5%  pme mesh/force 0.672
           Step           Time
          47000       94.00000

   Energies (kJ/mol)
            U-B    Proper Dih.  Improper Dih.      CMAP Dih.          LJ-14
    7.15251e+03    8.11475e+03    4.28856e+02   -1.92532e+02    3.08603e+03
     Coulomb-14        LJ (SR)  Disper. corr.   Coulomb (SR)   Coul. recip.
    3.30352e+04    1.10249e+05   -4.02005e+03   -1.32144e+06    2.44629e+03
   COM Pull En.      Potential    Kinetic En.   Total Energy  Conserved En.
    2.21383e-02   -1.16114e+06    2.13857e+05   -9.47283e+05   -9.46577e+05
    Temperature Pres. DC (bar) Pressure (bar)   Constr. rmsd
    3.10921e+02   -8.18765e+01   -2.06135e+01    3.46910e-05


DD  step 47999 load imb.: force  0.5%  pme mesh/force 0.676
           Step           Time
          48000       96.00000

   Energies (kJ/mol)
            U-B    Proper Dih.  Improper Dih.      CMAP Dih.          LJ-14
    7.24946e+03    8.14272e+03    4.37455e+02   -2.81186e+02    3.06792e+03
     Coulomb-14        LJ (SR)  Disper. corr.   Coulomb (SR)   Coul. recip.
    3.29998e+04    1.11492e+05   -4.02409e+03   -1.32197e+06    2.40969e+03
   COM Pull En.      Potential    Kinetic En.   Total Energy  Conserved En.
    1.98108e+00   -1.16048e+06    2.13006e+05   -9.47473e+05   -9.46600e+05
    Temperature Pres. DC (bar) Pressure (bar)   Constr. rmsd
    3.09683e+02   -8.20410e+01    7.82808e+01    3.69030e-05


DD  step 48999 load imb.: force  0.5%  pme mesh/force 0.679
           Step           Time
          49000       98.00000

   Energies (kJ/mol)
            U-B    Proper Dih.  Improper Dih.      CMAP Dih.          LJ-14
    7.12450e+03    8.05596e+03    3.95557e+02   -2.50179e+02    3.13046e+03
     Coulomb-14        LJ (SR)  Disper. corr.   Coulomb (SR)   Coul. recip.
    3.30515e+04    1.09845e+05   -4.02494e+03   -1.32103e+06    2.44161e+03
   COM Pull En.      Potential    Kinetic En.   Total Energy  Conserved En.
    1.11000e+00   -1.16125e+06    2.13954e+05   -9.47301e+05   -9.46663e+05
    Temperature Pres. DC (bar) Pressure (bar)   Constr. rmsd
    3.11061e+02   -8.20758e+01    1.59827e+00    3.41401e-05


DD  step 49999 load imb.: force  0.5%  pme mesh/force 0.683
           Step           Time
          50000      100.00000

Writing checkpoint, step 50000 at Tue Dec 31 00:11:33 2024


   Energies (kJ/mol)
            U-B    Proper Dih.  Improper Dih.      CMAP Dih.          LJ-14
    7.11929e+03    8.08471e+03    4.04979e+02   -2.53345e+02    3.02654e+03
     Coulomb-14        LJ (SR)  Disper. corr.   Coulomb (SR)   Coul. recip.
    3.30383e+04    1.10437e+05   -4.02307e+03   -1.32068e+06    2.40711e+03
   COM Pull En.      Potential    Kinetic En.   Total Energy  Conserved En.
    1.62373e+00   -1.16044e+06    2.13216e+05   -9.47220e+05   -9.46676e+05
    Temperature Pres. DC (bar) Pressure (bar)   Constr. rmsd
    3.09989e+02   -8.19994e+01   -7.23393e+01    3.66540e-05


Energy conservation over simulation part #1 of length 100 ns, time 0 to 100 ns
  Conserved energy drift: -2.33e-04 kJ/mol/ps per atom


	<======  ###############  ==>
	<====  A V E R A G E S  ====>
	<==  ###############  ======>

	Statistics over 50001 steps using 501 frames

   Energies (kJ/mol)
            U-B    Proper Dih.  Improper Dih.      CMAP Dih.          LJ-14
    7.34400e+03    8.07596e+03    4.27215e+02   -2.40383e+02    3.10066e+03
     Coulomb-14        LJ (SR)  Disper. corr.   Coulomb (SR)   Coul. recip.
    3.29853e+04    1.10551e+05   -4.02292e+03   -1.32116e+06    2.40048e+03
   COM Pull En.      Potential    Kinetic En.   Total Energy  Conserved En.
    2.65209e+00   -1.16054e+06    2.13289e+05   -9.47248e+05   -9.45698e+05
    Temperature Pres. DC (bar) Pressure (bar)   Constr. rmsd
    3.10096e+02   -8.19933e+01   -1.01768e+00    0.00000e+00

          Box-X          Box-Y          Box-Z
    6.81828e+00    6.81828e+00    1.75327e+01

   Total Virial (kJ/mol)
    7.10927e+04    6.36977e+01    8.57304e+01
    6.35949e+01    7.11028e+04    7.57393e+01
    8.53985e+01    7.57279e+01    7.11685e+04

   Pressure (bar)
   -1.05692e+00   -1.70404e+00   -2.69912e+00
   -1.69985e+00   -1.25406e-01   -1.94923e+00
   -2.68559e+00   -1.94877e+00   -1.87070e+00

      T-Protein  T-non-Protein
    3.10054e+02    3.10097e+02


	M E G A - F L O P S   A C C O U N T I N G

 NB=Group-cutoff nonbonded kernels    NxN=N-by-N cluster Verlet kernels
 RF=Reaction-Field  VdW=Van der Waals  QSTab=quadratic-spline table
 W3=SPC/TIP3p  W4=TIP4p (single or pairs)
 V&F=Potential and force  V=Potential only  F=Force only

 Computing:                               M-Number         M-Flops  % Flops
-----------------------------------------------------------------------------
 Pair Search distance check           30987.066006      278883.594     0.1
 NxN Ewald Elec. + LJ [F]           5498544.211776   362903917.977    94.2
 NxN Ewald Elec. + LJ [V&F]           55652.062496     5954770.687     1.5
 NxN LJ [F]                              29.342016         968.287     0.0
 NxN LJ [V&F]                             0.296384          12.745     0.0
 NxN Ewald Elec. [F]                  63953.182656     3901144.142     1.0
 NxN Ewald Elec. [V&F]                  647.245024       54368.582     0.0
 1,4 nonbonded interactions             405.608112       36504.730     0.0
 Calc Weights                         12400.598007      446421.528     0.1
 Spread Q Bspline                    264546.090816      529092.182     0.1
 Gather F Bspline                    264546.090816     1587276.545     0.4
 3D-FFT                             1102238.844336     8817910.755     2.3
 Solve PME                              180.003600       11520.230     0.0
 Reset In Box                            41.417169         124.252     0.0
 CG-CoM                                  41.499838         124.500     0.0
 Propers                                402.358047       92139.993     0.0
 Impropers                               24.150483        5023.300     0.0
 Virial                                 417.028389        7506.511     0.0
 Stop-CM                                 41.499838         414.998     0.0
 P-Coupling                             413.427669        2480.566     0.0
 Calc-Ekin                              826.855338       22325.094     0.0
 Lincs                                  250.435657       15026.139     0.0
 Lincs-Mat                             5396.722176       21586.889     0.0
 Constraint-V                          4747.837681       42730.539     0.0
 Constraint-Vir                         449.812569       10795.502     0.0
 Settle                                1415.687082      523804.220     0.1
 CMAP                                     9.200184       15640.313     0.0
 Urey-Bradley                           281.705634       51552.131     0.0
-----------------------------------------------------------------------------
 Total                                               385334066.930   100.0
-----------------------------------------------------------------------------


    D O M A I N   D E C O M P O S I T I O N   S T A T I S T I C S

 av. #atoms communicated per step for force:  2 x 123994.9
 av. #atoms communicated per step for LINCS:  2 x 7486.3


Dynamic load balancing report:
 DLB was off during the run due to low measured imbalance.
 Average load imbalance: 0.6%.
 The balanceable part of the MD step is 91%, load imbalance is computed from this.
 Part of the total run time spent waiting due to load imbalance: 0.5%.
 Average PME mesh/force load: 0.729
 Part of the total run time spent waiting due to PP/PME imbalance: 4.9 %


     R E A L   C Y C L E   A N D   T I M E   A C C O U N T I N G

On 16 MPI ranks doing PP, and
on 4 MPI ranks doing PME

 Computing:          Num   Num      Call    Wall time         Giga-Cycles
                     Ranks Threads  Count      (s)         total sum    %
-----------------------------------------------------------------------------
 Domain decomp.        16    1        501       1.774         64.989   0.3
 DD comm. load         16    1         52       0.001          0.036   0.0
 Send X to PME         16    1      50001       2.158         79.087   0.4
 Neighbor search       16    1        501       7.006        256.730   1.2
 Comm. coord.          16    1      49500       7.003        256.608   1.2
 Force                 16    1      50001     377.747      13841.546  65.7
 Wait + Comm. F        16    1      50001       5.685        208.316   1.0
 PME mesh *             4    1      50001     299.428       2742.942  13.0
 PME wait for PP *                            160.273       1468.198   7.0
 Wait + Recv. PME F    16    1      50001       7.110        260.511   1.2
 NB X/F buffer ops.    16    1     149001       4.248        155.665   0.7
 COM pull force        16    1      50001      30.624       1122.128   5.3
 Write traj.           16    1         11       0.068          2.491   0.0
 Update                16    1      50001       1.951         71.475   0.3
 Constraints           16    1      50003      12.761        467.583   2.2
 Comm. energies        16    1       5001       0.449         16.470   0.1
 Rest                                           1.123         41.162   0.2
-----------------------------------------------------------------------------
 Total                                        459.708      21055.999 100.0
-----------------------------------------------------------------------------
(*) Note that with separate PME ranks, the walltime column actually sums to
    twice the total reported, but the cycle count total and % are correct.
-----------------------------------------------------------------------------
 Breakdown of PME mesh computation
-----------------------------------------------------------------------------
 PME redist. X/F        4    1     100002      17.688        162.031   0.8
 PME spread             4    1      50001      72.241        661.768   3.1
 PME gather             4    1      50001      65.152        596.831   2.8
 PME 3D-FFT             4    1     100002     103.454        947.704   4.5
 PME 3D-FFT Comm.       4    1     100002      23.945        219.347   1.0
 PME solve Elec         4    1      50001      16.791        153.820   0.7
-----------------------------------------------------------------------------

               Core t (s)   Wall t (s)        (%)
       Time:     9193.968      459.708     2000.0
                 (ns/day)    (hour/ns)
Performance:       18.795        1.277
Finished mdrun on rank 0 Tue Dec 31 00:11:33 2024

