                      :-) GROMACS - gmx mdrun, 2021.4 (-:

                            GROMACS is written by:
     Andrey Alekseenko              Emile Apol              Rossen Apostolov     
         Paul Bauer           Herman J.C. Berendsen           Par Bjelkmar       
       Christian Blau           Viacheslav Bolnykh             Kevin Boyd        
     Aldert van Buuren           Rudi van Drunen             Anton Feenstra      
    Gilles Gouaillardet             Alan Gray               Gerrit Groenhof      
       Anca Hamuraru            Vincent Hindriksen          M. Eric Irrgang      
      Aleksei Iupinov           Christoph Junghans             Joe Jordan        
    Dimitrios Karkoulis            Peter Kasson                Jiri Kraus        
      Carsten Kutzner              Per Larsson              Justin A. Lemkul     
       Viveca Lindahl            Magnus Lundborg             Erik Marklund       
        Pascal Merz             Pieter Meulenhoff            Teemu Murtola       
        Szilard Pall               Sander Pronk              Roland Schulz       
       Michael Shirts            Alexey Shvetsov             Alfons Sijbers      
       Peter Tieleman              Jon Vincent              Teemu Virolainen     
     Christian Wennberg            Maarten Wolf              Artem Zhmurov       
                           and the project leaders:
        Mark Abraham, Berk Hess, Erik Lindahl, and David van der Spoel

Copyright (c) 1991-2000, University of Groningen, The Netherlands.
Copyright (c) 2001-2019, The GROMACS development team at
Uppsala University, Stockholm University and
the Royal Institute of Technology, Sweden.
check out http://www.gromacs.org for more information.

GROMACS is free software; you can redistribute it and/or modify it
under the terms of the GNU Lesser General Public License
as published by the Free Software Foundation; either version 2.1
of the License, or (at your option) any later version.

GROMACS:      gmx mdrun, version 2021.4
Executable:   /apps/gromacs-2021.4/bin/gmx_mpi
Data prefix:  /apps/gromacs-2021.4
Working dir:  /home/giacomo.marcon/toCluster/simulations/sim_150
Process ID:   20574
Command line:
  gmx_mpi mdrun -s ./equil.tpr -maxh 5.95 -deffnm equil

GROMACS version:    2021.4
Precision:          mixed
Memory model:       64 bit
MPI library:        MPI
OpenMP support:     enabled (GMX_OPENMP_MAX_THREADS = 64)
GPU support:        CUDA
SIMD instructions:  AVX_512
FFT library:        fftw-3.3.8-sse2-avx-avx2-avx2_128-avx512
RDTSCP usage:       enabled
TNG support:        enabled
Hwloc support:      disabled
Tracing support:    disabled
C compiler:         /apps/gcc-9.1.0/local/bin/gcc-9.1.0 GNU 9.1.0
C compiler flags:   -mavx512f -mfma -pthread -Wno-missing-field-initializers -fexcess-precision=fast -funroll-all-loops -O3 -DNDEBUG
C++ compiler:       /apps/gcc-9.1.0/local/bin/g++-9.1.0 GNU 9.1.0
C++ compiler flags: -mavx512f -mfma -pthread -Wno-missing-field-initializers -fexcess-precision=fast -funroll-all-loops -fopenmp -O3 -DNDEBUG
CUDA compiler:      /apps/cuda-11.1/bin/nvcc nvcc: NVIDIA (R) Cuda compiler driver;Copyright (c) 2005-2020 NVIDIA Corporation;Built on Mon_Oct_12_20:09:46_PDT_2020;Cuda compilation tools, release 11.1, V11.1.105;Build cuda_11.1.TC455_06.29190527_0
CUDA compiler flags:-std=c++17;-gencode;arch=compute_35,code=sm_35;-gencode;arch=compute_37,code=sm_37;-gencode;arch=compute_50,code=sm_50;-gencode;arch=compute_52,code=sm_52;-gencode;arch=compute_60,code=sm_60;-gencode;arch=compute_61,code=sm_61;-gencode;arch=compute_70,code=sm_70;-gencode;arch=compute_75,code=sm_75;-gencode;arch=compute_80,code=sm_80;-Wno-deprecated-gpu-targets;-gencode;arch=compute_86,code=sm_86;-gencode;arch=compute_35,code=compute_35;-gencode;arch=compute_53,code=compute_53;-gencode;arch=compute_80,code=compute_80;-use_fast_math;;-mavx512f -mfma -pthread -Wno-missing-field-initializers -fexcess-precision=fast -funroll-all-loops -fopenmp -O3 -DNDEBUG
CUDA driver:        0.0
CUDA runtime:       N/A


Running on 1 node with total 72 cores, 72 logical cores (GPU detection failed)
Hardware detected on host hpc-c04-node03.unitn.it (the node of MPI rank 0):
  CPU info:
    Vendor: Intel
    Brand:  Intel(R) Xeon(R) Gold 5220 CPU @ 2.20GHz
    Family: 6   Model: 85   Stepping: 7
    Features: aes apic avx avx2 avx512f avx512cd avx512bw avx512vl clfsh cmov cx8 cx16 f16c fma hle htt intel lahf mmx msr nonstop_tsc pcid pclmuldq pdcm pdpe1gb popcnt pse rdrnd rdtscp rtm sse2 sse3 sse4.1 sse4.2 ssse3 tdt x2apic
    Number of AVX-512 FMA units: 1 (AVX2 is faster w/o 2 AVX-512 FMA units)
  Hardware topology: Basic
    Sockets, cores, and logical processors:
      Socket  0: [   0] [   1] [   2] [   3] [   4] [   5] [   6] [   7] [   8] [   9] [  10] [  11] [  12] [  13] [  14] [  15] [  16] [  17]
      Socket  1: [  18] [  19] [  20] [  21] [  22] [  23] [  24] [  25] [  26] [  27] [  28] [  29] [  30] [  31] [  32] [  33] [  34] [  35]
      Socket  2: [  36] [  37] [  38] [  39] [  40] [  41] [  42] [  43] [  44] [  45] [  46] [  47] [  48] [  49] [  50] [  51] [  52] [  53]
      Socket  3: [  54] [  55] [  56] [  57] [  58] [  59] [  60] [  61] [  62] [  63] [  64] [  65] [  66] [  67] [  68] [  69] [  70] [  71]

Highest SIMD level supported by all nodes in run: AVX2_256
SIMD instructions selected at compile time:       AVX_512
This program was compiled for different hardware than you are running on,
which could influence performance.This host supports AVX-512, but since it
only has 1 AVX-512FMA unit, it would be faster to use AVX2 instead.

++++ PLEASE READ AND CITE THE FOLLOWING REFERENCE ++++
M. J. Abraham, T. Murtola, R. Schulz, S. Páll, J. C. Smith, B. Hess, E.
Lindahl
GROMACS: High performance molecular simulations through multi-level
parallelism from laptops to supercomputers
SoftwareX 1 (2015) pp. 19-25
-------- -------- --- Thank You --- -------- --------


++++ PLEASE READ AND CITE THE FOLLOWING REFERENCE ++++
S. Páll, M. J. Abraham, C. Kutzner, B. Hess, E. Lindahl
Tackling Exascale Software Challenges in Molecular Dynamics Simulations with
GROMACS
In S. Markidis & E. Laure (Eds.), Solving Software Challenges for Exascale 8759 (2015) pp. 3-27
-------- -------- --- Thank You --- -------- --------


++++ PLEASE READ AND CITE THE FOLLOWING REFERENCE ++++
S. Pronk, S. Páll, R. Schulz, P. Larsson, P. Bjelkmar, R. Apostolov, M. R.
Shirts, J. C. Smith, P. M. Kasson, D. van der Spoel, B. Hess, and E. Lindahl
GROMACS 4.5: a high-throughput and highly parallel open source molecular
simulation toolkit
Bioinformatics 29 (2013) pp. 845-54
-------- -------- --- Thank You --- -------- --------


++++ PLEASE READ AND CITE THE FOLLOWING REFERENCE ++++
B. Hess and C. Kutzner and D. van der Spoel and E. Lindahl
GROMACS 4: Algorithms for highly efficient, load-balanced, and scalable
molecular simulation
J. Chem. Theory Comput. 4 (2008) pp. 435-447
-------- -------- --- Thank You --- -------- --------


++++ PLEASE READ AND CITE THE FOLLOWING REFERENCE ++++
D. van der Spoel, E. Lindahl, B. Hess, G. Groenhof, A. E. Mark and H. J. C.
Berendsen
GROMACS: Fast, Flexible and Free
J. Comp. Chem. 26 (2005) pp. 1701-1719
-------- -------- --- Thank You --- -------- --------


++++ PLEASE READ AND CITE THE FOLLOWING REFERENCE ++++
E. Lindahl and B. Hess and D. van der Spoel
GROMACS 3.0: A package for molecular simulation and trajectory analysis
J. Mol. Mod. 7 (2001) pp. 306-317
-------- -------- --- Thank You --- -------- --------


++++ PLEASE READ AND CITE THE FOLLOWING REFERENCE ++++
H. J. C. Berendsen, D. van der Spoel and R. van Drunen
GROMACS: A message-passing parallel molecular dynamics implementation
Comp. Phys. Comm. 91 (1995) pp. 43-56
-------- -------- --- Thank You --- -------- --------


++++ PLEASE CITE THE DOI FOR THIS VERSION OF GROMACS ++++
https://doi.org/10.5281/zenodo.5636567
-------- -------- --- Thank You --- -------- --------


The number of OpenMP threads was set by environment variable OMP_NUM_THREADS to 1

Input Parameters:
   integrator                     = md
   tinit                          = 0
   dt                             = 0.002
   nsteps                         = 50000
   init-step                      = 0
   simulation-part                = 1
   mts                            = false
   comm-mode                      = Linear
   nstcomm                        = 100
   bd-fric                        = 0
   ld-seed                        = 2144956287
   emtol                          = 10
   emstep                         = 0.01
   niter                          = 20
   fcstep                         = 0
   nstcgsteep                     = 1000
   nbfgscorr                      = 10
   rtpi                           = 0.05
   nstxout                        = 0
   nstvout                        = 5000
   nstfout                        = 5000
   nstlog                         = 1000
   nstcalcenergy                  = 100
   nstenergy                      = 5000
   nstxout-compressed             = 5000
   compressed-x-precision         = 1000
   cutoff-scheme                  = Verlet
   nstlist                        = 20
   pbc                            = xyz
   periodic-molecules             = false
   verlet-buffer-tolerance        = 0.005
   rlist                          = 1.422
   coulombtype                    = PME
   coulomb-modifier               = Potential-shift
   rcoulomb-switch                = 0
   rcoulomb                       = 1.4
   epsilon-r                      = 1
   epsilon-rf                     = inf
   vdw-type                       = Cut-off
   vdw-modifier                   = Potential-shift
   rvdw-switch                    = 0
   rvdw                           = 1.4
   DispCorr                       = EnerPres
   table-extension                = 1
   fourierspacing                 = 0.12
   fourier-nx                     = 60
   fourier-ny                     = 60
   fourier-nz                     = 160
   pme-order                      = 4
   ewald-rtol                     = 1e-05
   ewald-rtol-lj                  = 0.001
   lj-pme-comb-rule               = Geometric
   ewald-geometry                 = 0
   epsilon-surface                = 0
   tcoupl                         = Berendsen
   nsttcouple                     = 10
   nh-chain-length                = 0
   print-nose-hoover-chain-variables = false
   pcoupl                         = Berendsen
   pcoupltype                     = Isotropic
   nstpcouple                     = 10
   tau-p                          = 1
   compressibility (3x3):
      compressibility[    0]={ 4.50000e-05,  0.00000e+00,  0.00000e+00}
      compressibility[    1]={ 0.00000e+00,  4.50000e-05,  0.00000e+00}
      compressibility[    2]={ 0.00000e+00,  0.00000e+00,  4.50000e-05}
   ref-p (3x3):
      ref-p[    0]={ 1.00000e+00,  0.00000e+00,  0.00000e+00}
      ref-p[    1]={ 0.00000e+00,  1.00000e+00,  0.00000e+00}
      ref-p[    2]={ 0.00000e+00,  0.00000e+00,  1.00000e+00}
   refcoord-scaling               = COM
   posres-com (3):
      posres-com[0]= 0.00000e+00
      posres-com[1]= 0.00000e+00
      posres-com[2]= 0.00000e+00
   posres-comB (3):
      posres-comB[0]= 0.00000e+00
      posres-comB[1]= 0.00000e+00
      posres-comB[2]= 0.00000e+00
   QMMM                           = false
qm-opts:
   ngQM                           = 0
   constraint-algorithm           = Lincs
   continuation                   = false
   Shake-SOR                      = false
   shake-tol                      = 0.0001
   lincs-order                    = 4
   lincs-iter                     = 1
   lincs-warnangle                = 30
   nwall                          = 0
   wall-type                      = 9-3
   wall-r-linpot                  = -1
   wall-atomtype[0]               = -1
   wall-atomtype[1]               = -1
   wall-density[0]                = 0
   wall-density[1]                = 0
   wall-ewald-zfac                = 3
   pull                           = true
   pull-cylinder-r                = 1.5
   pull-constr-tol                = 1e-06
   pull-print-COM                 = false
   pull-print-ref-value           = false
   pull-print-components          = false
   pull-nstxout                   = 50
   pull-nstfout                   = 50
   pull-pbc-ref-prev-step-com     = false
   pull-xout-average              = false
   pull-fout-average              = false
   pull-ngroups                   = 3
   pull-group 0:
     atom: not available
     weight: not available
     pbcatom                        = -1
   pull-group 1:
     atom (3015):
        atom[0,...,3014] = {0,...,3014}
     weight: not available
     pbcatom                        = 1507
   pull-group 2:
     atom (53):
        atom[0,...,52] = {3015,...,3067}
     weight: not available
     pbcatom                        = 3041
   pull-ncoords                   = 1
   pull-coord 0:
   type                           = umbrella
   geometry                       = distance
   group[0]                       = 1
   group[1]                       = 2
   dim (3):
      dim[0]=0
      dim[1]=0
      dim[2]=1
   origin (3):
      origin[0]= 0.00000e+00
      origin[1]= 0.00000e+00
      origin[2]= 0.00000e+00
   vec (3):
      vec[0]= 0.00000e+00
      vec[1]= 0.00000e+00
      vec[2]= 0.00000e+00
   start                          = true
   init                           = 1.71744
   rate                           = 0
   k                              = 1000
   kB                             = 1000
   awh                            = false
   rotation                       = false
   interactiveMD                  = false
   disre                          = No
   disre-weighting                = Conservative
   disre-mixed                    = false
   dr-fc                          = 1000
   dr-tau                         = 0
   nstdisreout                    = 100
   orire-fc                       = 0
   orire-tau                      = 0
   nstorireout                    = 100
   free-energy                    = no
   cos-acceleration               = 0
   deform (3x3):
      deform[    0]={ 0.00000e+00,  0.00000e+00,  0.00000e+00}
      deform[    1]={ 0.00000e+00,  0.00000e+00,  0.00000e+00}
      deform[    2]={ 0.00000e+00,  0.00000e+00,  0.00000e+00}
   simulated-tempering            = false
   swapcoords                     = no
   userint1                       = 0
   userint2                       = 0
   userint3                       = 0
   userint4                       = 0
   userreal1                      = 0
   userreal2                      = 0
   userreal3                      = 0
   userreal4                      = 0
   applied-forces:
     electric-field:
       x:
         E0                       = 0
         omega                    = 0
         t0                       = 0
         sigma                    = 0
       y:
         E0                       = 0
         omega                    = 0
         t0                       = 0
         sigma                    = 0
       z:
         E0                       = 0
         omega                    = 0
         t0                       = 0
         sigma                    = 0
     density-guided-simulation:
       active                     = false
       group                      = protein
       similarity-measure         = inner-product
       atom-spreading-weight      = unity
       force-constant             = 1e+09
       gaussian-transform-spreading-width = 0.2
       gaussian-transform-spreading-range-in-multiples-of-width = 4
       reference-density-filename = reference.mrc
       nst                        = 1
       normalize-densities        = true
       adaptive-force-scaling     = false
       adaptive-force-scaling-time-constant = 4
       shift-vector               = 
       transformation-matrix      = 
grpopts:
   nrdf:     5995.89      159455
   ref-t:         310         310
   tau-t:         0.5         0.5
annealing:          No          No
annealing-npoints:           0           0
   acc:	           0           0           0
   nfreeze:           N           N           N
   energygrp-flags[  0]: 0

Changing nstlist from 20 to 100, rlist from 1.422 to 1.537


Initializing Domain Decomposition on 20 ranks
Dynamic load balancing: auto
Minimum cell size due to atom displacement: 0.757 nm
Initial maximum distances in bonded interactions:
    two-body bonded interactions: 0.423 nm, LJ-14, atoms 1771 1779
  multi-body bonded interactions: 0.477 nm, CMAP Dih., atoms 225 234
Minimum cell size due to bonded interactions: 0.525 nm
Maximum distance for 5 constraints, at 120 deg. angles, all-trans: 0.819 nm
Estimated maximum distance required for P-LINCS: 0.819 nm
This distance will limit the DD cell size, you can override this with -rcon
Scaling the initial minimum size with 1/0.8 (option -dds) = 1.25
Guess for relative PME load: 0.14
Will use 16 particle-particle and 4 PME only ranks
This is a guess, check the performance at the end of the log file
Using 4 separate PME ranks, as guessed by mdrun
Optimizing the DD grid for 16 cells with a minimum initial size of 1.024 nm
The maximum allowed number of cells is: X 6 Y 6 Z 17
Domain decomposition grid 4 x 1 x 4, separate PME ranks 4
PME domain decomposition: 4 x 1 x 1
Interleaving PP and PME ranks
This rank does only particle-particle work.
Domain decomposition rank 0, coordinates 0 0 0

The initial number of communication pulses is: X 1 Z 1
The initial domain decomposition cell size is: X 1.71 nm Z 4.39 nm

The maximum allowed distance for atoms involved in interactions is:
                 non-bonded interactions           1.537 nm
(the following are initial values, they could change due to box deformation)
            two-body bonded interactions  (-rdd)   1.537 nm
          multi-body bonded interactions  (-rdd)   1.537 nm
  atoms separated by up to 5 constraints  (-rcon)  1.706 nm

When dynamic load balancing gets turned on, these settings will change to:
The maximum number of communication pulses is: X 2 Z 2
The minimum size for domain decomposition cells is 1.115 nm
The requested allowed shrink of DD cells (option -dds) is: 0.80
The allowed shrink of domain decomposition cells is: X 0.65 Z 0.25
The maximum allowed distance for atoms involved in interactions is:
                 non-bonded interactions           1.537 nm
            two-body bonded interactions  (-rdd)   1.537 nm
          multi-body bonded interactions  (-rdd)   1.115 nm
  atoms separated by up to 5 constraints  (-rcon)  1.115 nm

Using 20 MPI processes

Non-default thread affinity set, disabling internal thread affinity

Using 1 OpenMP thread per MPI process

System total charge: 0.000
Will do PME sum in reciprocal space for electrostatic interactions.

++++ PLEASE READ AND CITE THE FOLLOWING REFERENCE ++++
U. Essmann, L. Perera, M. L. Berkowitz, T. Darden, H. Lee and L. G. Pedersen 
A smooth particle mesh Ewald method
J. Chem. Phys. 103 (1995) pp. 8577-8592
-------- -------- --- Thank You --- -------- --------

Using a Gaussian width (1/beta) of 0.448228 nm for Ewald
Potential shift: LJ r^-12: -1.764e-02 r^-6: -1.328e-01, Ewald -7.143e-06
Initialized non-bonded Ewald tables, spacing: 1.10e-03 size: 1270

Generated table with 1268 data points for 1-4 COUL.
Tabscale = 500 points/nm
Generated table with 1268 data points for 1-4 LJ6.
Tabscale = 500 points/nm
Generated table with 1268 data points for 1-4 LJ12.
Tabscale = 500 points/nm
Long Range LJ corr.: <C6> 3.1444e-04


Using SIMD 4x8 nonbonded short-range kernels

Using a dual 4x8 pair-list setup updated with dynamic pruning:
  outer list: updated every 100 steps, buffer 0.137 nm, rlist 1.537 nm
  inner list: updated every  13 steps, buffer 0.002 nm, rlist 1.402 nm
At tolerance 0.005 kJ/mol/ps per atom, equivalent classical 1x1 list would be:
  outer list: updated every 100 steps, buffer 0.292 nm, rlist 1.692 nm
  inner list: updated every  13 steps, buffer 0.053 nm, rlist 1.453 nm

Using full Lennard-Jones parameter combination matrix
Removing pbc first time

Will apply potential COM pulling
with 1 pull coordinate and 2 groups
Pull group 1:  3015 atoms, mass 21331.701
Pull group 2:    53 atoms, mass   452.433

Initializing Parallel LINear Constraint Solver

++++ PLEASE READ AND CITE THE FOLLOWING REFERENCE ++++
B. Hess
P-LINCS: A Parallel Linear Constraint Solver for molecular simulation
J. Chem. Theory Comput. 4 (2008) pp. 116-122
-------- -------- --- Thank You --- -------- --------

The number of constraints is 3104
There are constraints between atoms in different decomposition domains,
will communicate selected coordinates each lincs iteration

++++ PLEASE READ AND CITE THE FOLLOWING REFERENCE ++++
S. Miyamoto and P. A. Kollman
SETTLE: An Analytical Version of the SHAKE and RATTLE Algorithms for Rigid
Water Models
J. Comp. Chem. 13 (1992) pp. 952-962
-------- -------- --- Thank You --- -------- --------


Linking all bonded interactions to atoms


Intra-simulation communication will occur every 10 steps.

++++ PLEASE READ AND CITE THE FOLLOWING REFERENCE ++++
H. J. C. Berendsen, J. P. M. Postma, A. DiNola and J. R. Haak
Molecular dynamics with coupling to an external bath
J. Chem. Phys. 81 (1984) pp. 3684-3690
-------- -------- --- Thank You --- -------- --------

There are: 82669 Atoms
Atom distribution over 16 domains: av 5166 stddev 105 min 5064 max 5250

Constraining the starting coordinates (step 0)

Constraining the coordinates at t0-dt (step 0)
Center of mass motion removal mode is Linear
We have the following groups for center of mass motion removal:
  0:  rest
RMS relative constraint deviation after constraining: 0.00e+00
Initial temperature: 310.324 K

Started mdrun on rank 0 Tue Dec 31 00:03:28 2024

           Step           Time
              0        0.00000

   Energies (kJ/mol)
            U-B    Proper Dih.  Improper Dih.      CMAP Dih.          LJ-14
    7.29592e+03    8.17130e+03    3.83577e+02   -2.93368e+02    3.14707e+03
     Coulomb-14        LJ (SR)  Disper. corr.   Coulomb (SR)   Coul. recip.
    3.30527e+04    1.09778e+05   -4.01384e+03   -1.31894e+06    2.39761e+03
   COM Pull En.      Potential    Kinetic En.   Total Energy  Conserved En.
    2.52396e-12   -1.15902e+06    2.15990e+05   -9.43033e+05   -9.43031e+05
    Temperature Pres. DC (bar) Pressure (bar)   Constr. rmsd
    3.14022e+02   -8.16237e+01   -7.55344e+00    3.51244e-05


DD  step 99 load imb.: force  0.5%  pme mesh/force 0.621

DD  step 999 load imb.: force  0.5%  pme mesh/force 0.507
           Step           Time
           1000        2.00000

   Energies (kJ/mol)
            U-B    Proper Dih.  Improper Dih.      CMAP Dih.          LJ-14
    7.46817e+03    8.01496e+03    4.20493e+02   -2.53252e+02    3.09544e+03
     Coulomb-14        LJ (SR)  Disper. corr.   Coulomb (SR)   Coul. recip.
    3.30352e+04    1.10901e+05   -4.01630e+03   -1.32086e+06    2.45579e+03
   COM Pull En.      Potential    Kinetic En.   Total Energy  Conserved En.
    2.34352e+00   -1.15973e+06    2.13363e+05   -9.46370e+05   -9.43012e+05
    Temperature Pres. DC (bar) Pressure (bar)   Constr. rmsd
    3.10202e+02   -8.17238e+01   -1.00618e+01    3.59799e-05


DD  step 1999 load imb.: force  0.4%  pme mesh/force 0.486
           Step           Time
           2000        4.00000

   Energies (kJ/mol)
            U-B    Proper Dih.  Improper Dih.      CMAP Dih.          LJ-14
    7.26287e+03    8.13156e+03    4.69604e+02   -2.33442e+02    3.16401e+03
     Coulomb-14        LJ (SR)  Disper. corr.   Coulomb (SR)   Coul. recip.
    3.30128e+04    1.09877e+05   -4.02391e+03   -1.31932e+06    2.42656e+03
   COM Pull En.      Potential    Kinetic En.   Total Energy  Conserved En.
    6.83912e+00   -1.15922e+06    2.12747e+05   -9.46477e+05   -9.43081e+05
    Temperature Pres. DC (bar) Pressure (bar)   Constr. rmsd
    3.09308e+02   -8.20339e+01   -1.36712e+00    3.53571e-05


DD  step 2999 load imb.: force  0.5%  pme mesh/force 0.537
           Step           Time
           3000        6.00000

   Energies (kJ/mol)
            U-B    Proper Dih.  Improper Dih.      CMAP Dih.          LJ-14
    7.31143e+03    8.22940e+03    4.33889e+02   -1.91727e+02    3.11609e+03
     Coulomb-14        LJ (SR)  Disper. corr.   Coulomb (SR)   Coul. recip.
    3.31301e+04    1.13654e+05   -4.02368e+03   -1.32378e+06    2.40398e+03
   COM Pull En.      Potential    Kinetic En.   Total Energy  Conserved En.
    1.07347e+00   -1.15971e+06    2.12494e+05   -9.47219e+05   -9.43130e+05
    Temperature Pres. DC (bar) Pressure (bar)   Constr. rmsd
    3.08939e+02   -8.20246e+01    2.87150e+02    3.25357e-05


DD  step 3999 load imb.: force  0.5%  pme mesh/force 0.562
           Step           Time
           4000        8.00000

   Energies (kJ/mol)
            U-B    Proper Dih.  Improper Dih.      CMAP Dih.          LJ-14
    7.36312e+03    8.05229e+03    4.40638e+02   -2.88579e+02    3.07662e+03
     Coulomb-14        LJ (SR)  Disper. corr.   Coulomb (SR)   Coul. recip.
    3.31280e+04    1.12291e+05   -4.02185e+03   -1.32284e+06    2.35016e+03
   COM Pull En.      Potential    Kinetic En.   Total Energy  Conserved En.
    4.99267e+00   -1.16044e+06    2.13609e+05   -9.46831e+05   -9.43172e+05
    Temperature Pres. DC (bar) Pressure (bar)   Constr. rmsd
    3.10561e+02   -8.19500e+01    1.04442e+02    3.63985e-05


DD  step 4999 load imb.: force  0.5%  pme mesh/force 0.553
           Step           Time
           5000       10.00000

   Energies (kJ/mol)
            U-B    Proper Dih.  Improper Dih.      CMAP Dih.          LJ-14
    7.47302e+03    8.09174e+03    4.82450e+02   -1.97519e+02    3.06341e+03
     Coulomb-14        LJ (SR)  Disper. corr.   Coulomb (SR)   Coul. recip.
    3.29991e+04    1.10947e+05   -4.02490e+03   -1.32178e+06    2.38856e+03
   COM Pull En.      Potential    Kinetic En.   Total Energy  Conserved En.
    4.88319e+00   -1.16055e+06    2.13577e+05   -9.46977e+05   -9.43166e+05
    Temperature Pres. DC (bar) Pressure (bar)   Constr. rmsd
    3.10514e+02   -8.20739e+01    7.50860e+01    3.47541e-05


DD  step 5999 load imb.: force  0.5%  pme mesh/force 0.568
           Step           Time
           6000       12.00000

   Energies (kJ/mol)
            U-B    Proper Dih.  Improper Dih.      CMAP Dih.          LJ-14
    7.55588e+03    8.11821e+03    3.97807e+02   -2.54258e+02    3.13077e+03
     Coulomb-14        LJ (SR)  Disper. corr.   Coulomb (SR)   Coul. recip.
    3.29868e+04    1.09575e+05   -4.02541e+03   -1.32019e+06    2.33406e+03
   COM Pull En.      Potential    Kinetic En.   Total Energy  Conserved En.
    1.34032e+01   -1.16036e+06    2.13667e+05   -9.46696e+05   -9.43223e+05
    Temperature Pres. DC (bar) Pressure (bar)   Constr. rmsd
    3.10644e+02   -8.20949e+01   -7.44243e+01    3.64007e-05


DD  step 6999 load imb.: force  0.5%  pme mesh/force 0.566
           Step           Time
           7000       14.00000

   Energies (kJ/mol)
            U-B    Proper Dih.  Improper Dih.      CMAP Dih.          LJ-14
    7.57413e+03    8.08626e+03    4.14114e+02   -2.21329e+02    3.12609e+03
     Coulomb-14        LJ (SR)  Disper. corr.   Coulomb (SR)   Coul. recip.
    3.30803e+04    1.10275e+05   -4.02075e+03   -1.32066e+06    2.39266e+03
   COM Pull En.      Potential    Kinetic En.   Total Energy  Conserved En.
    2.85666e+00   -1.15996e+06    2.13253e+05   -9.46703e+05   -9.43259e+05
    Temperature Pres. DC (bar) Pressure (bar)   Constr. rmsd
    3.10042e+02   -8.19050e+01   -2.30907e+01    3.55515e-05


DD  step 7999 load imb.: force  0.5%  pme mesh/force 0.569
           Step           Time
           8000       16.00000

   Energies (kJ/mol)
            U-B    Proper Dih.  Improper Dih.      CMAP Dih.          LJ-14
    7.41319e+03    8.11482e+03    4.43843e+02   -2.56375e+02    3.07589e+03
     Coulomb-14        LJ (SR)  Disper. corr.   Coulomb (SR)   Coul. recip.
    3.30629e+04    1.10691e+05   -4.02179e+03   -1.32160e+06    2.44942e+03
   COM Pull En.      Potential    Kinetic En.   Total Energy  Conserved En.
    6.45407e+00   -1.16062e+06    2.13747e+05   -9.46870e+05   -9.43312e+05
    Temperature Pres. DC (bar) Pressure (bar)   Constr. rmsd
    3.10761e+02   -8.19473e+01    4.67906e+01    3.43614e-05


DD  step 8999 load imb.: force  0.5%  pme mesh/force 0.568
           Step           Time
           9000       18.00000

   Energies (kJ/mol)
            U-B    Proper Dih.  Improper Dih.      CMAP Dih.          LJ-14
    7.29112e+03    8.12449e+03    4.34653e+02   -3.04350e+02    3.11939e+03
     Coulomb-14        LJ (SR)  Disper. corr.   Coulomb (SR)   Coul. recip.
    3.31644e+04    1.11770e+05   -4.02244e+03   -1.32202e+06    2.33576e+03
   COM Pull En.      Potential    Kinetic En.   Total Energy  Conserved En.
    4.09128e+00   -1.16010e+06    2.13131e+05   -9.46970e+05   -9.43385e+05
    Temperature Pres. DC (bar) Pressure (bar)   Constr. rmsd
    3.09865e+02   -8.19738e+01    1.28744e+02    3.47535e-05


DD  step 9999 load imb.: force  0.5%  pme mesh/force 0.557
           Step           Time
          10000       20.00000

   Energies (kJ/mol)
            U-B    Proper Dih.  Improper Dih.      CMAP Dih.          LJ-14
    7.12216e+03    8.08889e+03    4.14221e+02   -2.45537e+02    3.12469e+03
     Coulomb-14        LJ (SR)  Disper. corr.   Coulomb (SR)   Coul. recip.
    3.33044e+04    1.11190e+05   -4.01730e+03   -1.32122e+06    2.38675e+03
   COM Pull En.      Potential    Kinetic En.   Total Energy  Conserved En.
    7.40201e+00   -1.15984e+06    2.12492e+05   -9.47351e+05   -9.43388e+05
    Temperature Pres. DC (bar) Pressure (bar)   Constr. rmsd
    3.08937e+02   -8.17647e+01    7.53661e+01    3.35359e-05


DD  step 10999 load imb.: force  0.5%  pme mesh/force 0.570
           Step           Time
          11000       22.00000

   Energies (kJ/mol)
            U-B    Proper Dih.  Improper Dih.      CMAP Dih.          LJ-14
    7.15107e+03    8.26445e+03    4.44329e+02   -3.06568e+02    3.09423e+03
     Coulomb-14        LJ (SR)  Disper. corr.   Coulomb (SR)   Coul. recip.
    3.30164e+04    1.12760e+05   -4.01720e+03   -1.32328e+06    2.43463e+03
   COM Pull En.      Potential    Kinetic En.   Total Energy  Conserved En.
    4.91821e+00   -1.16044e+06    2.13287e+05   -9.47151e+05   -9.43436e+05
    Temperature Pres. DC (bar) Pressure (bar)   Constr. rmsd
    3.10092e+02   -8.17604e+01    1.57589e+02    3.48382e-05


DD  step 11999 load imb.: force  0.5%  pme mesh/force 0.572
           Step           Time
          12000       24.00000

   Energies (kJ/mol)
            U-B    Proper Dih.  Improper Dih.      CMAP Dih.          LJ-14
    7.35667e+03    8.08504e+03    3.98909e+02   -2.10232e+02    3.09377e+03
     Coulomb-14        LJ (SR)  Disper. corr.   Coulomb (SR)   Coul. recip.
    3.29708e+04    1.11128e+05   -4.01985e+03   -1.32147e+06    2.37794e+03
   COM Pull En.      Potential    Kinetic En.   Total Energy  Conserved En.
    7.94765e+00   -1.16028e+06    2.13685e+05   -9.46592e+05   -9.43458e+05
    Temperature Pres. DC (bar) Pressure (bar)   Constr. rmsd
    3.10671e+02   -8.18685e+01   -3.11818e+01    3.70322e-05


DD  step 12999 load imb.: force  0.5%  pme mesh/force 0.564
           Step           Time
          13000       26.00000

   Energies (kJ/mol)
            U-B    Proper Dih.  Improper Dih.      CMAP Dih.          LJ-14
    7.14329e+03    8.02713e+03    3.91666e+02   -2.43165e+02    3.11656e+03
     Coulomb-14        LJ (SR)  Disper. corr.   Coulomb (SR)   Coul. recip.
    3.31325e+04    1.10428e+05   -4.01528e+03   -1.32071e+06    2.36272e+03
   COM Pull En.      Potential    Kinetic En.   Total Energy  Conserved En.
    1.02900e+01   -1.16035e+06    2.13894e+05   -9.46460e+05   -9.43502e+05
    Temperature Pres. DC (bar) Pressure (bar)   Constr. rmsd
    3.10974e+02   -8.16826e+01   -2.95840e+01    3.59062e-05


DD  step 13999 load imb.: force  0.5%  pme mesh/force 0.561
           Step           Time
          14000       28.00000

   Energies (kJ/mol)
            U-B    Proper Dih.  Improper Dih.      CMAP Dih.          LJ-14
    7.45900e+03    8.01182e+03    4.30087e+02   -2.00726e+02    3.03279e+03
     Coulomb-14        LJ (SR)  Disper. corr.   Coulomb (SR)   Coul. recip.
    3.30121e+04    1.10946e+05   -4.02556e+03   -1.32219e+06    2.41412e+03
   COM Pull En.      Potential    Kinetic En.   Total Energy  Conserved En.
    9.56668e+00   -1.16111e+06    2.13782e+05   -9.47323e+05   -9.43522e+05
    Temperature Pres. DC (bar) Pressure (bar)   Constr. rmsd
    3.10812e+02   -8.21011e+01   -7.87173e+00    3.58783e-05


DD  step 14999 load imb.: force  0.5%  pme mesh/force 0.500
           Step           Time
          15000       30.00000

   Energies (kJ/mol)
            U-B    Proper Dih.  Improper Dih.      CMAP Dih.          LJ-14
    7.56745e+03    8.10269e+03    4.38174e+02   -2.55673e+02    3.06147e+03
     Coulomb-14        LJ (SR)  Disper. corr.   Coulomb (SR)   Coul. recip.
    3.31810e+04    1.10461e+05   -4.02565e+03   -1.32133e+06    2.39932e+03
   COM Pull En.      Potential    Kinetic En.   Total Energy  Conserved En.
    5.77659e+00   -1.16039e+06    2.13323e+05   -9.47070e+05   -9.43562e+05
    Temperature Pres. DC (bar) Pressure (bar)   Constr. rmsd
    3.10144e+02   -8.21046e+01    1.06806e+01    3.50589e-05


DD  step 15999 load imb.: force  0.5%  pme mesh/force 0.498
           Step           Time
          16000       32.00000

   Energies (kJ/mol)
            U-B    Proper Dih.  Improper Dih.      CMAP Dih.          LJ-14
    7.29788e+03    8.14816e+03    4.32458e+02   -2.41488e+02    3.13121e+03
     Coulomb-14        LJ (SR)  Disper. corr.   Coulomb (SR)   Coul. recip.
    3.30292e+04    1.11653e+05   -4.02095e+03   -1.32206e+06    2.39234e+03
   COM Pull En.      Potential    Kinetic En.   Total Energy  Conserved En.
    8.27182e+00   -1.16023e+06    2.12809e+05   -9.47420e+05   -9.43607e+05
    Temperature Pres. DC (bar) Pressure (bar)   Constr. rmsd
    3.09397e+02   -8.19130e+01    1.09787e+02    3.50591e-05


DD  step 16999 load imb.: force  0.5%  pme mesh/force 0.508
           Step           Time
          17000       34.00000

   Energies (kJ/mol)
            U-B    Proper Dih.  Improper Dih.      CMAP Dih.          LJ-14
    7.24091e+03    8.14058e+03    4.30759e+02   -2.99347e+02    3.07498e+03
     Coulomb-14        LJ (SR)  Disper. corr.   Coulomb (SR)   Coul. recip.
    3.32317e+04    1.11618e+05   -4.01886e+03   -1.32223e+06    2.38992e+03
   COM Pull En.      Potential    Kinetic En.   Total Energy  Conserved En.
    1.44884e+01   -1.16040e+06    2.13592e+05   -9.46812e+05   -9.43665e+05
    Temperature Pres. DC (bar) Pressure (bar)   Constr. rmsd
    3.10535e+02   -8.18282e+01    9.49407e+01    3.56663e-05


DD  step 17999 load imb.: force  0.5%  pme mesh/force 0.508
           Step           Time
          18000       36.00000

   Energies (kJ/mol)
            U-B    Proper Dih.  Improper Dih.      CMAP Dih.          LJ-14
    7.56754e+03    8.06770e+03    4.62493e+02   -2.28798e+02    3.06040e+03
     Coulomb-14        LJ (SR)  Disper. corr.   Coulomb (SR)   Coul. recip.
    3.30162e+04    1.08965e+05   -4.01985e+03   -1.31902e+06    2.37504e+03
   COM Pull En.      Potential    Kinetic En.   Total Energy  Conserved En.
    5.22167e+00   -1.15975e+06    2.12595e+05   -9.47157e+05   -9.43674e+05
    Temperature Pres. DC (bar) Pressure (bar)   Constr. rmsd
    3.09087e+02   -8.18684e+01   -8.90298e+01    3.43728e-05


DD  step 18999 load imb.: force  0.5%  pme mesh/force 0.512
           Step           Time
          19000       38.00000

   Energies (kJ/mol)
            U-B    Proper Dih.  Improper Dih.      CMAP Dih.          LJ-14
    7.22060e+03    8.07014e+03    4.15614e+02   -3.24257e+02    3.09552e+03
     Coulomb-14        LJ (SR)  Disper. corr.   Coulomb (SR)   Coul. recip.
    3.31182e+04    1.11573e+05   -4.01837e+03   -1.32153e+06    2.39882e+03
   COM Pull En.      Potential    Kinetic En.   Total Energy  Conserved En.
    4.72788e+00   -1.15997e+06    2.13190e+05   -9.46783e+05   -9.43727e+05
    Temperature Pres. DC (bar) Pressure (bar)   Constr. rmsd
    3.09951e+02   -8.18083e+01    5.22845e+01    3.40526e-05


DD  step 19999 load imb.: force  0.6%  pme mesh/force 0.508
           Step           Time
          20000       40.00000

   Energies (kJ/mol)
            U-B    Proper Dih.  Improper Dih.      CMAP Dih.          LJ-14
    7.34563e+03    8.05917e+03    3.81322e+02   -2.00613e+02    3.13606e+03
     Coulomb-14        LJ (SR)  Disper. corr.   Coulomb (SR)   Coul. recip.
    3.29300e+04    1.10261e+05   -4.02811e+03   -1.32149e+06    2.45341e+03
   COM Pull En.      Potential    Kinetic En.   Total Energy  Conserved En.
    1.10321e+01   -1.16114e+06    2.14215e+05   -9.46925e+05   -9.43767e+05
    Temperature Pres. DC (bar) Pressure (bar)   Constr. rmsd
    3.11442e+02   -8.22051e+01   -8.13166e+01    3.71217e-05


DD  step 20999 load imb.: force  0.6%  pme mesh/force 0.506
           Step           Time
          21000       42.00000

   Energies (kJ/mol)
            U-B    Proper Dih.  Improper Dih.      CMAP Dih.          LJ-14
    7.42232e+03    8.00276e+03    4.19559e+02   -1.93919e+02    3.06610e+03
     Coulomb-14        LJ (SR)  Disper. corr.   Coulomb (SR)   Coul. recip.
    3.30518e+04    1.10713e+05   -4.02476e+03   -1.32140e+06    2.29492e+03
   COM Pull En.      Potential    Kinetic En.   Total Energy  Conserved En.
    8.49053e+00   -1.16064e+06    2.13171e+05   -9.47466e+05   -9.43783e+05
    Temperature Pres. DC (bar) Pressure (bar)   Constr. rmsd
    3.09924e+02   -8.20686e+01   -4.65961e+01    3.65259e-05


DD  step 21999 load imb.: force  0.6%  pme mesh/force 0.521
           Step           Time
          22000       44.00000

   Energies (kJ/mol)
            U-B    Proper Dih.  Improper Dih.      CMAP Dih.          LJ-14
    7.28314e+03    8.07632e+03    4.18577e+02   -2.60529e+02    3.07844e+03
     Coulomb-14        LJ (SR)  Disper. corr.   Coulomb (SR)   Coul. recip.
    3.30213e+04    1.11735e+05   -4.01935e+03   -1.32077e+06    2.47016e+03
   COM Pull En.      Potential    Kinetic En.   Total Energy  Conserved En.
    2.24034e+01   -1.15894e+06    2.12346e+05   -9.46596e+05   -9.43841e+05
    Temperature Pres. DC (bar) Pressure (bar)   Constr. rmsd
    3.08725e+02   -8.18481e+01    1.43985e+02    3.74083e-05


DD  step 22999 load imb.: force  0.6%  pme mesh/force 0.516
           Step           Time
          23000       46.00000

   Energies (kJ/mol)
            U-B    Proper Dih.  Improper Dih.      CMAP Dih.          LJ-14
    7.32137e+03    8.03652e+03    4.43520e+02   -2.66099e+02    3.06699e+03
     Coulomb-14        LJ (SR)  Disper. corr.   Coulomb (SR)   Coul. recip.
    3.33583e+04    1.10009e+05   -4.01669e+03   -1.32042e+06    2.39984e+03
   COM Pull En.      Potential    Kinetic En.   Total Energy  Conserved En.
    9.85783e+00   -1.16005e+06    2.13290e+05   -9.46764e+05   -9.43866e+05
    Temperature Pres. DC (bar) Pressure (bar)   Constr. rmsd
    3.10096e+02   -8.17399e+01   -2.94449e+01    3.32761e-05


DD  step 23999 load imb.: force  0.6%  pme mesh/force 0.523
           Step           Time
          24000       48.00000

   Energies (kJ/mol)
            U-B    Proper Dih.  Improper Dih.      CMAP Dih.          LJ-14
    7.48615e+03    8.05849e+03    4.12136e+02   -2.85162e+02    3.10183e+03
     Coulomb-14        LJ (SR)  Disper. corr.   Coulomb (SR)   Coul. recip.
    3.31096e+04    1.10404e+05   -4.02266e+03   -1.32067e+06    2.41502e+03
   COM Pull En.      Potential    Kinetic En.   Total Energy  Conserved En.
    1.27424e+01   -1.15998e+06    2.13064e+05   -9.46913e+05   -9.43918e+05
    Temperature Pres. DC (bar) Pressure (bar)   Constr. rmsd
    3.09768e+02   -8.19828e+01   -2.98905e+01    3.77934e-05


DD  step 24999 load imb.: force  0.6%  pme mesh/force 0.511
           Step           Time
          25000       50.00000

   Energies (kJ/mol)
            U-B    Proper Dih.  Improper Dih.      CMAP Dih.          LJ-14
    7.05889e+03    8.19676e+03    4.17669e+02   -2.43670e+02    3.12509e+03
     Coulomb-14        LJ (SR)  Disper. corr.   Coulomb (SR)   Coul. recip.
    3.34965e+04    1.10779e+05   -4.02007e+03   -1.32185e+06    2.34519e+03
   COM Pull En.      Potential    Kinetic En.   Total Energy  Conserved En.
    1.59573e+01   -1.16068e+06    2.13975e+05   -9.46702e+05   -9.43965e+05
    Temperature Pres. DC (bar) Pressure (bar)   Constr. rmsd
    3.11093e+02   -8.18775e+01    5.83584e+01    3.53707e-05


DD  step 25999 load imb.: force  0.6%  pme mesh/force 0.505
           Step           Time
          26000       52.00000

   Energies (kJ/mol)
            U-B    Proper Dih.  Improper Dih.      CMAP Dih.          LJ-14
    7.11941e+03    8.08297e+03    4.59360e+02   -2.06741e+02    3.10505e+03
     Coulomb-14        LJ (SR)  Disper. corr.   Coulomb (SR)   Coul. recip.
    3.34149e+04    1.10393e+05   -4.02298e+03   -1.32096e+06    2.39540e+03
   COM Pull En.      Potential    Kinetic En.   Total Energy  Conserved En.
    1.10144e+01   -1.16021e+06    2.13021e+05   -9.47186e+05   -9.43994e+05
    Temperature Pres. DC (bar) Pressure (bar)   Constr. rmsd
    3.09706e+02   -8.19960e+01   -1.44298e+01    3.54366e-05


DD  step 26999 load imb.: force  0.5%  pme mesh/force 0.509
           Step           Time
          27000       54.00000

   Energies (kJ/mol)
            U-B    Proper Dih.  Improper Dih.      CMAP Dih.          LJ-14
    7.41767e+03    8.05274e+03    4.25375e+02   -2.38160e+02    3.04817e+03
     Coulomb-14        LJ (SR)  Disper. corr.   Coulomb (SR)   Coul. recip.
    3.32108e+04    1.09531e+05   -4.02031e+03   -1.31930e+06    2.41148e+03
   COM Pull En.      Potential    Kinetic En.   Total Energy  Conserved En.
    1.02867e+01   -1.15945e+06    2.12105e+05   -9.47342e+05   -9.44007e+05
    Temperature Pres. DC (bar) Pressure (bar)   Constr. rmsd
    3.08374e+02   -8.18871e+01   -6.94719e+01    3.61331e-05


DD  step 27999 load imb.: force  0.6%  pme mesh/force 0.505
           Step           Time
          28000       56.00000

   Energies (kJ/mol)
            U-B    Proper Dih.  Improper Dih.      CMAP Dih.          LJ-14
    7.21151e+03    8.15036e+03    4.32853e+02   -2.72957e+02    3.09647e+03
     Coulomb-14        LJ (SR)  Disper. corr.   Coulomb (SR)   Coul. recip.
    3.32005e+04    1.11473e+05   -4.02193e+03   -1.32155e+06    2.41462e+03
   COM Pull En.      Potential    Kinetic En.   Total Energy  Conserved En.
    8.37391e+00   -1.15985e+06    2.12793e+05   -9.47061e+05   -9.44075e+05
    Temperature Pres. DC (bar) Pressure (bar)   Constr. rmsd
    3.09374e+02   -8.19533e+01    4.85919e+01    3.59289e-05


DD  step 28999 load imb.: force  0.6%  pme mesh/force 0.511
           Step           Time
          29000       58.00000

   Energies (kJ/mol)
            U-B    Proper Dih.  Improper Dih.      CMAP Dih.          LJ-14
    7.15118e+03    8.16620e+03    4.40289e+02   -2.35235e+02    3.08722e+03
     Coulomb-14        LJ (SR)  Disper. corr.   Coulomb (SR)   Coul. recip.
    3.31594e+04    1.11173e+05   -4.02465e+03   -1.32112e+06    2.38306e+03
   COM Pull En.      Potential    Kinetic En.   Total Energy  Conserved En.
    1.28602e+01   -1.15981e+06    2.12790e+05   -9.47018e+05   -9.44098e+05
    Temperature Pres. DC (bar) Pressure (bar)   Constr. rmsd
    3.09369e+02   -8.20638e+01    6.35045e+00    3.60169e-05


DD  step 29999 load imb.: force  0.5%  pme mesh/force 0.510
           Step           Time
          30000       60.00000

   Energies (kJ/mol)
            U-B    Proper Dih.  Improper Dih.      CMAP Dih.          LJ-14
    7.05465e+03    8.07968e+03    4.25153e+02   -1.18645e+02    3.13443e+03
     Coulomb-14        LJ (SR)  Disper. corr.   Coulomb (SR)   Coul. recip.
    3.32147e+04    1.09330e+05   -4.02526e+03   -1.31904e+06    2.42631e+03
   COM Pull En.      Potential    Kinetic En.   Total Energy  Conserved En.
    1.29303e+01   -1.15951e+06    2.12609e+05   -9.46896e+05   -9.44157e+05
    Temperature Pres. DC (bar) Pressure (bar)   Constr. rmsd
    3.09107e+02   -8.20887e+01   -8.06691e+00    3.33621e-05


DD  step 30999 load imb.: force  0.6%  pme mesh/force 0.504
           Step           Time
          31000       62.00000

   Energies (kJ/mol)
            U-B    Proper Dih.  Improper Dih.      CMAP Dih.          LJ-14
    7.22398e+03    8.06191e+03    4.10229e+02   -2.16690e+02    3.12457e+03
     Coulomb-14        LJ (SR)  Disper. corr.   Coulomb (SR)   Coul. recip.
    3.31408e+04    1.10797e+05   -4.02324e+03   -1.32115e+06    2.36797e+03
   COM Pull En.      Potential    Kinetic En.   Total Energy  Conserved En.
    1.35141e+01   -1.16025e+06    2.13432e+05   -9.46816e+05   -9.44194e+05
    Temperature Pres. DC (bar) Pressure (bar)   Constr. rmsd
    3.10302e+02   -8.20063e+01    1.06336e+02    3.38565e-05


DD  step 31999 load imb.: force  0.6%  pme mesh/force 0.506
           Step           Time
          32000       64.00000

   Energies (kJ/mol)
            U-B    Proper Dih.  Improper Dih.      CMAP Dih.          LJ-14
    7.23042e+03    8.16019e+03    4.60113e+02   -2.49566e+02    3.10135e+03
     Coulomb-14        LJ (SR)  Disper. corr.   Coulomb (SR)   Coul. recip.
    3.31577e+04    1.09832e+05   -4.02833e+03   -1.32137e+06    2.44760e+03
   COM Pull En.      Potential    Kinetic En.   Total Energy  Conserved En.
    4.87239e+00   -1.16125e+06    2.14118e+05   -9.47135e+05   -9.44222e+05
    Temperature Pres. DC (bar) Pressure (bar)   Constr. rmsd
    3.11301e+02   -8.22141e+01   -5.44904e+01    3.47988e-05


DD  step 32999 load imb.: force  0.6%  pme mesh/force 0.511
           Step           Time
          33000       66.00000

   Energies (kJ/mol)
            U-B    Proper Dih.  Improper Dih.      CMAP Dih.          LJ-14
    7.50646e+03    8.06325e+03    4.13339e+02   -1.76349e+02    3.10753e+03
     Coulomb-14        LJ (SR)  Disper. corr.   Coulomb (SR)   Coul. recip.
    3.32913e+04    1.10333e+05   -4.02752e+03   -1.32190e+06    2.38759e+03
   COM Pull En.      Potential    Kinetic En.   Total Energy  Conserved En.
    2.00874e+00   -1.16100e+06    2.13322e+05   -9.47682e+05   -9.44243e+05
    Temperature Pres. DC (bar) Pressure (bar)   Constr. rmsd
    3.10143e+02   -8.21811e+01    2.04781e+01    3.50546e-05


DD  step 33999 load imb.: force  0.6%  pme mesh/force 0.509
           Step           Time
          34000       68.00000

   Energies (kJ/mol)
            U-B    Proper Dih.  Improper Dih.      CMAP Dih.          LJ-14
    7.25959e+03    8.13743e+03    4.39756e+02   -2.48971e+02    3.12847e+03
     Coulomb-14        LJ (SR)  Disper. corr.   Coulomb (SR)   Coul. recip.
    3.31388e+04    1.09902e+05   -4.02083e+03   -1.32130e+06    2.42819e+03
   COM Pull En.      Potential    Kinetic En.   Total Energy  Conserved En.
    7.49770e+00   -1.16113e+06    2.13399e+05   -9.47731e+05   -9.44295e+05
    Temperature Pres. DC (bar) Pressure (bar)   Constr. rmsd
    3.10255e+02   -8.19085e+01   -8.95932e+01    3.61137e-05


DD  step 34999 load imb.: force  0.5%  pme mesh/force 0.509
           Step           Time
          35000       70.00000

   Energies (kJ/mol)
            U-B    Proper Dih.  Improper Dih.      CMAP Dih.          LJ-14
    7.44965e+03    8.04565e+03    4.17859e+02   -2.15597e+02    3.06699e+03
     Coulomb-14        LJ (SR)  Disper. corr.   Coulomb (SR)   Coul. recip.
    3.31442e+04    1.11493e+05   -4.01698e+03   -1.32240e+06    2.51316e+03
   COM Pull En.      Potential    Kinetic En.   Total Energy  Conserved En.
    2.20066e+00   -1.16050e+06    2.13501e+05   -9.46997e+05   -9.44328e+05
    Temperature Pres. DC (bar) Pressure (bar)   Constr. rmsd
    3.10403e+02   -8.17516e+01   -5.38564e+00    3.57354e-05


DD  step 35999 load imb.: force  0.6%  pme mesh/force 0.511
           Step           Time
          36000       72.00000

   Energies (kJ/mol)
            U-B    Proper Dih.  Improper Dih.      CMAP Dih.          LJ-14
    7.30775e+03    8.01347e+03    4.32816e+02   -2.36458e+02    3.04038e+03
     Coulomb-14        LJ (SR)  Disper. corr.   Coulomb (SR)   Coul. recip.
    3.32065e+04    1.10944e+05   -4.02049e+03   -1.32183e+06    2.38661e+03
   COM Pull En.      Potential    Kinetic En.   Total Energy  Conserved En.
    5.59914e+00   -1.16075e+06    2.14141e+05   -9.46608e+05   -9.44394e+05
    Temperature Pres. DC (bar) Pressure (bar)   Constr. rmsd
    3.11334e+02   -8.18945e+01    7.97211e+00    3.64147e-05


DD  step 36999 load imb.: force  0.6%  pme mesh/force 0.512
           Step           Time
          37000       74.00000

   Energies (kJ/mol)
            U-B    Proper Dih.  Improper Dih.      CMAP Dih.          LJ-14
    7.46736e+03    8.03937e+03    4.26509e+02   -2.70339e+02    3.10089e+03
     Coulomb-14        LJ (SR)  Disper. corr.   Coulomb (SR)   Coul. recip.
    3.32751e+04    1.11011e+05   -4.01630e+03   -1.32112e+06    2.38453e+03
   COM Pull En.      Potential    Kinetic En.   Total Energy  Conserved En.
    3.76210e+00   -1.15970e+06    2.12535e+05   -9.47162e+05   -9.44406e+05
    Temperature Pres. DC (bar) Pressure (bar)   Constr. rmsd
    3.08998e+02   -8.17241e+01    1.88520e+00    3.54378e-05


DD  step 37999 load imb.: force  0.5%  pme mesh/force 0.504
           Step           Time
          38000       76.00000

   Energies (kJ/mol)
            U-B    Proper Dih.  Improper Dih.      CMAP Dih.          LJ-14
    7.44422e+03    8.05189e+03    4.11196e+02   -2.82910e+02    3.08309e+03
     Coulomb-14        LJ (SR)  Disper. corr.   Coulomb (SR)   Coul. recip.
    3.30168e+04    1.10620e+05   -4.02546e+03   -1.32128e+06    2.35896e+03
   COM Pull En.      Potential    Kinetic En.   Total Energy  Conserved En.
    8.95272e+00   -1.16059e+06    2.13201e+05   -9.47392e+05   -9.44440e+05
    Temperature Pres. DC (bar) Pressure (bar)   Constr. rmsd
    3.09967e+02   -8.20968e+01   -4.05875e+01    3.72358e-05


DD  step 38999 load imb.: force  0.6%  pme mesh/force 0.510
           Step           Time
          39000       78.00000

   Energies (kJ/mol)
            U-B    Proper Dih.  Improper Dih.      CMAP Dih.          LJ-14
    7.36366e+03    8.18606e+03    4.60489e+02   -2.54780e+02    3.12980e+03
     Coulomb-14        LJ (SR)  Disper. corr.   Coulomb (SR)   Coul. recip.
    3.31804e+04    1.10728e+05   -4.02264e+03   -1.32079e+06    2.45169e+03
   COM Pull En.      Potential    Kinetic En.   Total Energy  Conserved En.
    1.44208e+01   -1.15955e+06    2.12398e+05   -9.47151e+05   -9.44495e+05
    Temperature Pres. DC (bar) Pressure (bar)   Constr. rmsd
    3.08799e+02   -8.19820e+01    5.08479e+01    3.44828e-05


DD  step 39999 load imb.: force  0.5%  pme mesh/force 0.511
           Step           Time
          40000       80.00000

   Energies (kJ/mol)
            U-B    Proper Dih.  Improper Dih.      CMAP Dih.          LJ-14
    7.06143e+03    8.18224e+03    4.11554e+02   -2.45473e+02    3.11817e+03
     Coulomb-14        LJ (SR)  Disper. corr.   Coulomb (SR)   Coul. recip.
    3.34754e+04    1.09736e+05   -4.02039e+03   -1.32070e+06    2.36746e+03
   COM Pull En.      Potential    Kinetic En.   Total Energy  Conserved En.
    5.81961e+00   -1.16061e+06    2.13546e+05   -9.47060e+05   -9.44524e+05
    Temperature Pres. DC (bar) Pressure (bar)   Constr. rmsd
    3.10469e+02   -8.18906e+01   -5.72361e+01    3.46054e-05


DD  step 40999 load imb.: force  0.6%  pme mesh/force 0.508
           Step           Time
          41000       82.00000

   Energies (kJ/mol)
            U-B    Proper Dih.  Improper Dih.      CMAP Dih.          LJ-14
    7.31193e+03    8.16900e+03    4.65544e+02   -2.42304e+02    3.09574e+03
     Coulomb-14        LJ (SR)  Disper. corr.   Coulomb (SR)   Coul. recip.
    3.32784e+04    1.11166e+05   -4.02308e+03   -1.32202e+06    2.36469e+03
   COM Pull En.      Potential    Kinetic En.   Total Energy  Conserved En.
    6.59565e+00   -1.16043e+06    2.13004e+05   -9.47428e+05   -9.44551e+05
    Temperature Pres. DC (bar) Pressure (bar)   Constr. rmsd
    3.09680e+02   -8.19998e+01    2.87203e+01    3.37859e-05


DD  step 41999 load imb.: force  0.5%  pme mesh/force 0.510
           Step           Time
          42000       84.00000

   Energies (kJ/mol)
            U-B    Proper Dih.  Improper Dih.      CMAP Dih.          LJ-14
    7.30077e+03    8.01315e+03    4.56092e+02   -2.00176e+02    3.05051e+03
     Coulomb-14        LJ (SR)  Disper. corr.   Coulomb (SR)   Coul. recip.
    3.33760e+04    1.09967e+05   -4.02718e+03   -1.32164e+06    2.35348e+03
   COM Pull En.      Potential    Kinetic En.   Total Energy  Conserved En.
    8.74455e+00   -1.16134e+06    2.13708e+05   -9.47633e+05   -9.44604e+05
    Temperature Pres. DC (bar) Pressure (bar)   Constr. rmsd
    3.10704e+02   -8.21672e+01   -9.28289e+01    3.80365e-05


DD  step 42999 load imb.: force  0.6%  pme mesh/force 0.507
           Step           Time
          43000       86.00000

   Energies (kJ/mol)
            U-B    Proper Dih.  Improper Dih.      CMAP Dih.          LJ-14
    7.15801e+03    8.13398e+03    4.02618e+02   -2.36587e+02    3.08568e+03
     Coulomb-14        LJ (SR)  Disper. corr.   Coulomb (SR)   Coul. recip.
    3.35057e+04    1.10764e+05   -4.02407e+03   -1.32244e+06    2.41284e+03
   COM Pull En.      Potential    Kinetic En.   Total Energy  Conserved En.
    6.65196e+00   -1.16123e+06    2.13723e+05   -9.47506e+05   -9.44654e+05
    Temperature Pres. DC (bar) Pressure (bar)   Constr. rmsd
    3.10726e+02   -8.20404e+01    4.84240e+01    3.38363e-05


DD  step 43999 load imb.: force  0.6%  pme mesh/force 0.513
           Step           Time
          44000       88.00000

   Energies (kJ/mol)
            U-B    Proper Dih.  Improper Dih.      CMAP Dih.          LJ-14
    7.35425e+03    8.07896e+03    3.84474e+02   -2.02229e+02    3.02537e+03
     Coulomb-14        LJ (SR)  Disper. corr.   Coulomb (SR)   Coul. recip.
    3.30638e+04    1.10637e+05   -4.01781e+03   -1.32120e+06    2.44328e+03
   COM Pull En.      Potential    Kinetic En.   Total Energy  Conserved En.
    7.88437e+00   -1.16043e+06    2.12923e+05   -9.47506e+05   -9.44698e+05
    Temperature Pres. DC (bar) Pressure (bar)   Constr. rmsd
    3.09563e+02   -8.17852e+01   -3.55637e+00    3.49673e-05


DD  step 44999 load imb.: force  0.5%  pme mesh/force 0.507
           Step           Time
          45000       90.00000

   Energies (kJ/mol)
            U-B    Proper Dih.  Improper Dih.      CMAP Dih.          LJ-14
    7.47233e+03    8.11968e+03    4.50784e+02   -2.02935e+02    3.03035e+03
     Coulomb-14        LJ (SR)  Disper. corr.   Coulomb (SR)   Coul. recip.
    3.31126e+04    1.10385e+05   -4.02223e+03   -1.32123e+06    2.38413e+03
   COM Pull En.      Potential    Kinetic En.   Total Energy  Conserved En.
    7.34617e+00   -1.16049e+06    2.12887e+05   -9.47603e+05   -9.44734e+05
    Temperature Pres. DC (bar) Pressure (bar)   Constr. rmsd
    3.09510e+02   -8.19654e+01   -4.26958e+01    3.65516e-05


DD  step 45999 load imb.: force  0.6%  pme mesh/force 0.506
           Step           Time
          46000       92.00000

   Energies (kJ/mol)
            U-B    Proper Dih.  Improper Dih.      CMAP Dih.          LJ-14
    7.34549e+03    8.19658e+03    4.60286e+02   -2.06603e+02    3.00928e+03
     Coulomb-14        LJ (SR)  Disper. corr.   Coulomb (SR)   Coul. recip.
    3.31081e+04    1.10699e+05   -4.02546e+03   -1.32152e+06    2.44413e+03
   COM Pull En.      Potential    Kinetic En.   Total Energy  Conserved En.
    1.48830e+01   -1.16048e+06    2.13256e+05   -9.47221e+05   -9.44777e+05
    Temperature Pres. DC (bar) Pressure (bar)   Constr. rmsd
    3.10047e+02   -8.20971e+01    6.23038e+00    3.63412e-05


DD  step 46999 load imb.: force  0.5%  pme mesh/force 0.510
           Step           Time
          47000       94.00000

   Energies (kJ/mol)
            U-B    Proper Dih.  Improper Dih.      CMAP Dih.          LJ-14
    7.51303e+03    8.14787e+03    4.12772e+02   -2.16382e+02    3.06156e+03
     Coulomb-14        LJ (SR)  Disper. corr.   Coulomb (SR)   Coul. recip.
    3.31257e+04    1.10442e+05   -4.02286e+03   -1.32101e+06    2.41626e+03
   COM Pull En.      Potential    Kinetic En.   Total Energy  Conserved En.
    8.54707e+00   -1.16012e+06    2.13277e+05   -9.46844e+05   -9.44797e+05
    Temperature Pres. DC (bar) Pressure (bar)   Constr. rmsd
    3.10077e+02   -8.19909e+01   -3.65086e+01    3.70436e-05


DD  step 47999 load imb.: force  0.6%  pme mesh/force 0.511
           Step           Time
          48000       96.00000

   Energies (kJ/mol)
            U-B    Proper Dih.  Improper Dih.      CMAP Dih.          LJ-14
    7.15926e+03    8.03906e+03    4.38789e+02   -2.30526e+02    3.11384e+03
     Coulomb-14        LJ (SR)  Disper. corr.   Coulomb (SR)   Coul. recip.
    3.30572e+04    1.10660e+05   -4.02745e+03   -1.32075e+06    2.43635e+03
   COM Pull En.      Potential    Kinetic En.   Total Energy  Conserved En.
    1.52612e+01   -1.16008e+06    2.13137e+05   -9.46947e+05   -9.44877e+05
    Temperature Pres. DC (bar) Pressure (bar)   Constr. rmsd
    3.09874e+02   -8.21781e+01    5.92145e+01    3.47050e-05


DD  step 48999 load imb.: force  0.5%  pme mesh/force 0.511
           Step           Time
          49000       98.00000

   Energies (kJ/mol)
            U-B    Proper Dih.  Improper Dih.      CMAP Dih.          LJ-14
    7.19744e+03    8.04653e+03    4.38954e+02   -3.01769e+02    3.18706e+03
     Coulomb-14        LJ (SR)  Disper. corr.   Coulomb (SR)   Coul. recip.
    3.33295e+04    1.08806e+05   -4.02774e+03   -1.31981e+06    2.30799e+03
   COM Pull En.      Potential    Kinetic En.   Total Energy  Conserved En.
    8.95215e+00   -1.16082e+06    2.13230e+05   -9.47586e+05   -9.44877e+05
    Temperature Pres. DC (bar) Pressure (bar)   Constr. rmsd
    3.10009e+02   -8.21900e+01   -5.76021e+01    3.51086e-05


DD  step 49999 load imb.: force  0.5%  pme mesh/force 0.515
           Step           Time
          50000      100.00000

Writing checkpoint, step 50000 at Tue Dec 31 00:12:23 2024


   Energies (kJ/mol)
            U-B    Proper Dih.  Improper Dih.      CMAP Dih.          LJ-14
    7.41623e+03    7.95113e+03    3.99553e+02   -2.32907e+02    3.07267e+03
     Coulomb-14        LJ (SR)  Disper. corr.   Coulomb (SR)   Coul. recip.
    3.31191e+04    1.10159e+05   -4.02778e+03   -1.32164e+06    2.41123e+03
   COM Pull En.      Potential    Kinetic En.   Total Energy  Conserved En.
    1.28928e+01   -1.16136e+06    2.13412e+05   -9.47946e+05   -9.44929e+05
    Temperature Pres. DC (bar) Pressure (bar)   Constr. rmsd
    3.10274e+02   -8.21917e+01   -4.12645e+00    3.52580e-05


Energy conservation over simulation part #1 of length 100 ns, time 0 to 100 ns
  Conserved energy drift: -2.30e-04 kJ/mol/ps per atom


	<======  ###############  ==>
	<====  A V E R A G E S  ====>
	<==  ###############  ======>

	Statistics over 50001 steps using 501 frames

   Energies (kJ/mol)
            U-B    Proper Dih.  Improper Dih.      CMAP Dih.          LJ-14
    7.32044e+03    8.10012e+03    4.30407e+02   -2.36657e+02    3.09003e+03
     Coulomb-14        LJ (SR)  Disper. corr.   Coulomb (SR)   Coul. recip.
    3.31364e+04    1.10499e+05   -4.02243e+03   -1.32099e+06    2.41184e+03
   COM Pull En.      Potential    Kinetic En.   Total Energy  Conserved En.
    7.73101e+00   -1.16025e+06    2.13221e+05   -9.47029e+05   -9.43957e+05
    Temperature Pres. DC (bar) Pressure (bar)   Constr. rmsd
    3.09996e+02   -8.19734e+01   -1.30869e+00    0.00000e+00

          Box-X          Box-Y          Box-Z
    6.81855e+00    6.81855e+00    1.75334e+01

   Total Virial (kJ/mol)
    7.10309e+04   -3.89143e+01    3.61257e+01
   -3.87972e+01    7.10155e+04   -1.45319e+01
    3.56793e+01   -1.49132e+01    7.12712e+04

   Pressure (bar)
    1.08610e+00    1.20473e+00   -9.70776e-01
    1.19996e+00    1.56675e+00    2.04467e+00
   -9.52587e-01    2.06020e+00   -6.57892e+00

      T-Protein  T-non-Protein
    3.09929e+02    3.09999e+02


	M E G A - F L O P S   A C C O U N T I N G

 NB=Group-cutoff nonbonded kernels    NxN=N-by-N cluster Verlet kernels
 RF=Reaction-Field  VdW=Van der Waals  QSTab=quadratic-spline table
 W3=SPC/TIP3p  W4=TIP4p (single or pairs)
 V&F=Potential and force  V=Potential only  F=Force only

 Computing:                               M-Number         M-Flops  % Flops
-----------------------------------------------------------------------------
 Pair Search distance check           30988.021442      278892.193     0.1
 NxN Ewald Elec. + LJ [F]           5498248.518576   362884402.226    94.2
 NxN Ewald Elec. + LJ [V&F]           55649.125408     5954456.419     1.5
 NxN LJ [F]                               2.008512          66.281     0.0
 NxN LJ [V&F]                             0.020288           0.872     0.0
 NxN Ewald Elec. [F]                  63944.655984     3900624.015     1.0
 NxN Ewald Elec. [V&F]                  647.233440       54367.609     0.0
 1,4 nonbonded interactions             405.608112       36504.730     0.0
 Calc Weights                         12400.598007      446421.528     0.1
 Spread Q Bspline                    264546.090816      529092.182     0.1
 Gather F Bspline                    264546.090816     1587276.545     0.4
 3D-FFT                             1102238.844336     8817910.755     2.3
 Solve PME                              180.003600       11520.230     0.0
 Reset In Box                            41.417169         124.252     0.0
 CG-CoM                                  41.499838         124.500     0.0
 Propers                                402.358047       92139.993     0.0
 Impropers                               24.150483        5023.300     0.0
 Virial                                 417.028389        7506.511     0.0
 Stop-CM                                 41.499838         414.998     0.0
 P-Coupling                             413.427669        2480.566     0.0
 Calc-Ekin                              826.855338       22325.094     0.0
 Lincs                                  252.408352       15144.501     0.0
 Lincs-Mat                             5439.450372       21757.801     0.0
 Constraint-V                          4751.066984       42759.603     0.0
 Constraint-Vir                         449.938402       10798.522     0.0
 Settle                                1415.448356      523715.892     0.1
 CMAP                                     9.200184       15640.313     0.0
 Urey-Bradley                           281.705634       51552.131     0.0
-----------------------------------------------------------------------------
 Total                                               385313043.561   100.0
-----------------------------------------------------------------------------


    D O M A I N   D E C O M P O S I T I O N   S T A T I S T I C S

 av. #atoms communicated per step for force:  2 x 124089.2
 av. #atoms communicated per step for LINCS:  2 x 7505.2


Dynamic load balancing report:
 DLB was off during the run due to low measured imbalance.
 Average load imbalance: 0.5%.
 The balanceable part of the MD step is 94%, load imbalance is computed from this.
 Part of the total run time spent waiting due to load imbalance: 0.5%.
 Average PME mesh/force load: 0.529
 Part of the total run time spent waiting due to PP/PME imbalance: 8.9 %

NOTE: 8.9 % performance was lost because the PME ranks
      had less work to do than the PP ranks.
      You might want to decrease the number of PME ranks
      or decrease the cut-off and the grid spacing.


     R E A L   C Y C L E   A N D   T I M E   A C C O U N T I N G

On 16 MPI ranks doing PP, and
on 4 MPI ranks doing PME

 Computing:          Num   Num      Call    Wall time         Giga-Cycles
                     Ranks Threads  Count      (s)         total sum    %
-----------------------------------------------------------------------------
 Domain decomp.        16    1        501       1.576         55.357   0.2
 DD comm. load         16    1         52       0.001          0.028   0.0
 Send X to PME         16    1      50001       1.744         61.259   0.3
 Neighbor search       16    1        501       6.514        228.740   1.0
 Comm. coord.          16    1      49500       6.197        217.606   0.9
 Force                 16    1      50001     464.166      16300.004  69.4
 Wait + Comm. F        16    1      50001       5.044        177.122   0.8
 PME mesh *             4    1      50001     262.167       2301.612   9.8
 PME wait for PP *                            273.147       2398.012  10.2
 Wait + Recv. PME F    16    1      50001       1.824         64.038   0.3
 NB X/F buffer ops.    16    1     149001       3.997        140.345   0.6
 COM pull force        16    1      50001      30.152       1058.848   4.5
 Write traj.           16    1         11       0.063          2.206   0.0
 Update                16    1      50001       1.318         46.276   0.2
 Constraints           16    1      50003      11.381        399.673   1.7
 Comm. energies        16    1       5001       0.413         14.517   0.1
 Rest                                           0.932         32.721   0.1
-----------------------------------------------------------------------------
 Total                                        535.321      23498.425 100.0
-----------------------------------------------------------------------------
(*) Note that with separate PME ranks, the walltime column actually sums to
    twice the total reported, but the cycle count total and % are correct.
-----------------------------------------------------------------------------
 Breakdown of PME mesh computation
-----------------------------------------------------------------------------
 PME redist. X/F        4    1     100002      13.158        115.519   0.5
 PME spread             4    1      50001      60.320        529.563   2.3
 PME gather             4    1      50001      56.404        495.178   2.1
 PME 3D-FFT             4    1     100002      96.251        845.004   3.6
 PME 3D-FFT Comm.       4    1     100002      19.222        168.755   0.7
 PME solve Elec         4    1      50001      16.697        146.582   0.6
-----------------------------------------------------------------------------

               Core t (s)   Wall t (s)        (%)
       Time:    10706.223      535.321     2000.0
                 (ns/day)    (hour/ns)
Performance:       16.140        1.487
Finished mdrun on rank 0 Tue Dec 31 00:12:23 2024

