                      :-) GROMACS - gmx mdrun, 2021.4 (-:

                            GROMACS is written by:
     Andrey Alekseenko              Emile Apol              Rossen Apostolov     
         Paul Bauer           Herman J.C. Berendsen           Par Bjelkmar       
       Christian Blau           Viacheslav Bolnykh             Kevin Boyd        
     Aldert van Buuren           Rudi van Drunen             Anton Feenstra      
    Gilles Gouaillardet             Alan Gray               Gerrit Groenhof      
       Anca Hamuraru            Vincent Hindriksen          M. Eric Irrgang      
      Aleksei Iupinov           Christoph Junghans             Joe Jordan        
    Dimitrios Karkoulis            Peter Kasson                Jiri Kraus        
      Carsten Kutzner              Per Larsson              Justin A. Lemkul     
       Viveca Lindahl            Magnus Lundborg             Erik Marklund       
        Pascal Merz             Pieter Meulenhoff            Teemu Murtola       
        Szilard Pall               Sander Pronk              Roland Schulz       
       Michael Shirts            Alexey Shvetsov             Alfons Sijbers      
       Peter Tieleman              Jon Vincent              Teemu Virolainen     
     Christian Wennberg            Maarten Wolf              Artem Zhmurov       
                           and the project leaders:
        Mark Abraham, Berk Hess, Erik Lindahl, and David van der Spoel

Copyright (c) 1991-2000, University of Groningen, The Netherlands.
Copyright (c) 2001-2019, The GROMACS development team at
Uppsala University, Stockholm University and
the Royal Institute of Technology, Sweden.
check out http://www.gromacs.org for more information.

GROMACS is free software; you can redistribute it and/or modify it
under the terms of the GNU Lesser General Public License
as published by the Free Software Foundation; either version 2.1
of the License, or (at your option) any later version.

GROMACS:      gmx mdrun, version 2021.4
Executable:   /apps/gromacs-2021.4/bin/gmx_mpi
Data prefix:  /apps/gromacs-2021.4
Working dir:  /home/giacomo.marcon/toCluster/simulations/sim_236
Process ID:   49314
Command line:
  gmx_mpi mdrun -s ./equil.tpr -maxh 5.95 -deffnm equil

GROMACS version:    2021.4
Precision:          mixed
Memory model:       64 bit
MPI library:        MPI
OpenMP support:     enabled (GMX_OPENMP_MAX_THREADS = 64)
GPU support:        CUDA
SIMD instructions:  AVX_512
FFT library:        fftw-3.3.8-sse2-avx-avx2-avx2_128-avx512
RDTSCP usage:       enabled
TNG support:        enabled
Hwloc support:      disabled
Tracing support:    disabled
C compiler:         /apps/gcc-9.1.0/local/bin/gcc-9.1.0 GNU 9.1.0
C compiler flags:   -mavx512f -mfma -pthread -Wno-missing-field-initializers -fexcess-precision=fast -funroll-all-loops -O3 -DNDEBUG
C++ compiler:       /apps/gcc-9.1.0/local/bin/g++-9.1.0 GNU 9.1.0
C++ compiler flags: -mavx512f -mfma -pthread -Wno-missing-field-initializers -fexcess-precision=fast -funroll-all-loops -fopenmp -O3 -DNDEBUG
CUDA compiler:      /apps/cuda-11.1/bin/nvcc nvcc: NVIDIA (R) Cuda compiler driver;Copyright (c) 2005-2020 NVIDIA Corporation;Built on Mon_Oct_12_20:09:46_PDT_2020;Cuda compilation tools, release 11.1, V11.1.105;Build cuda_11.1.TC455_06.29190527_0
CUDA compiler flags:-std=c++17;-gencode;arch=compute_35,code=sm_35;-gencode;arch=compute_37,code=sm_37;-gencode;arch=compute_50,code=sm_50;-gencode;arch=compute_52,code=sm_52;-gencode;arch=compute_60,code=sm_60;-gencode;arch=compute_61,code=sm_61;-gencode;arch=compute_70,code=sm_70;-gencode;arch=compute_75,code=sm_75;-gencode;arch=compute_80,code=sm_80;-Wno-deprecated-gpu-targets;-gencode;arch=compute_86,code=sm_86;-gencode;arch=compute_35,code=compute_35;-gencode;arch=compute_53,code=compute_53;-gencode;arch=compute_80,code=compute_80;-use_fast_math;;-mavx512f -mfma -pthread -Wno-missing-field-initializers -fexcess-precision=fast -funroll-all-loops -fopenmp -O3 -DNDEBUG
CUDA driver:        0.0
CUDA runtime:       N/A


Running on 1 node with total 96 cores, 96 logical cores (GPU detection failed)
Hardware detected on host hpc-c12-node02.maas.icts.unitn.it (the node of MPI rank 0):
  CPU info:
    Vendor: Intel
    Brand:  Intel(R) Xeon(R) Gold 6252N CPU @ 2.30GHz
    Family: 6   Model: 85   Stepping: 7
    Features: aes apic avx avx2 avx512f avx512cd avx512bw avx512vl avx512secondFMA clfsh cmov cx8 cx16 f16c fma hle htt intel lahf mmx msr nonstop_tsc pcid pclmuldq pdcm pdpe1gb popcnt pse rdrnd rdtscp rtm sse2 sse3 sse4.1 sse4.2 ssse3 tdt x2apic
    Number of AVX-512 FMA units: 2
  Hardware topology: Only logical processor count


++++ PLEASE READ AND CITE THE FOLLOWING REFERENCE ++++
M. J. Abraham, T. Murtola, R. Schulz, S. Páll, J. C. Smith, B. Hess, E.
Lindahl
GROMACS: High performance molecular simulations through multi-level
parallelism from laptops to supercomputers
SoftwareX 1 (2015) pp. 19-25
-------- -------- --- Thank You --- -------- --------


++++ PLEASE READ AND CITE THE FOLLOWING REFERENCE ++++
S. Páll, M. J. Abraham, C. Kutzner, B. Hess, E. Lindahl
Tackling Exascale Software Challenges in Molecular Dynamics Simulations with
GROMACS
In S. Markidis & E. Laure (Eds.), Solving Software Challenges for Exascale 8759 (2015) pp. 3-27
-------- -------- --- Thank You --- -------- --------


++++ PLEASE READ AND CITE THE FOLLOWING REFERENCE ++++
S. Pronk, S. Páll, R. Schulz, P. Larsson, P. Bjelkmar, R. Apostolov, M. R.
Shirts, J. C. Smith, P. M. Kasson, D. van der Spoel, B. Hess, and E. Lindahl
GROMACS 4.5: a high-throughput and highly parallel open source molecular
simulation toolkit
Bioinformatics 29 (2013) pp. 845-54
-------- -------- --- Thank You --- -------- --------


++++ PLEASE READ AND CITE THE FOLLOWING REFERENCE ++++
B. Hess and C. Kutzner and D. van der Spoel and E. Lindahl
GROMACS 4: Algorithms for highly efficient, load-balanced, and scalable
molecular simulation
J. Chem. Theory Comput. 4 (2008) pp. 435-447
-------- -------- --- Thank You --- -------- --------


++++ PLEASE READ AND CITE THE FOLLOWING REFERENCE ++++
D. van der Spoel, E. Lindahl, B. Hess, G. Groenhof, A. E. Mark and H. J. C.
Berendsen
GROMACS: Fast, Flexible and Free
J. Comp. Chem. 26 (2005) pp. 1701-1719
-------- -------- --- Thank You --- -------- --------


++++ PLEASE READ AND CITE THE FOLLOWING REFERENCE ++++
E. Lindahl and B. Hess and D. van der Spoel
GROMACS 3.0: A package for molecular simulation and trajectory analysis
J. Mol. Mod. 7 (2001) pp. 306-317
-------- -------- --- Thank You --- -------- --------


++++ PLEASE READ AND CITE THE FOLLOWING REFERENCE ++++
H. J. C. Berendsen, D. van der Spoel and R. van Drunen
GROMACS: A message-passing parallel molecular dynamics implementation
Comp. Phys. Comm. 91 (1995) pp. 43-56
-------- -------- --- Thank You --- -------- --------


++++ PLEASE CITE THE DOI FOR THIS VERSION OF GROMACS ++++
https://doi.org/10.5281/zenodo.5636567
-------- -------- --- Thank You --- -------- --------


The number of OpenMP threads was set by environment variable OMP_NUM_THREADS to 1

Input Parameters:
   integrator                     = md
   tinit                          = 0
   dt                             = 0.002
   nsteps                         = 50000
   init-step                      = 0
   simulation-part                = 1
   mts                            = false
   comm-mode                      = Linear
   nstcomm                        = 100
   bd-fric                        = 0
   ld-seed                        = -9470531
   emtol                          = 10
   emstep                         = 0.01
   niter                          = 20
   fcstep                         = 0
   nstcgsteep                     = 1000
   nbfgscorr                      = 10
   rtpi                           = 0.05
   nstxout                        = 0
   nstvout                        = 5000
   nstfout                        = 5000
   nstlog                         = 1000
   nstcalcenergy                  = 100
   nstenergy                      = 5000
   nstxout-compressed             = 5000
   compressed-x-precision         = 1000
   cutoff-scheme                  = Verlet
   nstlist                        = 20
   pbc                            = xyz
   periodic-molecules             = false
   verlet-buffer-tolerance        = 0.005
   rlist                          = 1.422
   coulombtype                    = PME
   coulomb-modifier               = Potential-shift
   rcoulomb-switch                = 0
   rcoulomb                       = 1.4
   epsilon-r                      = 1
   epsilon-rf                     = inf
   vdw-type                       = Cut-off
   vdw-modifier                   = Potential-shift
   rvdw-switch                    = 0
   rvdw                           = 1.4
   DispCorr                       = EnerPres
   table-extension                = 1
   fourierspacing                 = 0.12
   fourier-nx                     = 60
   fourier-ny                     = 60
   fourier-nz                     = 160
   pme-order                      = 4
   ewald-rtol                     = 1e-05
   ewald-rtol-lj                  = 0.001
   lj-pme-comb-rule               = Geometric
   ewald-geometry                 = 0
   epsilon-surface                = 0
   tcoupl                         = Berendsen
   nsttcouple                     = 10
   nh-chain-length                = 0
   print-nose-hoover-chain-variables = false
   pcoupl                         = Berendsen
   pcoupltype                     = Isotropic
   nstpcouple                     = 10
   tau-p                          = 1
   compressibility (3x3):
      compressibility[    0]={ 4.50000e-05,  0.00000e+00,  0.00000e+00}
      compressibility[    1]={ 0.00000e+00,  4.50000e-05,  0.00000e+00}
      compressibility[    2]={ 0.00000e+00,  0.00000e+00,  4.50000e-05}
   ref-p (3x3):
      ref-p[    0]={ 1.00000e+00,  0.00000e+00,  0.00000e+00}
      ref-p[    1]={ 0.00000e+00,  1.00000e+00,  0.00000e+00}
      ref-p[    2]={ 0.00000e+00,  0.00000e+00,  1.00000e+00}
   refcoord-scaling               = COM
   posres-com (3):
      posres-com[0]= 0.00000e+00
      posres-com[1]= 0.00000e+00
      posres-com[2]= 0.00000e+00
   posres-comB (3):
      posres-comB[0]= 0.00000e+00
      posres-comB[1]= 0.00000e+00
      posres-comB[2]= 0.00000e+00
   QMMM                           = false
qm-opts:
   ngQM                           = 0
   constraint-algorithm           = Lincs
   continuation                   = false
   Shake-SOR                      = false
   shake-tol                      = 0.0001
   lincs-order                    = 4
   lincs-iter                     = 1
   lincs-warnangle                = 30
   nwall                          = 0
   wall-type                      = 9-3
   wall-r-linpot                  = -1
   wall-atomtype[0]               = -1
   wall-atomtype[1]               = -1
   wall-density[0]                = 0
   wall-density[1]                = 0
   wall-ewald-zfac                = 3
   pull                           = true
   pull-cylinder-r                = 1.5
   pull-constr-tol                = 1e-06
   pull-print-COM                 = false
   pull-print-ref-value           = false
   pull-print-components          = false
   pull-nstxout                   = 50
   pull-nstfout                   = 50
   pull-pbc-ref-prev-step-com     = false
   pull-xout-average              = false
   pull-fout-average              = false
   pull-ngroups                   = 3
   pull-group 0:
     atom: not available
     weight: not available
     pbcatom                        = -1
   pull-group 1:
     atom (3015):
        atom[0,...,3014] = {0,...,3014}
     weight: not available
     pbcatom                        = 1507
   pull-group 2:
     atom (53):
        atom[0,...,52] = {3015,...,3067}
     weight: not available
     pbcatom                        = 3041
   pull-ncoords                   = 1
   pull-coord 0:
   type                           = umbrella
   geometry                       = distance
   group[0]                       = 1
   group[1]                       = 2
   dim (3):
      dim[0]=0
      dim[1]=0
      dim[2]=1
   origin (3):
      origin[0]= 0.00000e+00
      origin[1]= 0.00000e+00
      origin[2]= 0.00000e+00
   vec (3):
      vec[0]= 0.00000e+00
      vec[1]= 0.00000e+00
      vec[2]= 0.00000e+00
   start                          = true
   init                           = 2.81503
   rate                           = 0
   k                              = 1000
   kB                             = 1000
   awh                            = false
   rotation                       = false
   interactiveMD                  = false
   disre                          = No
   disre-weighting                = Conservative
   disre-mixed                    = false
   dr-fc                          = 1000
   dr-tau                         = 0
   nstdisreout                    = 100
   orire-fc                       = 0
   orire-tau                      = 0
   nstorireout                    = 100
   free-energy                    = no
   cos-acceleration               = 0
   deform (3x3):
      deform[    0]={ 0.00000e+00,  0.00000e+00,  0.00000e+00}
      deform[    1]={ 0.00000e+00,  0.00000e+00,  0.00000e+00}
      deform[    2]={ 0.00000e+00,  0.00000e+00,  0.00000e+00}
   simulated-tempering            = false
   swapcoords                     = no
   userint1                       = 0
   userint2                       = 0
   userint3                       = 0
   userint4                       = 0
   userreal1                      = 0
   userreal2                      = 0
   userreal3                      = 0
   userreal4                      = 0
   applied-forces:
     electric-field:
       x:
         E0                       = 0
         omega                    = 0
         t0                       = 0
         sigma                    = 0
       y:
         E0                       = 0
         omega                    = 0
         t0                       = 0
         sigma                    = 0
       z:
         E0                       = 0
         omega                    = 0
         t0                       = 0
         sigma                    = 0
     density-guided-simulation:
       active                     = false
       group                      = protein
       similarity-measure         = inner-product
       atom-spreading-weight      = unity
       force-constant             = 1e+09
       gaussian-transform-spreading-width = 0.2
       gaussian-transform-spreading-range-in-multiples-of-width = 4
       reference-density-filename = reference.mrc
       nst                        = 1
       normalize-densities        = true
       adaptive-force-scaling     = false
       adaptive-force-scaling-time-constant = 4
       shift-vector               = 
       transformation-matrix      = 
grpopts:
   nrdf:     5995.89      159455
   ref-t:         310         310
   tau-t:         0.5         0.5
annealing:          No          No
annealing-npoints:           0           0
   acc:	           0           0           0
   nfreeze:           N           N           N
   energygrp-flags[  0]: 0

Changing nstlist from 20 to 100, rlist from 1.422 to 1.537


Initializing Domain Decomposition on 20 ranks
Dynamic load balancing: auto
Minimum cell size due to atom displacement: 0.757 nm
Initial maximum distances in bonded interactions:
    two-body bonded interactions: 0.421 nm, LJ-14, atoms 1771 1779
  multi-body bonded interactions: 0.480 nm, CMAP Dih., atoms 225 234
Minimum cell size due to bonded interactions: 0.528 nm
Maximum distance for 5 constraints, at 120 deg. angles, all-trans: 0.819 nm
Estimated maximum distance required for P-LINCS: 0.819 nm
This distance will limit the DD cell size, you can override this with -rcon
Scaling the initial minimum size with 1/0.8 (option -dds) = 1.25
Guess for relative PME load: 0.14
Will use 16 particle-particle and 4 PME only ranks
This is a guess, check the performance at the end of the log file
Using 4 separate PME ranks, as guessed by mdrun
Optimizing the DD grid for 16 cells with a minimum initial size of 1.024 nm
The maximum allowed number of cells is: X 6 Y 6 Z 17
Domain decomposition grid 4 x 1 x 4, separate PME ranks 4
PME domain decomposition: 4 x 1 x 1
Interleaving PP and PME ranks
This rank does only particle-particle work.
Domain decomposition rank 0, coordinates 0 0 0

The initial number of communication pulses is: X 1 Z 1
The initial domain decomposition cell size is: X 1.71 nm Z 4.39 nm

The maximum allowed distance for atoms involved in interactions is:
                 non-bonded interactions           1.537 nm
(the following are initial values, they could change due to box deformation)
            two-body bonded interactions  (-rdd)   1.537 nm
          multi-body bonded interactions  (-rdd)   1.537 nm
  atoms separated by up to 5 constraints  (-rcon)  1.706 nm

When dynamic load balancing gets turned on, these settings will change to:
The maximum number of communication pulses is: X 2 Z 2
The minimum size for domain decomposition cells is 1.117 nm
The requested allowed shrink of DD cells (option -dds) is: 0.80
The allowed shrink of domain decomposition cells is: X 0.65 Z 0.25
The maximum allowed distance for atoms involved in interactions is:
                 non-bonded interactions           1.537 nm
            two-body bonded interactions  (-rdd)   1.537 nm
          multi-body bonded interactions  (-rdd)   1.117 nm
  atoms separated by up to 5 constraints  (-rcon)  1.117 nm

Using 20 MPI processes

Non-default thread affinity set, disabling internal thread affinity

Using 1 OpenMP thread per MPI process

System total charge: 0.000
Will do PME sum in reciprocal space for electrostatic interactions.

++++ PLEASE READ AND CITE THE FOLLOWING REFERENCE ++++
U. Essmann, L. Perera, M. L. Berkowitz, T. Darden, H. Lee and L. G. Pedersen 
A smooth particle mesh Ewald method
J. Chem. Phys. 103 (1995) pp. 8577-8592
-------- -------- --- Thank You --- -------- --------

Using a Gaussian width (1/beta) of 0.448228 nm for Ewald
Potential shift: LJ r^-12: -1.764e-02 r^-6: -1.328e-01, Ewald -7.143e-06
Initialized non-bonded Ewald tables, spacing: 1.10e-03 size: 1270

Generated table with 1268 data points for 1-4 COUL.
Tabscale = 500 points/nm
Generated table with 1268 data points for 1-4 LJ6.
Tabscale = 500 points/nm
Generated table with 1268 data points for 1-4 LJ12.
Tabscale = 500 points/nm
Long Range LJ corr.: <C6> 3.1444e-04


Using SIMD 4x8 nonbonded short-range kernels

Using a dual 4x8 pair-list setup updated with dynamic pruning:
  outer list: updated every 100 steps, buffer 0.137 nm, rlist 1.537 nm
  inner list: updated every  13 steps, buffer 0.002 nm, rlist 1.402 nm
At tolerance 0.005 kJ/mol/ps per atom, equivalent classical 1x1 list would be:
  outer list: updated every 100 steps, buffer 0.292 nm, rlist 1.692 nm
  inner list: updated every  13 steps, buffer 0.053 nm, rlist 1.453 nm

Using full Lennard-Jones parameter combination matrix
Removing pbc first time

Will apply potential COM pulling
with 1 pull coordinate and 2 groups
Pull group 1:  3015 atoms, mass 21331.701
Pull group 2:    53 atoms, mass   452.433

Initializing Parallel LINear Constraint Solver

++++ PLEASE READ AND CITE THE FOLLOWING REFERENCE ++++
B. Hess
P-LINCS: A Parallel Linear Constraint Solver for molecular simulation
J. Chem. Theory Comput. 4 (2008) pp. 116-122
-------- -------- --- Thank You --- -------- --------

The number of constraints is 3104
There are constraints between atoms in different decomposition domains,
will communicate selected coordinates each lincs iteration

++++ PLEASE READ AND CITE THE FOLLOWING REFERENCE ++++
S. Miyamoto and P. A. Kollman
SETTLE: An Analytical Version of the SHAKE and RATTLE Algorithms for Rigid
Water Models
J. Comp. Chem. 13 (1992) pp. 952-962
-------- -------- --- Thank You --- -------- --------


Linking all bonded interactions to atoms


Intra-simulation communication will occur every 10 steps.

++++ PLEASE READ AND CITE THE FOLLOWING REFERENCE ++++
H. J. C. Berendsen, J. P. M. Postma, A. DiNola and J. R. Haak
Molecular dynamics with coupling to an external bath
J. Chem. Phys. 81 (1984) pp. 3684-3690
-------- -------- --- Thank You --- -------- --------

There are: 82669 Atoms
Atom distribution over 16 domains: av 5166 stddev 110 min 5079 max 5316

Constraining the starting coordinates (step 0)

Constraining the coordinates at t0-dt (step 0)
Center of mass motion removal mode is Linear
We have the following groups for center of mass motion removal:
  0:  rest
RMS relative constraint deviation after constraining: 0.00e+00
Initial temperature: 310.091 K

Started mdrun on rank 0 Thu Jan  2 09:38:34 2025

           Step           Time
              0        0.00000

   Energies (kJ/mol)
            U-B    Proper Dih.  Improper Dih.      CMAP Dih.          LJ-14
    7.57052e+03    8.05313e+03    4.31685e+02   -2.55752e+02    3.13131e+03
     Coulomb-14        LJ (SR)  Disper. corr.   Coulomb (SR)   Coul. recip.
    3.30100e+04    1.11651e+05   -4.01474e+03   -1.31993e+06    2.43713e+03
   COM Pull En.      Potential    Kinetic En.   Total Energy  Conserved En.
    9.36501e-14   -1.15792e+06    2.16153e+05   -9.41763e+05   -9.41784e+05
    Temperature Pres. DC (bar) Pressure (bar)   Constr. rmsd
    3.14258e+02   -8.16604e+01    1.72986e+02    3.54123e-05


DD  step 99 load imb.: force  0.3%  pme mesh/force 1.752
step  600: timed with pme grid 60 60 160, coulomb cutoff 1.400: 5965.8 M-cycles
step  800: timed with pme grid 52 52 128, coulomb cutoff 1.599: 4415.7 M-cycles
step 1000: timed with pme grid 48 48 120, coulomb cutoff 1.706: 5127.5 M-cycles

DD  step 999 load imb.: force  0.5%  pme mesh/force 0.579
           Step           Time
           1000        2.00000

   Energies (kJ/mol)
            U-B    Proper Dih.  Improper Dih.      CMAP Dih.          LJ-14
    7.56690e+03    8.13239e+03    4.73151e+02   -2.60057e+02    3.12028e+03
     Coulomb-14        LJ (SR)  Disper. corr.   Coulomb (SR)   Coul. recip.
    3.29234e+04    1.11960e+05   -4.01860e+03   -1.32073e+06    1.43081e+03
   COM Pull En.      Potential    Kinetic En.   Total Energy  Conserved En.
    3.22243e-01   -1.15940e+06    2.13134e+05   -9.46269e+05   -9.41777e+05
    Temperature Pres. DC (bar) Pressure (bar)   Constr. rmsd
    3.09870e+02   -8.18174e+01    9.30081e+01    3.58806e-05

step 1200: timed with pme grid 48 48 128, coulomb cutoff 1.658: 4877.7 M-cycles
step 1400: timed with pme grid 52 52 128, coulomb cutoff 1.599: 4388.3 M-cycles
step 1600: timed with pme grid 52 52 144, coulomb cutoff 1.531: 4194.9 M-cycles
step 1800: timed with pme grid 56 56 144, coulomb cutoff 1.421: 4491.8 M-cycles
              optimal pme grid 52 52 144, coulomb cutoff 1.531

DD  step 1999 load imb.: force  0.4%  pme mesh/force 0.900
           Step           Time
           2000        4.00000

   Energies (kJ/mol)
            U-B    Proper Dih.  Improper Dih.      CMAP Dih.          LJ-14
    7.54331e+03    8.05073e+03    4.34966e+02   -2.79325e+02    3.07848e+03
     Coulomb-14        LJ (SR)  Disper. corr.   Coulomb (SR)   Coul. recip.
    3.29161e+04    1.11694e+05   -4.02150e+03   -1.32114e+06    1.83082e+03
   COM Pull En.      Potential    Kinetic En.   Total Energy  Conserved En.
    1.35740e+00   -1.15989e+06    2.12374e+05   -9.47514e+05   -9.41908e+05
    Temperature Pres. DC (bar) Pressure (bar)   Constr. rmsd
    3.08765e+02   -8.19357e+01    1.06006e+02    3.64441e-05


DD  step 2999 load imb.: force  0.7%  pme mesh/force 0.926
           Step           Time
           3000        6.00000

   Energies (kJ/mol)
            U-B    Proper Dih.  Improper Dih.      CMAP Dih.          LJ-14
    7.35675e+03    8.10221e+03    4.02524e+02   -2.82324e+02    3.05240e+03
     Coulomb-14        LJ (SR)  Disper. corr.   Coulomb (SR)   Coul. recip.
    3.28919e+04    1.07736e+05   -4.01498e+03   -1.31737e+06    1.87722e+03
   COM Pull En.      Potential    Kinetic En.   Total Energy  Conserved En.
    5.94052e-01   -1.16024e+06    2.13298e+05   -9.46945e+05   -9.41917e+05
    Temperature Pres. DC (bar) Pressure (bar)   Constr. rmsd
    3.10109e+02   -8.16704e+01   -2.40536e+02    3.44467e-05


DD  step 3999 load imb.: force  0.7%  pme mesh/force 0.953
           Step           Time
           4000        8.00000

   Energies (kJ/mol)
            U-B    Proper Dih.  Improper Dih.      CMAP Dih.          LJ-14
    7.43794e+03    8.07531e+03    3.62407e+02   -2.58549e+02    2.98297e+03
     Coulomb-14        LJ (SR)  Disper. corr.   Coulomb (SR)   Coul. recip.
    3.29756e+04    1.10267e+05   -4.02442e+03   -1.32003e+06    1.81420e+03
   COM Pull En.      Potential    Kinetic En.   Total Energy  Conserved En.
    6.81046e-01   -1.16040e+06    2.12994e+05   -9.47404e+05   -9.41961e+05
    Temperature Pres. DC (bar) Pressure (bar)   Constr. rmsd
    3.09667e+02   -8.20544e+01   -5.37007e+01    3.54150e-05


DD  step 4999 load imb.: force  0.5%  pme mesh/force 0.990
           Step           Time
           5000       10.00000

   Energies (kJ/mol)
            U-B    Proper Dih.  Improper Dih.      CMAP Dih.          LJ-14
    7.39470e+03    8.01974e+03    4.07271e+02   -2.61113e+02    3.07624e+03
     Coulomb-14        LJ (SR)  Disper. corr.   Coulomb (SR)   Coul. recip.
    3.30264e+04    1.11101e+05   -4.02184e+03   -1.31980e+06    1.82720e+03
   COM Pull En.      Potential    Kinetic En.   Total Energy  Conserved En.
    2.00537e-01   -1.15923e+06    2.12011e+05   -9.47218e+05   -9.42008e+05
    Temperature Pres. DC (bar) Pressure (bar)   Constr. rmsd
    3.08238e+02   -8.19494e+01    4.84559e+01    3.59034e-05


DD  step 5999 load imb.: force  0.7%  pme mesh/force 0.869
           Step           Time
           6000       12.00000

   Energies (kJ/mol)
            U-B    Proper Dih.  Improper Dih.      CMAP Dih.          LJ-14
    7.14153e+03    8.19215e+03    4.47225e+02   -3.10699e+02    3.11245e+03
     Coulomb-14        LJ (SR)  Disper. corr.   Coulomb (SR)   Coul. recip.
    3.29633e+04    1.11234e+05   -4.01771e+03   -1.32051e+06    1.78540e+03
   COM Pull En.      Potential    Kinetic En.   Total Energy  Conserved En.
    6.91534e-01   -1.15996e+06    2.12881e+05   -9.47080e+05   -9.42072e+05
    Temperature Pres. DC (bar) Pressure (bar)   Constr. rmsd
    3.09502e+02   -8.17815e+01    7.34460e+01    3.53600e-05


DD  step 6999 load imb.: force  0.7%  pme mesh/force 0.970
           Step           Time
           7000       14.00000

   Energies (kJ/mol)
            U-B    Proper Dih.  Improper Dih.      CMAP Dih.          LJ-14
    7.24345e+03    8.05911e+03    3.80003e+02   -1.68358e+02    3.13741e+03
     Coulomb-14        LJ (SR)  Disper. corr.   Coulomb (SR)   Coul. recip.
    3.31076e+04    1.10078e+05   -4.01883e+03   -1.31957e+06    1.78177e+03
   COM Pull En.      Potential    Kinetic En.   Total Energy  Conserved En.
    6.76948e-01   -1.15997e+06    2.12736e+05   -9.47237e+05   -9.42078e+05
    Temperature Pres. DC (bar) Pressure (bar)   Constr. rmsd
    3.09291e+02   -8.18270e+01   -9.28512e+01    3.56900e-05


DD  step 7999 load imb.: force  0.8%  pme mesh/force 0.969
           Step           Time
           8000       16.00000

   Energies (kJ/mol)
            U-B    Proper Dih.  Improper Dih.      CMAP Dih.          LJ-14
    7.30331e+03    8.14463e+03    4.38342e+02   -2.38844e+02    3.10104e+03
     Coulomb-14        LJ (SR)  Disper. corr.   Coulomb (SR)   Coul. recip.
    3.29383e+04    1.11600e+05   -4.02146e+03   -1.32209e+06    1.74908e+03
   COM Pull En.      Potential    Kinetic En.   Total Energy  Conserved En.
    8.42031e-01   -1.16107e+06    2.13777e+05   -9.47297e+05   -9.42130e+05
    Temperature Pres. DC (bar) Pressure (bar)   Constr. rmsd
    3.10804e+02   -8.19338e+01    5.89430e+01    3.55471e-05


DD  step 8999 load imb.: force  0.7%  pme mesh/force 0.931
           Step           Time
           9000       18.00000

   Energies (kJ/mol)
            U-B    Proper Dih.  Improper Dih.      CMAP Dih.          LJ-14
    7.62855e+03    8.09726e+03    4.34751e+02   -2.43835e+02    3.13162e+03
     Coulomb-14        LJ (SR)  Disper. corr.   Coulomb (SR)   Coul. recip.
    3.31044e+04    1.10512e+05   -4.02688e+03   -1.32017e+06    1.82964e+03
   COM Pull En.      Potential    Kinetic En.   Total Energy  Conserved En.
    2.87268e-02   -1.15970e+06    2.12653e+05   -9.47048e+05   -9.42148e+05
    Temperature Pres. DC (bar) Pressure (bar)   Constr. rmsd
    3.09171e+02   -8.21549e+01    4.56561e+01    3.45419e-05


DD  step 9999 load imb.: force  0.6%  pme mesh/force 0.959
           Step           Time
          10000       20.00000

   Energies (kJ/mol)
            U-B    Proper Dih.  Improper Dih.      CMAP Dih.          LJ-14
    7.45008e+03    7.96796e+03    4.15267e+02   -2.55305e+02    3.05677e+03
     Coulomb-14        LJ (SR)  Disper. corr.   Coulomb (SR)   Coul. recip.
    3.27856e+04    1.12989e+05   -4.02737e+03   -1.32261e+06    1.77176e+03
   COM Pull En.      Potential    Kinetic En.   Total Energy  Conserved En.
    9.40874e-01   -1.16046e+06    2.13386e+05   -9.47070e+05   -9.42236e+05
    Temperature Pres. DC (bar) Pressure (bar)   Constr. rmsd
    3.10236e+02   -8.21750e+01    2.24243e+02    3.42940e-05


DD  step 10999 load imb.: force  0.7%  pme mesh/force 0.877
           Step           Time
          11000       22.00000

   Energies (kJ/mol)
            U-B    Proper Dih.  Improper Dih.      CMAP Dih.          LJ-14
    7.43019e+03    8.15585e+03    4.16199e+02   -2.60254e+02    3.10377e+03
     Coulomb-14        LJ (SR)  Disper. corr.   Coulomb (SR)   Coul. recip.
    3.28222e+04    1.11878e+05   -4.02393e+03   -1.32310e+06    1.80516e+03
   COM Pull En.      Potential    Kinetic En.   Total Energy  Conserved En.
    7.37214e-01   -1.16177e+06    2.14020e+05   -9.47753e+05   -9.42257e+05
    Temperature Pres. DC (bar) Pressure (bar)   Constr. rmsd
    3.11158e+02   -8.20348e+01    7.50994e+01    3.42122e-05


DD  step 11999 load imb.: force  0.7%  pme mesh/force 0.835
           Step           Time
          12000       24.00000

   Energies (kJ/mol)
            U-B    Proper Dih.  Improper Dih.      CMAP Dih.          LJ-14
    7.53098e+03    8.07361e+03    3.78956e+02   -2.57087e+02    3.12796e+03
     Coulomb-14        LJ (SR)  Disper. corr.   Coulomb (SR)   Coul. recip.
    3.30301e+04    1.11100e+05   -4.02129e+03   -1.32101e+06    1.78865e+03
   COM Pull En.      Potential    Kinetic En.   Total Energy  Conserved En.
    4.53296e-02   -1.16026e+06    2.12732e+05   -9.47529e+05   -9.42265e+05
    Temperature Pres. DC (bar) Pressure (bar)   Constr. rmsd
    3.09285e+02   -8.19270e+01   -1.22421e+00    3.65969e-05


DD  step 12999 load imb.: force  0.8%  pme mesh/force 0.951
           Step           Time
          13000       26.00000

   Energies (kJ/mol)
            U-B    Proper Dih.  Improper Dih.      CMAP Dih.          LJ-14
    7.46092e+03    8.10953e+03    4.25817e+02   -1.99632e+02    3.16589e+03
     Coulomb-14        LJ (SR)  Disper. corr.   Coulomb (SR)   Coul. recip.
    3.26943e+04    1.11593e+05   -4.02947e+03   -1.32204e+06    1.82803e+03
   COM Pull En.      Potential    Kinetic En.   Total Energy  Conserved En.
    1.36813e+00   -1.16099e+06    2.13282e+05   -9.47706e+05   -9.42304e+05
    Temperature Pres. DC (bar) Pressure (bar)   Constr. rmsd
    3.10085e+02   -8.22603e+01    1.29525e+02    3.37738e-05


DD  step 13999 load imb.: force  0.6%  pme mesh/force 0.885
           Step           Time
          14000       28.00000

   Energies (kJ/mol)
            U-B    Proper Dih.  Improper Dih.      CMAP Dih.          LJ-14
    7.49519e+03    8.13295e+03    4.55039e+02   -2.59280e+02    3.10725e+03
     Coulomb-14        LJ (SR)  Disper. corr.   Coulomb (SR)   Coul. recip.
    3.30239e+04    1.11912e+05   -4.02518e+03   -1.32246e+06    1.84325e+03
   COM Pull En.      Potential    Kinetic En.   Total Energy  Conserved En.
    1.41576e+00   -1.16078e+06    2.12974e+05   -9.47804e+05   -9.42358e+05
    Temperature Pres. DC (bar) Pressure (bar)   Constr. rmsd
    3.09637e+02   -8.20854e+01    8.72802e+01    3.58155e-05


DD  step 14999 load imb.: force  0.7%  pme mesh/force 0.945
           Step           Time
          15000       30.00000

   Energies (kJ/mol)
            U-B    Proper Dih.  Improper Dih.      CMAP Dih.          LJ-14
    7.57019e+03    8.02297e+03    4.09344e+02   -2.45620e+02    3.05839e+03
     Coulomb-14        LJ (SR)  Disper. corr.   Coulomb (SR)   Coul. recip.
    3.31494e+04    1.10824e+05   -4.02122e+03   -1.32195e+06    1.76412e+03
   COM Pull En.      Potential    Kinetic En.   Total Energy  Conserved En.
    4.67589e+00   -1.16141e+06    2.13972e+05   -9.47438e+05   -9.42373e+05
    Temperature Pres. DC (bar) Pressure (bar)   Constr. rmsd
    3.11088e+02   -8.19241e+01   -5.57550e+01    3.45931e-05


DD  step 15999 load imb.: force  0.7%  pme mesh/force 0.949
           Step           Time
          16000       32.00000

   Energies (kJ/mol)
            U-B    Proper Dih.  Improper Dih.      CMAP Dih.          LJ-14
    7.37413e+03    8.11197e+03    4.04764e+02   -2.44527e+02    3.12498e+03
     Coulomb-14        LJ (SR)  Disper. corr.   Coulomb (SR)   Coul. recip.
    3.30291e+04    1.09749e+05   -4.02680e+03   -1.32010e+06    1.72350e+03
   COM Pull En.      Potential    Kinetic En.   Total Energy  Conserved En.
    9.76319e+00   -1.16084e+06    2.13154e+05   -9.47689e+05   -9.42416e+05
    Temperature Pres. DC (bar) Pressure (bar)   Constr. rmsd
    3.09899e+02   -8.21517e+01   -1.13762e+02    3.73197e-05


DD  step 16999 load imb.: force  0.8%  pme mesh/force 0.926
           Step           Time
          17000       34.00000

   Energies (kJ/mol)
            U-B    Proper Dih.  Improper Dih.      CMAP Dih.          LJ-14
    7.50229e+03    8.06558e+03    4.28647e+02   -2.57559e+02    3.11729e+03
     Coulomb-14        LJ (SR)  Disper. corr.   Coulomb (SR)   Coul. recip.
    3.29373e+04    1.09347e+05   -4.02476e+03   -1.31961e+06    1.82411e+03
   COM Pull En.      Potential    Kinetic En.   Total Energy  Conserved En.
    2.96703e+00   -1.16067e+06    2.13102e+05   -9.47566e+05   -9.42448e+05
    Temperature Pres. DC (bar) Pressure (bar)   Constr. rmsd
    3.09824e+02   -8.20685e+01   -8.66324e+01    3.78829e-05


DD  step 17999 load imb.: force  0.7%  pme mesh/force 0.869
           Step           Time
          18000       36.00000

   Energies (kJ/mol)
            U-B    Proper Dih.  Improper Dih.      CMAP Dih.          LJ-14
    7.33464e+03    8.06702e+03    4.76618e+02   -2.43143e+02    3.11940e+03
     Coulomb-14        LJ (SR)  Disper. corr.   Coulomb (SR)   Coul. recip.
    3.28746e+04    1.10751e+05   -4.02125e+03   -1.31984e+06    1.84083e+03
   COM Pull En.      Potential    Kinetic En.   Total Energy  Conserved En.
    1.12932e+00   -1.15964e+06    2.12289e+05   -9.47346e+05   -9.42490e+05
    Temperature Pres. DC (bar) Pressure (bar)   Constr. rmsd
    3.08641e+02   -8.19252e+01    5.47240e+01    3.56342e-05


DD  step 18999 load imb.: force  0.6%  pme mesh/force 0.926
           Step           Time
          19000       38.00000

   Energies (kJ/mol)
            U-B    Proper Dih.  Improper Dih.      CMAP Dih.          LJ-14
    7.38750e+03    8.05605e+03    4.33982e+02   -2.74876e+02    3.09466e+03
     Coulomb-14        LJ (SR)  Disper. corr.   Coulomb (SR)   Coul. recip.
    3.30845e+04    1.10202e+05   -4.02233e+03   -1.32043e+06    1.84960e+03
   COM Pull En.      Potential    Kinetic En.   Total Energy  Conserved En.
    8.81153e-01   -1.16062e+06    2.12899e+05   -9.47722e+05   -9.42535e+05
    Temperature Pres. DC (bar) Pressure (bar)   Constr. rmsd
    3.09528e+02   -8.19693e+01   -3.15086e+01    3.53813e-05


DD  step 19999 load imb.: force  0.7%  pme mesh/force 0.864
           Step           Time
          20000       40.00000

   Energies (kJ/mol)
            U-B    Proper Dih.  Improper Dih.      CMAP Dih.          LJ-14
    7.38650e+03    8.03640e+03    4.57208e+02   -2.63493e+02    3.15361e+03
     Coulomb-14        LJ (SR)  Disper. corr.   Coulomb (SR)   Coul. recip.
    3.30775e+04    1.10003e+05   -4.03152e+03   -1.32073e+06    1.82353e+03
   COM Pull En.      Potential    Kinetic En.   Total Energy  Conserved En.
    3.42774e-01   -1.16109e+06    2.13629e+05   -9.47459e+05   -9.42567e+05
    Temperature Pres. DC (bar) Pressure (bar)   Constr. rmsd
    3.10589e+02   -8.23442e+01    4.69048e+01    3.45620e-05


DD  step 20999 load imb.: force  0.5%  pme mesh/force 0.939
           Step           Time
          21000       42.00000

   Energies (kJ/mol)
            U-B    Proper Dih.  Improper Dih.      CMAP Dih.          LJ-14
    7.42453e+03    7.96926e+03    4.53111e+02   -2.54997e+02    3.10779e+03
     Coulomb-14        LJ (SR)  Disper. corr.   Coulomb (SR)   Coul. recip.
    3.29102e+04    1.09720e+05   -4.02061e+03   -1.32023e+06    1.82275e+03
   COM Pull En.      Potential    Kinetic En.   Total Energy  Conserved En.
    1.14981e-01   -1.16110e+06    2.13349e+05   -9.47750e+05   -9.42602e+05
    Temperature Pres. DC (bar) Pressure (bar)   Constr. rmsd
    3.10183e+02   -8.18993e+01   -3.74122e+01    3.44292e-05


DD  step 21999 load imb.: force  0.7%  pme mesh/force 0.933
           Step           Time
          22000       44.00000

   Energies (kJ/mol)
            U-B    Proper Dih.  Improper Dih.      CMAP Dih.          LJ-14
    7.42449e+03    8.03678e+03    4.55779e+02   -2.93678e+02    3.12239e+03
     Coulomb-14        LJ (SR)  Disper. corr.   Coulomb (SR)   Coul. recip.
    3.29129e+04    1.09767e+05   -4.02550e+03   -1.32005e+06    1.81164e+03
   COM Pull En.      Potential    Kinetic En.   Total Energy  Conserved En.
    2.38947e+00   -1.16084e+06    2.13411e+05   -9.47424e+05   -9.42650e+05
    Temperature Pres. DC (bar) Pressure (bar)   Constr. rmsd
    3.10272e+02   -8.20986e+01   -6.66222e+01    3.55549e-05


DD  step 22999 load imb.: force  0.6%  pme mesh/force 0.962
           Step           Time
          23000       46.00000

   Energies (kJ/mol)
            U-B    Proper Dih.  Improper Dih.      CMAP Dih.          LJ-14
    7.35009e+03    8.05194e+03    4.64994e+02   -1.81650e+02    3.17319e+03
     Coulomb-14        LJ (SR)  Disper. corr.   Coulomb (SR)   Coul. recip.
    3.30566e+04    1.10736e+05   -4.02042e+03   -1.32000e+06    1.79780e+03
   COM Pull En.      Potential    Kinetic En.   Total Energy  Conserved En.
    2.92592e+00   -1.15957e+06    2.12713e+05   -9.46860e+05   -9.42659e+05
    Temperature Pres. DC (bar) Pressure (bar)   Constr. rmsd
    3.09257e+02   -8.18917e+01    7.24341e+01    3.28371e-05


DD  step 23999 load imb.: force  0.7%  pme mesh/force 0.893
           Step           Time
          24000       48.00000

   Energies (kJ/mol)
            U-B    Proper Dih.  Improper Dih.      CMAP Dih.          LJ-14
    7.31191e+03    8.05986e+03    3.82131e+02   -2.11458e+02    3.12984e+03
     Coulomb-14        LJ (SR)  Disper. corr.   Coulomb (SR)   Coul. recip.
    3.30038e+04    1.10342e+05   -4.02431e+03   -1.32051e+06    1.78307e+03
   COM Pull En.      Potential    Kinetic En.   Total Energy  Conserved En.
    1.02401e-01   -1.16073e+06    2.13419e+05   -9.47309e+05   -9.42705e+05
    Temperature Pres. DC (bar) Pressure (bar)   Constr. rmsd
    3.10284e+02   -8.20501e+01   -4.51052e+01    3.50857e-05


DD  step 24999 load imb.: force  0.5%  pme mesh/force 0.949
           Step           Time
          25000       50.00000

   Energies (kJ/mol)
            U-B    Proper Dih.  Improper Dih.      CMAP Dih.          LJ-14
    7.28700e+03    8.06656e+03    4.24005e+02   -1.79025e+02    3.07400e+03
     Coulomb-14        LJ (SR)  Disper. corr.   Coulomb (SR)   Coul. recip.
    3.28467e+04    1.10520e+05   -4.02295e+03   -1.32132e+06    1.71641e+03
   COM Pull En.      Potential    Kinetic En.   Total Energy  Conserved En.
    3.57616e-01   -1.16159e+06    2.13959e+05   -9.47633e+05   -9.42756e+05
    Temperature Pres. DC (bar) Pressure (bar)   Constr. rmsd
    3.11069e+02   -8.19947e+01   -8.12691e+01    3.81663e-05


DD  step 25999 load imb.: force  0.7%  pme mesh/force 0.839
           Step           Time
          26000       52.00000

   Energies (kJ/mol)
            U-B    Proper Dih.  Improper Dih.      CMAP Dih.          LJ-14
    7.29183e+03    8.01492e+03    3.72556e+02   -2.50594e+02    3.10374e+03
     Coulomb-14        LJ (SR)  Disper. corr.   Coulomb (SR)   Coul. recip.
    3.31367e+04    1.12470e+05   -4.02197e+03   -1.32331e+06    1.82792e+03
   COM Pull En.      Potential    Kinetic En.   Total Energy  Conserved En.
    1.03081e+00   -1.16136e+06    2.13879e+05   -9.47483e+05   -9.42787e+05
    Temperature Pres. DC (bar) Pressure (bar)   Constr. rmsd
    3.10953e+02   -8.19548e+01    1.53155e+02    3.53903e-05


DD  step 26999 load imb.: force  0.7%  pme mesh/force 0.899
           Step           Time
          27000       54.00000

   Energies (kJ/mol)
            U-B    Proper Dih.  Improper Dih.      CMAP Dih.          LJ-14
    7.38162e+03    7.92594e+03    4.19203e+02   -2.13611e+02    3.08044e+03
     Coulomb-14        LJ (SR)  Disper. corr.   Coulomb (SR)   Coul. recip.
    3.30129e+04    1.11797e+05   -4.02024e+03   -1.32220e+06    1.80404e+03
   COM Pull En.      Potential    Kinetic En.   Total Energy  Conserved En.
    4.23799e-02   -1.16101e+06    2.13606e+05   -9.47407e+05   -9.42846e+05
    Temperature Pres. DC (bar) Pressure (bar)   Constr. rmsd
    3.10556e+02   -8.18844e+01    1.03773e+02    3.57363e-05


DD  step 27999 load imb.: force  0.6%  pme mesh/force 0.900
           Step           Time
          28000       56.00000

   Energies (kJ/mol)
            U-B    Proper Dih.  Improper Dih.      CMAP Dih.          LJ-14
    7.52509e+03    8.03210e+03    4.01164e+02   -2.50242e+02    2.99740e+03
     Coulomb-14        LJ (SR)  Disper. corr.   Coulomb (SR)   Coul. recip.
    3.30688e+04    1.10058e+05   -4.02477e+03   -1.31981e+06    1.76977e+03
   COM Pull En.      Potential    Kinetic En.   Total Energy  Conserved En.
    6.61227e-01   -1.16023e+06    2.12781e+05   -9.47448e+05   -9.42836e+05
    Temperature Pres. DC (bar) Pressure (bar)   Constr. rmsd
    3.09357e+02   -8.20690e+01   -4.14531e+01    3.41296e-05


DD  step 28999 load imb.: force  0.8%  pme mesh/force 0.975
           Step           Time
          29000       58.00000

   Energies (kJ/mol)
            U-B    Proper Dih.  Improper Dih.      CMAP Dih.          LJ-14
    7.42507e+03    7.99062e+03    4.22797e+02   -2.49872e+02    3.05666e+03
     Coulomb-14        LJ (SR)  Disper. corr.   Coulomb (SR)   Coul. recip.
    3.27856e+04    1.09762e+05   -4.02107e+03   -1.32117e+06    1.80710e+03
   COM Pull En.      Potential    Kinetic En.   Total Energy  Conserved En.
    4.80471e-01   -1.16220e+06    2.14030e+05   -9.48165e+05   -9.42882e+05
    Temperature Pres. DC (bar) Pressure (bar)   Constr. rmsd
    3.11172e+02   -8.19179e+01   -1.29619e+02    3.54475e-05


DD  step 29999 load imb.: force  0.7%  pme mesh/force 0.958
           Step           Time
          30000       60.00000

   Energies (kJ/mol)
            U-B    Proper Dih.  Improper Dih.      CMAP Dih.          LJ-14
    7.22407e+03    7.87921e+03    3.74482e+02   -2.02627e+02    3.15376e+03
     Coulomb-14        LJ (SR)  Disper. corr.   Coulomb (SR)   Coul. recip.
    3.29878e+04    1.12235e+05   -4.02197e+03   -1.32264e+06    1.82088e+03
   COM Pull En.      Potential    Kinetic En.   Total Energy  Conserved En.
    1.52432e+00   -1.16119e+06    2.13761e+05   -9.47429e+05   -9.42957e+05
    Temperature Pres. DC (bar) Pressure (bar)   Constr. rmsd
    3.10781e+02   -8.19549e+01    1.71568e+02    3.32482e-05


DD  step 30999 load imb.: force  0.7%  pme mesh/force 0.929
           Step           Time
          31000       62.00000

   Energies (kJ/mol)
            U-B    Proper Dih.  Improper Dih.      CMAP Dih.          LJ-14
    7.51217e+03    8.02595e+03    4.68728e+02   -2.96601e+02    3.10820e+03
     Coulomb-14        LJ (SR)  Disper. corr.   Coulomb (SR)   Coul. recip.
    3.28970e+04    1.10242e+05   -4.02175e+03   -1.32004e+06    1.73469e+03
   COM Pull En.      Potential    Kinetic En.   Total Energy  Conserved En.
    2.13636e+00   -1.16037e+06    2.12960e+05   -9.47411e+05   -9.42952e+05
    Temperature Pres. DC (bar) Pressure (bar)   Constr. rmsd
    3.09617e+02   -8.19457e+01   -1.48751e+01    3.55359e-05


DD  step 31999 load imb.: force  0.7%  pme mesh/force 0.840
           Step           Time
          32000       64.00000

   Energies (kJ/mol)
            U-B    Proper Dih.  Improper Dih.      CMAP Dih.          LJ-14
    7.32242e+03    7.96842e+03    4.62330e+02   -3.00135e+02    3.07078e+03
     Coulomb-14        LJ (SR)  Disper. corr.   Coulomb (SR)   Coul. recip.
    3.29650e+04    1.11149e+05   -4.02099e+03   -1.32108e+06    1.79674e+03
   COM Pull En.      Potential    Kinetic En.   Total Energy  Conserved En.
    1.07476e+00   -1.16066e+06    2.13295e+05   -9.47369e+05   -9.43043e+05
    Temperature Pres. DC (bar) Pressure (bar)   Constr. rmsd
    3.10104e+02   -8.19148e+01    5.50779e+01    3.64056e-05


DD  step 32999 load imb.: force  0.8%  pme mesh/force 0.944
           Step           Time
          33000       66.00000

   Energies (kJ/mol)
            U-B    Proper Dih.  Improper Dih.      CMAP Dih.          LJ-14
    7.27600e+03    8.01300e+03    4.05199e+02   -2.08843e+02    3.10731e+03
     Coulomb-14        LJ (SR)  Disper. corr.   Coulomb (SR)   Coul. recip.
    3.31058e+04    1.10096e+05   -4.02458e+03   -1.32105e+06    1.75780e+03
   COM Pull En.      Potential    Kinetic En.   Total Energy  Conserved En.
    2.36907e-02   -1.16153e+06    2.14221e+05   -9.47306e+05   -9.43036e+05
    Temperature Pres. DC (bar) Pressure (bar)   Constr. rmsd
    3.11451e+02   -8.20613e+01   -3.03873e+01    3.66175e-05


DD  step 33999 load imb.: force  0.6%  pme mesh/force 0.904
           Step           Time
          34000       68.00000

   Energies (kJ/mol)
            U-B    Proper Dih.  Improper Dih.      CMAP Dih.          LJ-14
    7.66974e+03    7.98951e+03    3.90443e+02   -1.92261e+02    3.07220e+03
     Coulomb-14        LJ (SR)  Disper. corr.   Coulomb (SR)   Coul. recip.
    3.28713e+04    1.10658e+05   -4.02341e+03   -1.32062e+06    1.84457e+03
   COM Pull En.      Potential    Kinetic En.   Total Energy  Conserved En.
    6.37337e-01   -1.16034e+06    2.12749e+05   -9.47588e+05   -9.43060e+05
    Temperature Pres. DC (bar) Pressure (bar)   Constr. rmsd
    3.09311e+02   -8.20133e+01   -3.48781e+01    3.65337e-05


DD  step 34999 load imb.: force  0.7%  pme mesh/force 0.900
           Step           Time
          35000       70.00000

   Energies (kJ/mol)
            U-B    Proper Dih.  Improper Dih.      CMAP Dih.          LJ-14
    7.29129e+03    8.00569e+03    4.09247e+02   -2.71638e+02    2.99754e+03
     Coulomb-14        LJ (SR)  Disper. corr.   Coulomb (SR)   Coul. recip.
    3.32192e+04    1.10632e+05   -4.02480e+03   -1.32011e+06    1.86330e+03
   COM Pull En.      Potential    Kinetic En.   Total Energy  Conserved En.
    1.88873e-01   -1.15999e+06    2.12757e+05   -9.47231e+05   -9.43117e+05
    Temperature Pres. DC (bar) Pressure (bar)   Constr. rmsd
    3.09321e+02   -8.20701e+01   -1.63585e+01    3.53198e-05


DD  step 35999 load imb.: force  0.6%  pme mesh/force 0.923
           Step           Time
          36000       72.00000

   Energies (kJ/mol)
            U-B    Proper Dih.  Improper Dih.      CMAP Dih.          LJ-14
    7.39025e+03    8.05795e+03    4.51382e+02   -2.13636e+02    3.04065e+03
     Coulomb-14        LJ (SR)  Disper. corr.   Coulomb (SR)   Coul. recip.
    3.28984e+04    1.10154e+05   -4.02098e+03   -1.31968e+06    1.81063e+03
   COM Pull En.      Potential    Kinetic En.   Total Energy  Conserved En.
    6.32625e+00   -1.16011e+06    2.12654e+05   -9.47454e+05   -9.43131e+05
    Temperature Pres. DC (bar) Pressure (bar)   Constr. rmsd
    3.09171e+02   -8.19144e+01   -1.18923e+01    3.51114e-05


DD  step 36999 load imb.: force  0.8%  pme mesh/force 0.967
           Step           Time
          37000       74.00000

   Energies (kJ/mol)
            U-B    Proper Dih.  Improper Dih.      CMAP Dih.          LJ-14
    7.17811e+03    8.07760e+03    4.81328e+02   -2.82600e+02    3.07857e+03
     Coulomb-14        LJ (SR)  Disper. corr.   Coulomb (SR)   Coul. recip.
    3.31835e+04    1.08793e+05   -4.02063e+03   -1.31902e+06    1.77788e+03
   COM Pull En.      Potential    Kinetic En.   Total Energy  Conserved En.
    4.19413e+00   -1.16075e+06    2.13826e+05   -9.46920e+05   -9.43182e+05
    Temperature Pres. DC (bar) Pressure (bar)   Constr. rmsd
    3.10875e+02   -8.19000e+01   -1.55249e+02    3.70633e-05


DD  step 37999 load imb.: force  0.9%  pme mesh/force 0.971
           Step           Time
          38000       76.00000

   Energies (kJ/mol)
            U-B    Proper Dih.  Improper Dih.      CMAP Dih.          LJ-14
    7.14036e+03    8.09453e+03    4.63130e+02   -2.71002e+02    3.03642e+03
     Coulomb-14        LJ (SR)  Disper. corr.   Coulomb (SR)   Coul. recip.
    3.32082e+04    1.10712e+05   -4.02083e+03   -1.31967e+06    1.77163e+03
   COM Pull En.      Potential    Kinetic En.   Total Energy  Conserved En.
    2.22409e+00   -1.15954e+06    2.12191e+05   -9.47347e+05   -9.43220e+05
    Temperature Pres. DC (bar) Pressure (bar)   Constr. rmsd
    3.08499e+02   -8.19081e+01   -4.49822e+01    3.67755e-05


DD  step 38999 load imb.: force  0.7%  pme mesh/force 0.945
           Step           Time
          39000       78.00000

   Energies (kJ/mol)
            U-B    Proper Dih.  Improper Dih.      CMAP Dih.          LJ-14
    7.29126e+03    8.02415e+03    4.49399e+02   -1.99556e+02    3.09978e+03
     Coulomb-14        LJ (SR)  Disper. corr.   Coulomb (SR)   Coul. recip.
    3.27962e+04    1.09997e+05   -4.02141e+03   -1.31935e+06    1.75663e+03
   COM Pull En.      Potential    Kinetic En.   Total Energy  Conserved En.
    3.32520e-01   -1.16015e+06    2.12819e+05   -9.47333e+05   -9.43279e+05
    Temperature Pres. DC (bar) Pressure (bar)   Constr. rmsd
    3.09412e+02   -8.19319e+01    6.90200e+00    3.43624e-05

Writing checkpoint, step 39900 at Thu Jan  2 09:53:36 2025



DD  step 39999 load imb.: force  0.5%  pme mesh/force 0.974
           Step           Time
          40000       80.00000

   Energies (kJ/mol)
            U-B    Proper Dih.  Improper Dih.      CMAP Dih.          LJ-14
    7.22209e+03    8.12885e+03    4.59065e+02   -3.33004e+02    3.11208e+03
     Coulomb-14        LJ (SR)  Disper. corr.   Coulomb (SR)   Coul. recip.
    3.30699e+04    1.10146e+05   -4.02603e+03   -1.32021e+06    1.79111e+03
   COM Pull En.      Potential    Kinetic En.   Total Energy  Conserved En.
    3.55092e-02   -1.16064e+06    2.13218e+05   -9.47418e+05   -9.43303e+05
    Temperature Pres. DC (bar) Pressure (bar)   Constr. rmsd
    3.09991e+02   -8.21202e+01   -5.41433e+00    3.49187e-05


DD  step 40999 load imb.: force  0.4%  pme mesh/force 0.951
           Step           Time
          41000       82.00000

   Energies (kJ/mol)
            U-B    Proper Dih.  Improper Dih.      CMAP Dih.          LJ-14
    7.26363e+03    8.13939e+03    4.38752e+02   -2.94814e+02    3.04217e+03
     Coulomb-14        LJ (SR)  Disper. corr.   Coulomb (SR)   Coul. recip.
    3.31489e+04    1.11695e+05   -4.02075e+03   -1.32266e+06    1.78920e+03
   COM Pull En.      Potential    Kinetic En.   Total Energy  Conserved En.
    1.90008e-01   -1.16146e+06    2.13888e+05   -9.47569e+05   -9.43350e+05
    Temperature Pres. DC (bar) Pressure (bar)   Constr. rmsd
    3.10966e+02   -8.19049e+01    2.88189e+01    3.68829e-05


DD  step 41999 load imb.: force  0.6%  pme mesh/force 0.977
           Step           Time
          42000       84.00000

   Energies (kJ/mol)
            U-B    Proper Dih.  Improper Dih.      CMAP Dih.          LJ-14
    7.37570e+03    8.11943e+03    4.73006e+02   -2.26907e+02    3.06307e+03
     Coulomb-14        LJ (SR)  Disper. corr.   Coulomb (SR)   Coul. recip.
    3.28312e+04    1.09934e+05   -4.01668e+03   -1.31948e+06    1.77387e+03
   COM Pull En.      Potential    Kinetic En.   Total Energy  Conserved En.
    2.68289e-01   -1.16016e+06    2.12887e+05   -9.47270e+05   -9.43367e+05
    Temperature Pres. DC (bar) Pressure (bar)   Constr. rmsd
    3.09510e+02   -8.17394e+01   -5.27749e+01    3.57720e-05


DD  step 42999 load imb.: force  0.5%  pme mesh/force 0.944
           Step           Time
          43000       86.00000

   Energies (kJ/mol)
            U-B    Proper Dih.  Improper Dih.      CMAP Dih.          LJ-14
    7.30773e+03    8.10520e+03    4.12774e+02   -3.58731e+02    3.07198e+03
     Coulomb-14        LJ (SR)  Disper. corr.   Coulomb (SR)   Coul. recip.
    3.28531e+04    1.10158e+05   -4.02012e+03   -1.31927e+06    1.91725e+03
   COM Pull En.      Potential    Kinetic En.   Total Energy  Conserved En.
    3.87679e-03   -1.15982e+06    2.12874e+05   -9.46951e+05   -9.43415e+05
    Temperature Pres. DC (bar) Pressure (bar)   Constr. rmsd
    3.09492e+02   -8.18794e+01   -4.98857e+01    3.67527e-05


DD  step 43999 load imb.: force  0.7%  pme mesh/force 0.880
           Step           Time
          44000       88.00000

   Energies (kJ/mol)
            U-B    Proper Dih.  Improper Dih.      CMAP Dih.          LJ-14
    7.19835e+03    8.08845e+03    4.60502e+02   -3.08656e+02    3.12078e+03
     Coulomb-14        LJ (SR)  Disper. corr.   Coulomb (SR)   Coul. recip.
    3.31785e+04    1.11317e+05   -4.02755e+03   -1.32135e+06    1.79851e+03
   COM Pull En.      Potential    Kinetic En.   Total Energy  Conserved En.
    2.27787e-01   -1.16052e+06    2.13266e+05   -9.47254e+05   -9.43446e+05
    Temperature Pres. DC (bar) Pressure (bar)   Constr. rmsd
    3.10062e+02   -8.21821e+01    6.05157e+01    3.47801e-05


DD  step 44999 load imb.: force  0.8%  pme mesh/force 0.940
           Step           Time
          45000       90.00000

   Energies (kJ/mol)
            U-B    Proper Dih.  Improper Dih.      CMAP Dih.          LJ-14
    7.33842e+03    8.01848e+03    4.88145e+02   -2.41628e+02    3.08133e+03
     Coulomb-14        LJ (SR)  Disper. corr.   Coulomb (SR)   Coul. recip.
    3.30814e+04    1.09195e+05   -4.01901e+03   -1.31902e+06    1.77832e+03
   COM Pull En.      Potential    Kinetic En.   Total Energy  Conserved En.
    2.52451e-01   -1.16030e+06    2.12747e+05   -9.47549e+05   -9.43481e+05
    Temperature Pres. DC (bar) Pressure (bar)   Constr. rmsd
    3.09307e+02   -8.18343e+01   -1.10977e+02    3.57657e-05


DD  step 45999 load imb.: force  0.7%  pme mesh/force 0.931
           Step           Time
          46000       92.00000

   Energies (kJ/mol)
            U-B    Proper Dih.  Improper Dih.      CMAP Dih.          LJ-14
    7.20928e+03    8.11192e+03    4.78531e+02   -3.02758e+02    3.04714e+03
     Coulomb-14        LJ (SR)  Disper. corr.   Coulomb (SR)   Coul. recip.
    3.28962e+04    1.10950e+05   -4.02385e+03   -1.32056e+06    1.76311e+03
   COM Pull En.      Potential    Kinetic En.   Total Energy  Conserved En.
    2.38592e-01   -1.16043e+06    2.13174e+05   -9.47255e+05   -9.43517e+05
    Temperature Pres. DC (bar) Pressure (bar)   Constr. rmsd
    3.09928e+02   -8.20315e+01   -1.07283e+01    3.78319e-05


DD  step 46999 load imb.: force  0.7%  pme mesh/force 0.840
           Step           Time
          47000       94.00000

   Energies (kJ/mol)
            U-B    Proper Dih.  Improper Dih.      CMAP Dih.          LJ-14
    7.41155e+03    8.00381e+03    4.21331e+02   -2.30814e+02    3.08488e+03
     Coulomb-14        LJ (SR)  Disper. corr.   Coulomb (SR)   Coul. recip.
    3.31182e+04    1.10020e+05   -4.02821e+03   -1.32056e+06    1.83121e+03
   COM Pull En.      Potential    Kinetic En.   Total Energy  Conserved En.
    3.32842e-02   -1.16093e+06    2.13498e+05   -9.47430e+05   -9.43558e+05
    Temperature Pres. DC (bar) Pressure (bar)   Constr. rmsd
    3.10399e+02   -8.22092e+01   -2.99359e+01    3.74174e-05


DD  step 47999 load imb.: force  0.5%  pme mesh/force 0.899
           Step           Time
          48000       96.00000

   Energies (kJ/mol)
            U-B    Proper Dih.  Improper Dih.      CMAP Dih.          LJ-14
    7.28959e+03    8.09672e+03    3.97817e+02   -2.67394e+02    3.08804e+03
     Coulomb-14        LJ (SR)  Disper. corr.   Coulomb (SR)   Coul. recip.
    3.30928e+04    1.10860e+05   -4.02698e+03   -1.32085e+06    1.81754e+03
   COM Pull En.      Potential    Kinetic En.   Total Energy  Conserved En.
    3.13280e-01   -1.16050e+06    2.13178e+05   -9.47324e+05   -9.43603e+05
    Temperature Pres. DC (bar) Pressure (bar)   Constr. rmsd
    3.09933e+02   -8.21589e+01    4.69670e+01    3.55380e-05


DD  step 48999 load imb.: force  0.7%  pme mesh/force 0.959
           Step           Time
          49000       98.00000

   Energies (kJ/mol)
            U-B    Proper Dih.  Improper Dih.      CMAP Dih.          LJ-14
    7.31573e+03    8.10933e+03    4.28130e+02   -2.58302e+02    3.06126e+03
     Coulomb-14        LJ (SR)  Disper. corr.   Coulomb (SR)   Coul. recip.
    3.29289e+04    1.10160e+05   -4.02773e+03   -1.32041e+06    1.75048e+03
   COM Pull En.      Potential    Kinetic En.   Total Energy  Conserved En.
    2.34095e-01   -1.16094e+06    2.13353e+05   -9.47590e+05   -9.43660e+05
    Temperature Pres. DC (bar) Pressure (bar)   Constr. rmsd
    3.10188e+02   -8.21897e+01    2.47889e+01    3.47800e-05


DD  step 49999 load imb.: force  0.5%  pme mesh/force 0.902
           Step           Time
          50000      100.00000

Writing checkpoint, step 50000 at Thu Jan  2 09:57:22 2025


   Energies (kJ/mol)
            U-B    Proper Dih.  Improper Dih.      CMAP Dih.          LJ-14
    7.23061e+03    8.03635e+03    4.46967e+02   -1.91833e+02    3.04985e+03
     Coulomb-14        LJ (SR)  Disper. corr.   Coulomb (SR)   Coul. recip.
    3.30766e+04    1.11445e+05   -4.02245e+03   -1.32166e+06    1.80277e+03
   COM Pull En.      Potential    Kinetic En.   Total Energy  Conserved En.
    1.03369e+00   -1.16078e+06    2.12995e+05   -9.47787e+05   -9.43693e+05
    Temperature Pres. DC (bar) Pressure (bar)   Constr. rmsd
    3.09668e+02   -8.19742e+01    1.47930e+01    3.68367e-05


Energy conservation over simulation part #1 of length 100 ns, time 0 to 100 ns
  Conserved energy drift: -2.31e-04 kJ/mol/ps per atom


	<======  ###############  ==>
	<====  A V E R A G E S  ====>
	<==  ###############  ======>

	Statistics over 50001 steps using 501 frames

   Energies (kJ/mol)
            U-B    Proper Dih.  Improper Dih.      CMAP Dih.          LJ-14
    7.35336e+03    8.05884e+03    4.31341e+02   -2.49562e+02    3.08891e+03
     Coulomb-14        LJ (SR)  Disper. corr.   Coulomb (SR)   Coul. recip.
    3.29881e+04    1.10637e+05   -4.02286e+03   -1.32064e+06    1.80879e+03
   COM Pull En.      Potential    Kinetic En.   Total Energy  Conserved En.
    1.18074e+00   -1.16055e+06    2.13222e+05   -9.47328e+05   -9.42751e+05
    Temperature Pres. DC (bar) Pressure (bar)   Constr. rmsd
    3.09997e+02   -8.19911e+01    2.14542e+00    0.00000e+00

          Box-X          Box-Y          Box-Z
    6.81831e+00    6.81831e+00    1.75328e+01

   Total Virial (kJ/mol)
    7.10108e+04    5.11196e+01    8.55437e+01
    5.10896e+01    7.10860e+04    7.25594e+01
    8.52577e+01    7.21880e+01    7.09671e+04

   Pressure (bar)
    1.39786e+00   -1.81812e+00   -3.27885e+00
   -1.81689e+00    2.64027e-01   -2.42080e+00
   -3.26720e+00   -2.40567e+00    4.77439e+00

      T-Protein  T-non-Protein
    3.09410e+02    3.10019e+02


       P P   -   P M E   L O A D   B A L A N C I N G

 PP/PME load balancing changed the cut-off and PME settings:
           particle-particle                    PME
            rcoulomb  rlist            grid      spacing   1/beta
   initial  1.400 nm  1.402 nm      60  60 160   0.114 nm  0.448 nm
   final    1.531 nm  1.533 nm      52  52 144   0.131 nm  0.490 nm
 cost-ratio           1.31             0.68
 (note that these numbers concern only part of the total PP and PME load)


	M E G A - F L O P S   A C C O U N T I N G

 NB=Group-cutoff nonbonded kernels    NxN=N-by-N cluster Verlet kernels
 RF=Reaction-Field  VdW=Van der Waals  QSTab=quadratic-spline table
 W3=SPC/TIP3p  W4=TIP4p (single or pairs)
 V&F=Potential and force  V=Potential only  F=Force only

 Computing:                               M-Number         M-Flops  % Flops
-----------------------------------------------------------------------------
 Pair Search distance check           35432.249488      318890.245     0.1
 NxN Ewald Elec. + LJ [F]           6825201.820272   450463320.138    95.4
 NxN Ewald Elec. + LJ [V&F]           69079.204192     7391474.849     1.6
 NxN LJ [F]                              58.946976        1945.250     0.0
 NxN LJ [V&F]                             0.595424          25.603     0.0
 NxN Ewald Elec. [F]                  78747.693552     4803609.307     1.0
 NxN Ewald Elec. [V&F]                  797.098912       66956.309     0.0
 1,4 nonbonded interactions             405.608112       36504.730     0.0
 Calc Weights                         12400.598007      446421.528     0.1
 Spread Q Bspline                    264546.090816      529092.182     0.1
 Gather F Bspline                    264546.090816     1587276.545     0.3
 3D-FFT                              725834.992850     5806679.943     1.2
 Solve PME                              135.666704        8682.669     0.0
 Reset In Box                            41.417169         124.252     0.0
 CG-CoM                                  41.499838         124.500     0.0
 Propers                                402.358047       92139.993     0.0
 Impropers                               24.150483        5023.300     0.0
 Virial                                 417.028389        7506.511     0.0
 Stop-CM                                 41.499838         414.998     0.0
 P-Coupling                             413.427669        2480.566     0.0
 Calc-Ekin                              826.855338       22325.094     0.0
 Lincs                                  254.877878       15292.673     0.0
 Lincs-Mat                             5490.456108       21961.824     0.0
 Constraint-V                          4756.176222       42805.586     0.0
 Constraint-Vir                         450.202399       10804.858     0.0
 Settle                                1415.505185      523736.918     0.1
 CMAP                                     9.200184       15640.313     0.0
 Urey-Bradley                           281.705634       51552.131     0.0
-----------------------------------------------------------------------------
 Total                                               472272812.814   100.0
-----------------------------------------------------------------------------


    D O M A I N   D E C O M P O S I T I O N   S T A T I S T I C S

 av. #atoms communicated per step for force:  2 x 136457.0
 av. #atoms communicated per step for LINCS:  2 x 7562.9


Dynamic load balancing report:
 DLB was off during the run due to low measured imbalance.
 Average load imbalance: 0.6%.
 The balanceable part of the MD step is 88%, load imbalance is computed from this.
 Part of the total run time spent waiting due to load imbalance: 0.6%.
 Average PME mesh/force load: 0.944
 Part of the total run time spent waiting due to PP/PME imbalance: 1.0 %


     R E A L   C Y C L E   A N D   T I M E   A C C O U N T I N G

On 16 MPI ranks doing PP, and
on 4 MPI ranks doing PME

 Computing:          Num   Num      Call    Wall time         Giga-Cycles
                     Ranks Threads  Count      (s)         total sum    %
-----------------------------------------------------------------------------
 Domain decomp.        16    1        501       9.642        353.998   0.7
 DD comm. load         16    1         52       0.004          0.145   0.0
 Send X to PME         16    1      50001       6.252        229.525   0.4
 Neighbor search       16    1        501       8.171        300.002   0.6
 Comm. coord.          16    1      49500      30.621       1124.216   2.2
 Force                 16    1      50001     858.512      31519.036  60.9
 Wait + Comm. F        16    1      50001      18.529        680.249   1.3
 PME mesh *             4    1      50001     914.681       8395.300  16.2
 PME wait for PP *                            213.712       1961.529   3.8
 Wait + Recv. PME F    16    1      50001      14.569        534.862   1.0
 NB X/F buffer ops.    16    1     149001      12.081        443.535   0.9
 COM pull force        16    1      50001     109.327       4013.782   7.8
 Write traj.           16    1         12       0.244          8.974   0.0
 Update                16    1      50001       4.558        167.356   0.3
 Constraints           16    1      50003      52.258       1918.576   3.7
 Comm. energies        16    1       5001       1.293         47.468   0.1
 Rest                                           2.341         85.957   0.2
-----------------------------------------------------------------------------
 Total                                       1128.402      51784.604 100.0
-----------------------------------------------------------------------------
(*) Note that with separate PME ranks, the walltime column actually sums to
    twice the total reported, but the cycle count total and % are correct.
-----------------------------------------------------------------------------
 Breakdown of PME mesh computation
-----------------------------------------------------------------------------
 PME redist. X/F        4    1     100002     209.379       1921.766   3.7
 PME spread             4    1      50001     280.445       2574.031   5.0
 PME gather             4    1      50001     157.551       1446.067   2.8
 PME 3D-FFT             4    1     100002      81.282        746.039   1.4
 PME 3D-FFT Comm.       4    1     100002     175.046       1606.639   3.1
 PME solve Elec         4    1      50001      10.496         96.334   0.2
-----------------------------------------------------------------------------

               Core t (s)   Wall t (s)        (%)
       Time:    22567.708     1128.402     2000.0
                 (ns/day)    (hour/ns)
Performance:        7.657        3.134
Finished mdrun on rank 0 Thu Jan  2 09:57:23 2025

