                      :-) GROMACS - gmx mdrun, 2021.4 (-:

                            GROMACS is written by:
     Andrey Alekseenko              Emile Apol              Rossen Apostolov     
         Paul Bauer           Herman J.C. Berendsen           Par Bjelkmar       
       Christian Blau           Viacheslav Bolnykh             Kevin Boyd        
     Aldert van Buuren           Rudi van Drunen             Anton Feenstra      
    Gilles Gouaillardet             Alan Gray               Gerrit Groenhof      
       Anca Hamuraru            Vincent Hindriksen          M. Eric Irrgang      
      Aleksei Iupinov           Christoph Junghans             Joe Jordan        
    Dimitrios Karkoulis            Peter Kasson                Jiri Kraus        
      Carsten Kutzner              Per Larsson              Justin A. Lemkul     
       Viveca Lindahl            Magnus Lundborg             Erik Marklund       
        Pascal Merz             Pieter Meulenhoff            Teemu Murtola       
        Szilard Pall               Sander Pronk              Roland Schulz       
       Michael Shirts            Alexey Shvetsov             Alfons Sijbers      
       Peter Tieleman              Jon Vincent              Teemu Virolainen     
     Christian Wennberg            Maarten Wolf              Artem Zhmurov       
                           and the project leaders:
        Mark Abraham, Berk Hess, Erik Lindahl, and David van der Spoel

Copyright (c) 1991-2000, University of Groningen, The Netherlands.
Copyright (c) 2001-2019, The GROMACS development team at
Uppsala University, Stockholm University and
the Royal Institute of Technology, Sweden.
check out http://www.gromacs.org for more information.

GROMACS is free software; you can redistribute it and/or modify it
under the terms of the GNU Lesser General Public License
as published by the Free Software Foundation; either version 2.1
of the License, or (at your option) any later version.

GROMACS:      gmx mdrun, version 2021.4
Executable:   /apps/gromacs-2021.4/bin/gmx_mpi
Data prefix:  /apps/gromacs-2021.4
Working dir:  /home/giacomo.marcon/toCluster/00_minimization
Process ID:   11734
Command line:
  gmx_mpi mdrun -v -deffnm step4.0_minimization -maxh 0.2

GROMACS version:    2021.4
Precision:          mixed
Memory model:       64 bit
MPI library:        MPI
OpenMP support:     enabled (GMX_OPENMP_MAX_THREADS = 64)
GPU support:        CUDA
SIMD instructions:  AVX_512
FFT library:        fftw-3.3.8-sse2-avx-avx2-avx2_128-avx512
RDTSCP usage:       enabled
TNG support:        enabled
Hwloc support:      disabled
Tracing support:    disabled
C compiler:         /apps/gcc-9.1.0/local/bin/gcc-9.1.0 GNU 9.1.0
C compiler flags:   -mavx512f -mfma -pthread -Wno-missing-field-initializers -fexcess-precision=fast -funroll-all-loops -O3 -DNDEBUG
C++ compiler:       /apps/gcc-9.1.0/local/bin/g++-9.1.0 GNU 9.1.0
C++ compiler flags: -mavx512f -mfma -pthread -Wno-missing-field-initializers -fexcess-precision=fast -funroll-all-loops -fopenmp -O3 -DNDEBUG
CUDA compiler:      /apps/cuda-11.1/bin/nvcc nvcc: NVIDIA (R) Cuda compiler driver;Copyright (c) 2005-2020 NVIDIA Corporation;Built on Mon_Oct_12_20:09:46_PDT_2020;Cuda compilation tools, release 11.1, V11.1.105;Build cuda_11.1.TC455_06.29190527_0
CUDA compiler flags:-std=c++17;-gencode;arch=compute_35,code=sm_35;-gencode;arch=compute_37,code=sm_37;-gencode;arch=compute_50,code=sm_50;-gencode;arch=compute_52,code=sm_52;-gencode;arch=compute_60,code=sm_60;-gencode;arch=compute_61,code=sm_61;-gencode;arch=compute_70,code=sm_70;-gencode;arch=compute_75,code=sm_75;-gencode;arch=compute_80,code=sm_80;-Wno-deprecated-gpu-targets;-gencode;arch=compute_86,code=sm_86;-gencode;arch=compute_35,code=compute_35;-gencode;arch=compute_53,code=compute_53;-gencode;arch=compute_80,code=compute_80;-use_fast_math;;-mavx512f -mfma -pthread -Wno-missing-field-initializers -fexcess-precision=fast -funroll-all-loops -fopenmp -O3 -DNDEBUG
CUDA driver:        0.0
CUDA runtime:       N/A


Running on 1 node with total 96 cores, 96 logical cores (GPU detection failed)
Hardware detected on host hpc-c11-node24.unitn.it (the node of MPI rank 0):
  CPU info:
    Vendor: Intel
    Brand:  Intel(R) Xeon(R) Gold 6252N CPU @ 2.30GHz
    Family: 6   Model: 85   Stepping: 7
    Features: aes apic avx avx2 avx512f avx512cd avx512bw avx512vl avx512secondFMA clfsh cmov cx8 cx16 f16c fma hle htt intel lahf mmx msr nonstop_tsc pcid pclmuldq pdcm pdpe1gb popcnt pse rdrnd rdtscp rtm sse2 sse3 sse4.1 sse4.2 ssse3 tdt x2apic
    Number of AVX-512 FMA units: 2
  Hardware topology: Basic
    Sockets, cores, and logical processors:
      Socket  0: [   0] [   1] [   2] [   3] [   4] [   5] [   6] [   7] [   8] [   9] [  10] [  11] [  12] [  13] [  14] [  15] [  16] [  17] [  18] [  19] [  20] [  21] [  22] [  23]
      Socket  1: [  24] [  25] [  26] [  27] [  28] [  29] [  30] [  31] [  32] [  33] [  34] [  35] [  36] [  37] [  38] [  39] [  40] [  41] [  42] [  43] [  44] [  45] [  46] [  47]
      Socket  2: [  48] [  49] [  50] [  51] [  52] [  53] [  54] [  55] [  56] [  57] [  58] [  59] [  60] [  61] [  62] [  63] [  64] [  65] [  66] [  67] [  68] [  69] [  70] [  71]
      Socket  3: [  72] [  73] [  74] [  75] [  76] [  77] [  78] [  79] [  80] [  81] [  82] [  83] [  84] [  85] [  86] [  87] [  88] [  89] [  90] [  91] [  92] [  93] [  94] [  95]


++++ PLEASE READ AND CITE THE FOLLOWING REFERENCE ++++
M. J. Abraham, T. Murtola, R. Schulz, S. Páll, J. C. Smith, B. Hess, E.
Lindahl
GROMACS: High performance molecular simulations through multi-level
parallelism from laptops to supercomputers
SoftwareX 1 (2015) pp. 19-25
-------- -------- --- Thank You --- -------- --------


++++ PLEASE READ AND CITE THE FOLLOWING REFERENCE ++++
S. Páll, M. J. Abraham, C. Kutzner, B. Hess, E. Lindahl
Tackling Exascale Software Challenges in Molecular Dynamics Simulations with
GROMACS
In S. Markidis & E. Laure (Eds.), Solving Software Challenges for Exascale 8759 (2015) pp. 3-27
-------- -------- --- Thank You --- -------- --------


++++ PLEASE READ AND CITE THE FOLLOWING REFERENCE ++++
S. Pronk, S. Páll, R. Schulz, P. Larsson, P. Bjelkmar, R. Apostolov, M. R.
Shirts, J. C. Smith, P. M. Kasson, D. van der Spoel, B. Hess, and E. Lindahl
GROMACS 4.5: a high-throughput and highly parallel open source molecular
simulation toolkit
Bioinformatics 29 (2013) pp. 845-54
-------- -------- --- Thank You --- -------- --------


++++ PLEASE READ AND CITE THE FOLLOWING REFERENCE ++++
B. Hess and C. Kutzner and D. van der Spoel and E. Lindahl
GROMACS 4: Algorithms for highly efficient, load-balanced, and scalable
molecular simulation
J. Chem. Theory Comput. 4 (2008) pp. 435-447
-------- -------- --- Thank You --- -------- --------


++++ PLEASE READ AND CITE THE FOLLOWING REFERENCE ++++
D. van der Spoel, E. Lindahl, B. Hess, G. Groenhof, A. E. Mark and H. J. C.
Berendsen
GROMACS: Fast, Flexible and Free
J. Comp. Chem. 26 (2005) pp. 1701-1719
-------- -------- --- Thank You --- -------- --------


++++ PLEASE READ AND CITE THE FOLLOWING REFERENCE ++++
E. Lindahl and B. Hess and D. van der Spoel
GROMACS 3.0: A package for molecular simulation and trajectory analysis
J. Mol. Mod. 7 (2001) pp. 306-317
-------- -------- --- Thank You --- -------- --------


++++ PLEASE READ AND CITE THE FOLLOWING REFERENCE ++++
H. J. C. Berendsen, D. van der Spoel and R. van Drunen
GROMACS: A message-passing parallel molecular dynamics implementation
Comp. Phys. Comm. 91 (1995) pp. 43-56
-------- -------- --- Thank You --- -------- --------


++++ PLEASE CITE THE DOI FOR THIS VERSION OF GROMACS ++++
https://doi.org/10.5281/zenodo.5636567
-------- -------- --- Thank You --- -------- --------


The number of OpenMP threads was set by environment variable OMP_NUM_THREADS to 1

Input Parameters:
   integrator                     = steep
   tinit                          = 0
   dt                             = 0.001
   nsteps                         = 5000
   init-step                      = 0
   simulation-part                = 1
   mts                            = false
   comm-mode                      = Linear
   nstcomm                        = 100
   bd-fric                        = 0
   ld-seed                        = 2050989913
   emtol                          = 1000
   emstep                         = 0.01
   niter                          = 20
   fcstep                         = 0
   nstcgsteep                     = 1000
   nbfgscorr                      = 10
   rtpi                           = 0.05
   nstxout                        = 0
   nstvout                        = 0
   nstfout                        = 0
   nstlog                         = 1000
   nstcalcenergy                  = 100
   nstenergy                      = 1000
   nstxout-compressed             = 0
   compressed-x-precision         = 1000
   cutoff-scheme                  = Verlet
   nstlist                        = 10
   pbc                            = xyz
   periodic-molecules             = false
   verlet-buffer-tolerance        = 0.005
   rlist                          = 1.26
   coulombtype                    = PME
   coulomb-modifier               = Potential-shift
   rcoulomb-switch                = 0
   rcoulomb                       = 1.2
   epsilon-r                      = 1
   epsilon-rf                     = inf
   vdw-type                       = Cut-off
   vdw-modifier                   = Force-switch
   rvdw-switch                    = 1
   rvdw                           = 1.2
   DispCorr                       = No
   table-extension                = 1
   fourierspacing                 = 0.12
   fourier-nx                     = 64
   fourier-ny                     = 64
   fourier-nz                     = 64
   pme-order                      = 4
   ewald-rtol                     = 1e-05
   ewald-rtol-lj                  = 0.001
   lj-pme-comb-rule               = Geometric
   ewald-geometry                 = 0
   epsilon-surface                = 0
   tcoupl                         = No
   nsttcouple                     = -1
   nh-chain-length                = 0
   print-nose-hoover-chain-variables = false
   pcoupl                         = No
   pcoupltype                     = Isotropic
   nstpcouple                     = -1
   tau-p                          = 1
   compressibility (3x3):
      compressibility[    0]={ 0.00000e+00,  0.00000e+00,  0.00000e+00}
      compressibility[    1]={ 0.00000e+00,  0.00000e+00,  0.00000e+00}
      compressibility[    2]={ 0.00000e+00,  0.00000e+00,  0.00000e+00}
   ref-p (3x3):
      ref-p[    0]={ 0.00000e+00,  0.00000e+00,  0.00000e+00}
      ref-p[    1]={ 0.00000e+00,  0.00000e+00,  0.00000e+00}
      ref-p[    2]={ 0.00000e+00,  0.00000e+00,  0.00000e+00}
   refcoord-scaling               = No
   posres-com (3):
      posres-com[0]= 0.00000e+00
      posres-com[1]= 0.00000e+00
      posres-com[2]= 0.00000e+00
   posres-comB (3):
      posres-comB[0]= 0.00000e+00
      posres-comB[1]= 0.00000e+00
      posres-comB[2]= 0.00000e+00
   QMMM                           = false
qm-opts:
   ngQM                           = 0
   constraint-algorithm           = Lincs
   continuation                   = false
   Shake-SOR                      = false
   shake-tol                      = 0.0001
   lincs-order                    = 4
   lincs-iter                     = 1
   lincs-warnangle                = 30
   nwall                          = 0
   wall-type                      = 9-3
   wall-r-linpot                  = -1
   wall-atomtype[0]               = -1
   wall-atomtype[1]               = -1
   wall-density[0]                = 0
   wall-density[1]                = 0
   wall-ewald-zfac                = 3
   pull                           = false
   awh                            = false
   rotation                       = false
   interactiveMD                  = false
   disre                          = No
   disre-weighting                = Conservative
   disre-mixed                    = false
   dr-fc                          = 1000
   dr-tau                         = 0
   nstdisreout                    = 100
   orire-fc                       = 0
   orire-tau                      = 0
   nstorireout                    = 100
   free-energy                    = no
   cos-acceleration               = 0
   deform (3x3):
      deform[    0]={ 0.00000e+00,  0.00000e+00,  0.00000e+00}
      deform[    1]={ 0.00000e+00,  0.00000e+00,  0.00000e+00}
      deform[    2]={ 0.00000e+00,  0.00000e+00,  0.00000e+00}
   simulated-tempering            = false
   swapcoords                     = no
   userint1                       = 0
   userint2                       = 0
   userint3                       = 0
   userint4                       = 0
   userreal1                      = 0
   userreal2                      = 0
   userreal3                      = 0
   userreal4                      = 0
   applied-forces:
     electric-field:
       x:
         E0                       = 0
         omega                    = 0
         t0                       = 0
         sigma                    = 0
       y:
         E0                       = 0
         omega                    = 0
         t0                       = 0
         sigma                    = 0
       z:
         E0                       = 0
         omega                    = 0
         t0                       = 0
         sigma                    = 0
     density-guided-simulation:
       active                     = false
       group                      = protein
       similarity-measure         = inner-product
       atom-spreading-weight      = unity
       force-constant             = 1e+09
       gaussian-transform-spreading-width = 0.2
       gaussian-transform-spreading-range-in-multiples-of-width = 4
       reference-density-filename = reference.mrc
       nst                        = 1
       normalize-densities        = true
       adaptive-force-scaling     = false
       adaptive-force-scaling-time-constant = 4
       shift-vector               = 
       transformation-matrix      = 
grpopts:
   nrdf:       74063
   ref-t:           0
   tau-t:           0
annealing:          No
annealing-npoints:           0
   acc:	           0           0           0
   nfreeze:           N           N           N
   energygrp-flags[  0]: 0


Initializing Domain Decomposition on 16 ranks
NOTE: disabling dynamic load balancing as it is only supported with dynamics, not with integrator 'steep'.
Dynamic load balancing: off
Using update groups, nr 12622, average size 2.9 atoms, max. radius 0.139 nm
Minimum cell size due to atom displacement: 0.060 nm
Initial maximum distances in bonded interactions:
    two-body bonded interactions: 0.420 nm, LJ-14, atoms 1983 1991
  multi-body bonded interactions: 0.479 nm, CMAP Dih., atoms 1859 1868
Minimum cell size due to bonded interactions: 0.527 nm
Using 0 separate PME ranks, as there are too few total
 ranks for efficient splitting
Optimizing the DD grid for 16 cells with a minimum initial size of 0.527 nm
The maximum allowed number of cells is: X 13 Y 13 Z 13
Domain decomposition grid 4 x 4 x 1, separate PME ranks 0
PME domain decomposition: 4 x 4 x 1
Domain decomposition rank 0, coordinates 0 0 0

The initial number of communication pulses is: X 1 Y 1
The initial domain decomposition cell size is: X 1.83 nm Y 1.83 nm

The maximum allowed distance for atom groups involved in interactions is:
                 non-bonded interactions           1.538 nm
            two-body bonded interactions  (-rdd)   1.538 nm
          multi-body bonded interactions  (-rdd)   1.538 nm

Using 16 MPI processes

Non-default thread affinity set, disabling internal thread affinity

Using 1 OpenMP thread per MPI process

System total charge: 0.000
Will do PME sum in reciprocal space for electrostatic interactions.

++++ PLEASE READ AND CITE THE FOLLOWING REFERENCE ++++
U. Essmann, L. Perera, M. L. Berkowitz, T. Darden, H. Lee and L. G. Pedersen 
A smooth particle mesh Ewald method
J. Chem. Phys. 103 (1995) pp. 8577-8592
-------- -------- --- Thank You --- -------- --------

Using a Gaussian width (1/beta) of 0.384195 nm for Ewald
Potential shift: LJ r^-12: -2.648e-01 r^-6: -5.349e-01, Ewald -8.333e-06
Initialized non-bonded Ewald tables, spacing: 1.02e-03 size: 1176

Generated table with 1130 data points for 1-4 COUL.
Tabscale = 500 points/nm
Generated table with 1130 data points for 1-4 LJ6.
Tabscale = 500 points/nm
Generated table with 1130 data points for 1-4 LJ12.
Tabscale = 500 points/nm


Using SIMD 4x8 nonbonded short-range kernels

Using a 4x8 pair-list setup:
  updated every 10 steps, buffer 0.060 nm, rlist 1.260 nm
Removing pbc first time

Initializing LINear Constraint Solver

++++ PLEASE READ AND CITE THE FOLLOWING REFERENCE ++++
B. Hess and H. Bekker and H. J. C. Berendsen and J. G. E. M. Fraaije
LINCS: A Linear Constraint Solver for molecular simulations
J. Comp. Chem. 18 (1997) pp. 1463-1472
-------- -------- --- Thank You --- -------- --------

The number of constraints is 1513

++++ PLEASE READ AND CITE THE FOLLOWING REFERENCE ++++
S. Miyamoto and P. A. Kollman
SETTLE: An Analytical Version of the SHAKE and RATTLE Algorithms for Rigid
Water Models
J. Comp. Chem. 13 (1992) pp. 952-962
-------- -------- --- Thank You --- -------- --------


Linking all bonded interactions to atoms


Note that activating steepest-descent energy minimization via the integrator .mdp option and the command gmx mdrun may be available in a different form in a future version of GROMACS, e.g. gmx minimize and an .mdp option.
Initiating Steepest Descents

Atom distribution over 16 domains: av 2265 stddev 72 min 2179 max 2354
Started Steepest Descents on rank 0 Mon Nov 18 16:06:13 2024


Steepest Descents:
   Tolerance (Fmax)   =  1.00000e+03
   Number of steps    =         5000
           Step           Time
              0        0.00000

   Energies (kJ/mol)
           Bond            U-B    Proper Dih.  Improper Dih.      CMAP Dih.
    1.21814e+03    2.14249e+03    7.31046e+03    7.56681e+01   -9.72313e+01
          LJ-14     Coulomb-14        LJ (SR)   Coulomb (SR)   Coul. recip.
    2.40980e+03    3.33877e+04    7.80435e+04   -6.52219e+05    4.24251e+03
 Position Rest.      Potential Pressure (bar)   Constr. rmsd
    1.02633e-02   -5.23486e+05    1.99067e+04    0.00000e+00


DD  step 0 load imb.: force  3.0%
           Step           Time
              1        1.00000

   Energies (kJ/mol)
           Bond            U-B    Proper Dih.  Improper Dih.      CMAP Dih.
    1.24075e+03    2.13250e+03    7.30796e+03    7.55002e+01   -9.74470e+01
          LJ-14     Coulomb-14        LJ (SR)   Coulomb (SR)   Coul. recip.
    2.40952e+03    3.33752e+04    6.62215e+04   -6.52220e+05    4.24290e+03
 Position Rest.      Potential Pressure (bar)   Constr. rmsd
    1.30384e-02   -5.35312e+05    1.78842e+04    0.00000e+00

           Step           Time
              2        2.00000

   Energies (kJ/mol)
           Bond            U-B    Proper Dih.  Improper Dih.      CMAP Dih.
    1.29520e+03    2.14380e+03    7.30381e+03    7.54646e+01   -9.81401e+01
          LJ-14     Coulomb-14        LJ (SR)   Coulomb (SR)   Coul. recip.
    2.40846e+03    3.33587e+04    6.09500e+04   -6.52214e+05    4.24338e+03
 Position Rest.      Potential Pressure (bar)   Constr. rmsd
    2.37149e-02   -5.40533e+05    1.69829e+04    0.00000e+00

           Step           Time
              3        3.00000

   Energies (kJ/mol)
           Bond            U-B    Proper Dih.  Improper Dih.      CMAP Dih.
    1.34183e+03    2.18021e+03    7.29800e+03    7.58435e+01   -1.00642e+02
          LJ-14     Coulomb-14        LJ (SR)   Coulomb (SR)   Coul. recip.
    2.40419e+03    3.33359e+04    5.87663e+04   -6.52194e+05    4.24296e+03
 Position Rest.      Potential Pressure (bar)   Constr. rmsd
    4.94419e-02   -5.42649e+05    1.66113e+04    0.00000e+00

           Step           Time
              4        4.00000

   Energies (kJ/mol)
           Bond            U-B    Proper Dih.  Improper Dih.      CMAP Dih.
    1.14447e+03    2.21656e+03    7.29440e+03    7.71302e+01   -1.11657e+02
          LJ-14     Coulomb-14        LJ (SR)   Coulomb (SR)   Coul. recip.
    2.38517e+03    3.33004e+04    5.78726e+04   -6.52129e+05    4.23546e+03
 Position Rest.      Potential Pressure (bar)   Constr. rmsd
    1.36160e-01   -5.43715e+05    1.64645e+04    0.00000e+00

           Step           Time
              5        5.00000

   Energies (kJ/mol)
           Bond            U-B    Proper Dih.  Improper Dih.      CMAP Dih.
    5.98525e+02    2.26661e+03    7.28732e+03    9.12358e+01   -1.47754e+02
          LJ-14     Coulomb-14        LJ (SR)   Coulomb (SR)   Coul. recip.
    2.33296e+03    3.32702e+04    5.73803e+04   -6.51969e+05    4.20241e+03
 Position Rest.      Potential Pressure (bar)   Constr. rmsd
    5.63437e-01   -5.44686e+05    1.63650e+04    0.00000e+00

           Step           Time
              6        6.00000

           Step           Time
              7        7.00000

   Energies (kJ/mol)
           Bond            U-B    Proper Dih.  Improper Dih.      CMAP Dih.
    8.89100e+02    2.02405e+03    7.29089e+03    1.03341e+02   -1.62423e+02
          LJ-14     Coulomb-14        LJ (SR)   Coulomb (SR)   Coul. recip.
    2.31959e+03    3.32832e+04    5.68974e+04   -6.51862e+05    4.17828e+03
 Position Rest.      Potential Pressure (bar)   Constr. rmsd
    6.77257e-01   -5.45038e+05    1.62848e+04    0.00000e+00

           Step           Time
              8        8.00000

           Step           Time
              9        9.00000

   Energies (kJ/mol)
           Bond            U-B    Proper Dih.  Improper Dih.      CMAP Dih.
    5.57724e+02    2.09177e+03    7.28429e+03    1.05060e+02   -1.70085e+02
          LJ-14     Coulomb-14        LJ (SR)   Coulomb (SR)   Coul. recip.
    2.29280e+03    3.32455e+04    5.67602e+04   -6.51770e+05    4.15704e+03
 Position Rest.      Potential Pressure (bar)   Constr. rmsd
    8.94870e-01   -5.45445e+05    1.63011e+04    0.00000e+00

           Step           Time
             10       10.00000

   Energies (kJ/mol)
           Bond            U-B    Proper Dih.  Improper Dih.      CMAP Dih.
    8.45931e+02    2.07389e+03    7.27499e+03    1.08103e+02   -1.79117e+02
          LJ-14     Coulomb-14        LJ (SR)   Coulomb (SR)   Coul. recip.
    2.27561e+03    3.32638e+04    5.63212e+04   -6.51681e+05    4.12885e+03
 Position Rest.      Potential Pressure (bar)   Constr. rmsd
    1.19449e+00   -5.45567e+05    1.60803e+04    0.00000e+00

           Step           Time
             11       11.00000

   Energies (kJ/mol)
           Bond            U-B    Proper Dih.  Improper Dih.      CMAP Dih.
    6.18636e+02    2.05007e+03    7.27254e+03    1.04375e+02   -1.82673e+02
          LJ-14     Coulomb-14        LJ (SR)   Coulomb (SR)   Coul. recip.
    2.25544e+03    3.32101e+04    5.61917e+04   -6.51576e+05    4.10446e+03
 Position Rest.      Potential Pressure (bar)   Constr. rmsd
    1.36199e+00   -5.45950e+05    1.62034e+04    0.00000e+00

           Step           Time
             12       12.00000

           Step           Time
             13       13.00000

   Energies (kJ/mol)
           Bond            U-B    Proper Dih.  Improper Dih.      CMAP Dih.
    5.74522e+02    2.03836e+03    7.26972e+03    1.05929e+02   -1.84322e+02
          LJ-14     Coulomb-14        LJ (SR)   Coulomb (SR)   Coul. recip.
    2.25549e+03    3.32336e+04    5.60754e+04   -6.51586e+05    4.10104e+03
 Position Rest.      Potential Pressure (bar)   Constr. rmsd
    1.37831e+00   -5.46114e+05    1.60837e+04    0.00000e+00

           Step           Time
             14       14.00000

   Energies (kJ/mol)
           Bond            U-B    Proper Dih.  Improper Dih.      CMAP Dih.
    6.79857e+02    2.03702e+03    7.26584e+03    1.02982e+02   -1.87754e+02
          LJ-14     Coulomb-14        LJ (SR)   Coulomb (SR)   Coul. recip.
    2.23762e+03    3.31939e+04    5.58774e+04   -6.51487e+05    4.07438e+03
 Position Rest.      Potential Pressure (bar)   Constr. rmsd
    1.65706e+00   -5.46204e+05    1.61452e+04    0.00000e+00

           Step           Time
             15       15.00000

   Energies (kJ/mol)
           Bond            U-B    Proper Dih.  Improper Dih.      CMAP Dih.
    6.29239e+02    2.03603e+03    7.26338e+03    1.05349e+02   -1.89199e+02
          LJ-14     Coulomb-14        LJ (SR)   Coulomb (SR)   Coul. recip.
    2.24081e+03    3.32285e+04    5.57763e+04   -6.51524e+05    4.07517e+03
 Position Rest.      Potential Pressure (bar)   Constr. rmsd
    1.65294e+00   -5.46356e+05    1.59838e+04    0.00000e+00

           Step           Time
             16       16.00000

           Step           Time
             17       17.00000

   Energies (kJ/mol)
           Bond            U-B    Proper Dih.  Improper Dih.      CMAP Dih.
    5.51049e+02    2.01583e+03    7.26157e+03    1.03424e+02   -1.90560e+02
          LJ-14     Coulomb-14        LJ (SR)   Coulomb (SR)   Coul. recip.
    2.23107e+03    3.32029e+04    5.56910e+04   -6.51470e+05    4.06126e+03
 Position Rest.      Potential Pressure (bar)   Constr. rmsd
    1.76306e+00   -5.46541e+05    1.60496e+04    0.00000e+00

           Step           Time
             18       18.00000

   Energies (kJ/mol)
           Bond            U-B    Proper Dih.  Improper Dih.      CMAP Dih.
    6.84463e+02    2.03570e+03    7.25506e+03    1.04638e+02   -1.95383e+02
          LJ-14     Coulomb-14        LJ (SR)   Coulomb (SR)   Coul. recip.
    2.22138e+03    3.32192e+04    5.53874e+04   -6.51456e+05    4.04024e+03
 Position Rest.      Potential Pressure (bar)   Constr. rmsd
    2.08007e+00   -5.46701e+05    1.58663e+04    0.00000e+00

           Step           Time
             19       19.00000

   Energies (kJ/mol)
           Bond            U-B    Proper Dih.  Improper Dih.      CMAP Dih.
    5.85258e+02    2.00746e+03    7.25282e+03    1.02050e+02   -1.96449e+02
          LJ-14     Coulomb-14        LJ (SR)   Coulomb (SR)   Coul. recip.
    2.20972e+03    3.31837e+04    5.53006e+04   -6.51390e+05    4.02366e+03
 Position Rest.      Potential Pressure (bar)   Constr. rmsd
    2.21761e+00   -5.46919e+05    1.59744e+04    0.00000e+00

           Step           Time
             20       20.00000

           Step           Time
             21       21.00000

   Energies (kJ/mol)
           Bond            U-B    Proper Dih.  Improper Dih.      CMAP Dih.
    5.65898e+02    2.01182e+03    7.25098e+03    1.03164e+02   -1.97811e+02
          LJ-14     Coulomb-14        LJ (SR)   Coulomb (SR)   Coul. recip.
    2.20973e+03    3.32008e+04    5.52210e+04   -6.51416e+05    4.02129e+03
 Position Rest.      Potential Pressure (bar)   Constr. rmsd
    2.27320e+00   -5.47026e+05    1.58786e+04    0.00000e+00

           Step           Time
             22       22.00000

   Energies (kJ/mol)
           Bond            U-B    Proper Dih.  Improper Dih.      CMAP Dih.
    6.22489e+02    2.00684e+03    7.24761e+03    1.01231e+02   -1.99320e+02
          LJ-14     Coulomb-14        LJ (SR)   Coulomb (SR)   Coul. recip.
    2.19841e+03    3.31726e+04    5.50957e+04   -6.51365e+05    4.00358e+03
 Position Rest.      Potential Pressure (bar)   Constr. rmsd
    2.49585e+00   -5.47113e+05    1.59393e+04    0.00000e+00

           Step           Time
             23       23.00000

   Energies (kJ/mol)
           Bond            U-B    Proper Dih.  Improper Dih.      CMAP Dih.
    6.00667e+02    2.01533e+03    7.24604e+03    1.02929e+02   -2.00705e+02
          LJ-14     Coulomb-14        LJ (SR)   Coulomb (SR)   Coul. recip.
    2.20065e+03    3.31993e+04    5.50258e+04   -6.51411e+05    4.00422e+03
 Position Rest.      Potential Pressure (bar)   Constr. rmsd
    2.53479e+00   -5.47214e+05    1.58099e+04    0.00000e+00

           Step           Time
             24       24.00000

   Energies (kJ/mol)
           Bond            U-B    Proper Dih.  Improper Dih.      CMAP Dih.
    6.95265e+02    2.01124e+03    7.24265e+03    1.00326e+02   -2.01851e+02
          LJ-14     Coulomb-14        LJ (SR)   Coulomb (SR)   Coul. recip.
    2.18774e+03    3.31601e+04    5.49111e+04   -6.51348e+05    3.98479e+03
 Position Rest.      Potential Pressure (bar)   Constr. rmsd
    2.78556e+00   -5.47254e+05    1.59152e+04    0.00000e+00

           Step           Time
             25       25.00000

   Energies (kJ/mol)
           Bond            U-B    Proper Dih.  Improper Dih.      CMAP Dih.
    6.77457e+02    2.02604e+03    7.24147e+03    1.02887e+02   -2.03310e+02
          LJ-14     Coulomb-14        LJ (SR)   Coulomb (SR)   Coul. recip.
    2.19312e+03    3.32009e+04    5.48527e+04   -6.51422e+05    3.98959e+03
 Position Rest.      Potential Pressure (bar)   Constr. rmsd
    2.79938e+00   -5.47338e+05    1.57361e+04    0.00000e+00

           Step           Time
             26       26.00000

           Step           Time
             27       27.00000

   Energies (kJ/mol)
           Bond            U-B    Proper Dih.  Improper Dih.      CMAP Dih.
    5.57836e+02    1.99993e+03    7.23966e+03    1.01000e+02   -2.03834e+02
          LJ-14     Coulomb-14        LJ (SR)   Coulomb (SR)   Coul. recip.
    2.18478e+03    3.31729e+04    5.47971e+04   -6.51379e+05    3.97802e+03
 Position Rest.      Potential Pressure (bar)   Constr. rmsd
    2.89446e+00   -5.47549e+05    1.58262e+04    0.00000e+00

           Step           Time
             28       28.00000

   Energies (kJ/mol)
           Bond            U-B    Proper Dih.  Improper Dih.      CMAP Dih.
    7.67205e+02    2.03701e+03    7.23291e+03    1.02404e+02   -2.08155e+02
          LJ-14     Coulomb-14        LJ (SR)   Coulomb (SR)   Coul. recip.
    2.17767e+03    3.31968e+04    5.45396e+04   -6.51446e+05    3.96088e+03
 Position Rest.      Potential Pressure (bar)   Constr. rmsd
    3.34126e+00   -5.47637e+05    1.56307e+04    0.00000e+00

           Step           Time
             29       29.00000

   Energies (kJ/mol)
           Bond            U-B    Proper Dih.  Improper Dih.      CMAP Dih.
    5.97935e+02    2.00128e+03    7.23066e+03    9.96680e+01   -2.08478e+02
          LJ-14     Coulomb-14        LJ (SR)   Coulomb (SR)   Coul. recip.
    2.16658e+03    3.31545e+04    5.44797e+04   -6.51387e+05    3.94591e+03
 Position Rest.      Potential Pressure (bar)   Constr. rmsd
    3.46142e+00   -5.47916e+05    1.57713e+04    0.00000e+00

           Step           Time
             30       30.00000

           Step           Time
             31       31.00000

   Energies (kJ/mol)
           Bond            U-B    Proper Dih.  Improper Dih.      CMAP Dih.
    5.95871e+02    2.00903e+03    7.22930e+03    1.00957e+02   -2.09727e+02
          LJ-14     Coulomb-14        LJ (SR)   Coulomb (SR)   Coul. recip.
    2.16812e+03    3.31772e+04    5.44261e+04   -6.51439e+05    3.94608e+03
 Position Rest.      Potential Pressure (bar)   Constr. rmsd
    3.53357e+00   -5.47992e+05    1.56663e+04    0.00000e+00

           Step           Time
             32       32.00000

   Energies (kJ/mol)
           Bond            U-B    Proper Dih.  Improper Dih.      CMAP Dih.
    6.45208e+02    2.00588e+03    7.22658e+03    9.89854e+01   -2.10345e+02
          LJ-14     Coulomb-14        LJ (SR)   Coulomb (SR)   Coul. recip.
    2.15845e+03    3.31438e+04    5.43488e+04   -6.51404e+05    3.93189e+03
 Position Rest.      Potential Pressure (bar)   Constr. rmsd
    3.73660e+00   -5.48051e+05    1.57562e+04    0.00000e+00

           Step           Time
             33       33.00000

   Energies (kJ/mol)
           Bond            U-B    Proper Dih.  Improper Dih.      CMAP Dih.
    6.51166e+02    2.01761e+03    7.22559e+03    1.00943e+02   -2.11688e+02
          LJ-14     Coulomb-14        LJ (SR)   Coulomb (SR)   Coul. recip.
    2.16250e+03    3.31788e+04    5.43043e+04   -6.51477e+05    3.93529e+03
 Position Rest.      Potential Pressure (bar)   Constr. rmsd
    3.78884e+00   -5.48108e+05    1.56105e+04    0.00000e+00

           Step           Time
             34       34.00000

   Energies (kJ/mol)
           Bond            U-B    Proper Dih.  Improper Dih.      CMAP Dih.
    7.42750e+02    2.01653e+03    7.22265e+03    9.82022e+01   -2.12040e+02
          LJ-14     Coulomb-14        LJ (SR)   Coulomb (SR)   Coul. recip.
    2.15036e+03    3.31304e+04    5.42268e+04   -6.51422e+05    3.91804e+03
 Position Rest.      Potential Pressure (bar)   Constr. rmsd
    4.02681e+00   -5.48124e+05    1.57505e+04    0.00000e+00

           Step           Time
             35       35.00000

   Energies (kJ/mol)
           Bond            U-B    Proper Dih.  Improper Dih.      CMAP Dih.
    7.63167e+02    2.03383e+03    7.22215e+03    1.01093e+02   -2.13516e+02
          LJ-14     Coulomb-14        LJ (SR)   Coulomb (SR)   Coul. recip.
    2.15783e+03    3.31833e+04    5.41930e+04   -6.51524e+05    3.92586e+03
 Position Rest.      Potential Pressure (bar)   Constr. rmsd
    4.05056e+00   -5.48153e+05    1.55467e+04    0.00000e+00

           Step           Time
             36       36.00000

           Step           Time
             37       37.00000

   Energies (kJ/mol)
           Bond            U-B    Proper Dih.  Improper Dih.      CMAP Dih.
    5.65787e+02    2.00132e+03    7.22051e+03    9.90938e+01   -2.13722e+02
          LJ-14     Coulomb-14        LJ (SR)   Coulomb (SR)   Coul. recip.
    2.14951e+03    3.31488e+04    5.41528e+04   -6.51482e+05    3.91492e+03
 Position Rest.      Potential Pressure (bar)   Constr. rmsd
    4.12972e+00   -5.48439e+05    1.56588e+04    0.00000e+00

           Step           Time
             38       38.00000

   Energies (kJ/mol)
           Bond            U-B    Proper Dih.  Improper Dih.      CMAP Dih.
    8.13372e+02    2.03970e+03    7.21404e+03    1.00534e+02   -2.17729e+02
          LJ-14     Coulomb-14        LJ (SR)   Coulomb (SR)   Coul. recip.
    2.14337e+03    3.31759e+04    5.39389e+04   -6.51616e+05    3.89984e+03
 Position Rest.      Potential Pressure (bar)   Constr. rmsd
    4.68125e+00   -5.48504e+05    1.54635e+04    0.00000e+00

           Step           Time
             39       39.00000

   Energies (kJ/mol)
           Bond            U-B    Proper Dih.  Improper Dih.      CMAP Dih.
    6.13033e+02    2.00814e+03    7.21207e+03    9.79296e+01   -2.17776e+02
          LJ-14     Coulomb-14        LJ (SR)   Coulomb (SR)   Coul. recip.
    2.13297e+03    3.31279e+04    5.38945e+04   -6.51564e+05    3.88620e+03
 Position Rest.      Potential Pressure (bar)   Constr. rmsd
    4.79382e+00   -5.48804e+05    1.56137e+04    0.00000e+00

           Step           Time
             40       40.00000

           Step           Time
             41       41.00000

   Energies (kJ/mol)
           Bond            U-B    Proper Dih.  Improper Dih.      CMAP Dih.
    6.05144e+02    2.01111e+03    7.21121e+03    9.91382e+01   -2.18760e+02
          LJ-14     Coulomb-14        LJ (SR)   Coulomb (SR)   Coul. recip.
    2.13514e+03    3.31528e+04    5.38621e+04   -6.51624e+05    3.88759e+03
 Position Rest.      Potential Pressure (bar)   Constr. rmsd
    4.86335e+00   -5.48874e+05    1.55164e+04    0.00000e+00

           Step           Time
             42       42.00000

   Energies (kJ/mol)
           Bond            U-B    Proper Dih.  Improper Dih.      CMAP Dih.
    6.61637e+02    2.01497e+03    7.20894e+03    9.74330e+01   -2.19140e+02
          LJ-14     Coulomb-14        LJ (SR)   Coulomb (SR)   Coul. recip.
    2.12671e+03    3.31173e+04    5.38050e+04   -6.51604e+05    3.87538e+03
 Position Rest.      Potential Pressure (bar)   Constr. rmsd
    5.06093e+00   -5.48911e+05    1.56069e+04    0.00000e+00

           Step           Time
             43       43.00000

   Energies (kJ/mol)
           Bond            U-B    Proper Dih.  Improper Dih.      CMAP Dih.
    6.47488e+02    2.01758e+03    7.20837e+03    9.91523e+01   -2.20214e+02
          LJ-14     Coulomb-14        LJ (SR)   Coulomb (SR)   Coul. recip.
    2.13081e+03    3.31538e+04    5.37788e+04   -6.51681e+05    3.87930e+03
 Position Rest.      Potential Pressure (bar)   Constr. rmsd
    5.11114e+00   -5.48981e+05    1.54755e+04    0.00000e+00

           Step           Time
             44       44.00000

           Step           Time
             45       45.00000

   Energies (kJ/mol)
           Bond            U-B    Proper Dih.  Improper Dih.      CMAP Dih.
    5.73948e+02    2.00718e+03    7.20713e+03    9.79657e+01   -2.20390e+02
          LJ-14     Coulomb-14        LJ (SR)   Coulomb (SR)   Coul. recip.
    2.12539e+03    3.31293e+04    5.37496e+04   -6.51663e+05    3.87182e+03
 Position Rest.      Potential Pressure (bar)   Constr. rmsd
    5.19956e+00   -5.49116e+05    1.55449e+04    0.00000e+00

           Step           Time
             46       46.00000

   Energies (kJ/mol)
           Bond            U-B    Proper Dih.  Improper Dih.      CMAP Dih.
    6.79097e+02    2.02264e+03    7.20349e+03    9.88905e+01   -2.22649e+02
          LJ-14     Coulomb-14        LJ (SR)   Coulomb (SR)   Coul. recip.
    2.12228e+03    3.31491e+04    5.36391e+04   -6.51776e+05    3.86371e+03
 Position Rest.      Potential Pressure (bar)   Constr. rmsd
    5.55492e+00   -5.49215e+05    1.54283e+04    0.00000e+00

           Step           Time
             47       47.00000

   Energies (kJ/mol)
           Bond            U-B    Proper Dih.  Improper Dih.      CMAP Dih.
    6.00778e+02    2.01293e+03    7.20201e+03    9.73144e+01   -2.22775e+02
          LJ-14     Coulomb-14        LJ (SR)   Coulomb (SR)   Coul. recip.
    2.11535e+03    3.31147e+04    5.36057e+04   -6.51750e+05    3.85416e+03
 Position Rest.      Potential Pressure (bar)   Constr. rmsd
    5.66864e+00   -5.49364e+05    1.55246e+04    0.00000e+00

           Step           Time
             48       48.00000

           Step           Time
             49       49.00000

   Energies (kJ/mol)
           Bond            U-B    Proper Dih.  Improper Dih.      CMAP Dih.
    5.87798e+02    2.01194e+03    7.20127e+03    9.80698e+01   -2.23488e+02
          LJ-14     Coulomb-14        LJ (SR)   Coulomb (SR)   Coul. recip.
    2.11637e+03    3.31321e+04    5.35813e+04   -6.51799e+05    3.85438e+03
 Position Rest.      Potential Pressure (bar)   Constr. rmsd
    5.74156e+00   -5.49434e+05    1.54590e+04    0.00000e+00

           Step           Time
             50       50.00000

   Energies (kJ/mol)
           Bond            U-B    Proper Dih.  Improper Dih.      CMAP Dih.
    6.28249e+02    2.01803e+03    7.19931e+03    9.69799e+01   -2.23988e+02
          LJ-14     Coulomb-14        LJ (SR)   Coulomb (SR)   Coul. recip.
    2.11003e+03    3.31059e+04    5.35327e+04   -6.51804e+05    3.84467e+03
 Position Rest.      Potential Pressure (bar)   Constr. rmsd
    5.92997e+00   -5.49486e+05    1.55162e+04    0.00000e+00

           Step           Time
             51       51.00000

   Energies (kJ/mol)
           Bond            U-B    Proper Dih.  Improper Dih.      CMAP Dih.
    6.07745e+02    2.01546e+03    7.19873e+03    9.80516e+01   -2.24760e+02
          LJ-14     Coulomb-14        LJ (SR)   Coulomb (SR)   Coul. recip.
    2.11223e+03    3.31315e+04    5.35116e+04   -6.51864e+05    3.84647e+03
 Position Rest.      Potential Pressure (bar)   Constr. rmsd
    5.99276e+00   -5.49561e+05    1.54275e+04    0.00000e+00

           Step           Time
             52       52.00000

   Energies (kJ/mol)
           Bond            U-B    Proper Dih.  Improper Dih.      CMAP Dih.
    6.78533e+02    2.02606e+03    7.19673e+03    9.66036e+01   -2.25115e+02
          LJ-14     Coulomb-14        LJ (SR)   Coulomb (SR)   Coul. recip.
    2.10478e+03    3.30957e+04    5.34643e+04   -6.51857e+05    3.83528e+03
 Position Rest.      Potential Pressure (bar)   Constr. rmsd
    6.19295e+00   -5.49578e+05    1.55125e+04    0.00000e+00

           Step           Time
             53       53.00000

   Energies (kJ/mol)
           Bond            U-B    Proper Dih.  Improper Dih.      CMAP Dih.
    6.49407e+02    2.02132e+03    7.19635e+03    9.81155e+01   -2.25973e+02
          LJ-14     Coulomb-14        LJ (SR)   Coulomb (SR)   Coul. recip.
    2.10857e+03    3.31328e+04    5.34467e+04   -6.51933e+05    3.83919e+03
 Position Rest.      Potential Pressure (bar)   Constr. rmsd
    6.24261e+00   -5.49660e+05    1.53911e+04    0.00000e+00

           Step           Time
             54       54.00000

           Step           Time
             55       55.00000

   Energies (kJ/mol)
           Bond            U-B    Proper Dih.  Improper Dih.      CMAP Dih.
    5.84631e+02    2.01578e+03    7.19529e+03    9.70966e+01   -2.26122e+02
          LJ-14     Coulomb-14        LJ (SR)   Coulomb (SR)   Coul. recip.
    2.10385e+03    3.31081e+04    5.34230e+04   -6.51921e+05    3.83240e+03
 Position Rest.      Potential Pressure (bar)   Constr. rmsd
    6.33228e+00   -5.49780e+05    1.54569e+04    0.00000e+00

           Step           Time
             56       56.00000

   Energies (kJ/mol)
           Bond            U-B    Proper Dih.  Improper Dih.      CMAP Dih.
    6.86477e+02    2.02683e+03    7.19300e+03    9.80390e+01   -2.27627e+02
          LJ-14     Coulomb-14        LJ (SR)   Coulomb (SR)   Coul. recip.
    2.10275e+03    3.31303e+04    5.33572e+04   -6.52029e+05    3.82808e+03
 Position Rest.      Potential Pressure (bar)   Constr. rmsd
    6.60652e+00   -5.49827e+05    1.53544e+04    0.00000e+00

           Step           Time
             57       57.00000

   Energies (kJ/mol)
           Bond            U-B    Proper Dih.  Improper Dih.      CMAP Dih.
    6.12255e+02    2.02230e+03    7.19173e+03    9.66572e+01   -2.27735e+02
          LJ-14     Coulomb-14        LJ (SR)   Coulomb (SR)   Coul. recip.
    2.09665e+03    3.30954e+04    5.33300e+04   -6.52009e+05    3.81927e+03
 Position Rest.      Potential Pressure (bar)   Constr. rmsd
    6.71805e+00   -5.49965e+05    1.54474e+04    0.00000e+00

           Step           Time
             58       58.00000

           Step           Time
             59       59.00000

   Energies (kJ/mol)
           Bond            U-B    Proper Dih.  Improper Dih.      CMAP Dih.
    5.95070e+02    2.01841e+03    7.19117e+03    9.73518e+01   -2.28303e+02
          LJ-14     Coulomb-14        LJ (SR)   Coulomb (SR)   Coul. recip.
    2.09771e+03    3.31134e+04    5.33126e+04   -6.52058e+05    3.81982e+03
 Position Rest.      Potential Pressure (bar)   Constr. rmsd
    6.78667e+00   -5.50034e+05    1.53857e+04    0.00000e+00

           Step           Time
             60       60.00000

   Energies (kJ/mol)
           Bond            U-B    Proper Dih.  Improper Dih.      CMAP Dih.
    6.41733e+02    2.02824e+03    7.18944e+03    9.64058e+01   -2.28760e+02
          LJ-14     Coulomb-14        LJ (SR)   Coulomb (SR)   Coul. recip.
    2.09203e+03    3.30868e+04    5.32717e+04   -6.52072e+05    3.81061e+03
 Position Rest.      Potential Pressure (bar)   Constr. rmsd
    6.97863e+00   -5.50076e+05    1.54416e+04    0.00000e+00

           Step           Time
             61       61.00000

   Energies (kJ/mol)
           Bond            U-B    Proper Dih.  Improper Dih.      CMAP Dih.
    6.16350e+02    2.02177e+03    7.18899e+03    9.73832e+01   -2.29382e+02
          LJ-14     Coulomb-14        LJ (SR)   Coulomb (SR)   Coul. recip.
    2.09409e+03    3.31131e+04    5.32562e+04   -6.52133e+05    3.81255e+03
 Position Rest.      Potential Pressure (bar)   Constr. rmsd
    7.04076e+00   -5.50155e+05    1.53570e+04    0.00000e+00

           Step           Time
             62       62.00000

           Step           Time
             63       63.00000

   Energies (kJ/mol)
           Bond            U-B    Proper Dih.  Improper Dih.      CMAP Dih.
    5.88720e+02    2.02194e+03    7.18812e+03    9.67231e+01   -2.29569e+02
          LJ-14     Coulomb-14        LJ (SR)   Coulomb (SR)   Coul. recip.
    2.09071e+03    3.30949e+04    5.32367e+04   -6.52133e+05    3.80727e+03
 Position Rest.      Potential Pressure (bar)   Constr. rmsd
    7.13002e+00   -5.50230e+05    1.54009e+04    0.00000e+00

           Step           Time
             64       64.00000

   Energies (kJ/mol)
           Bond            U-B    Proper Dih.  Improper Dih.      CMAP Dih.
    6.36283e+02    2.02526e+03    7.18647e+03    9.73382e+01   -2.30607e+02
          LJ-14     Coulomb-14        LJ (SR)   Coulomb (SR)   Coul. recip.
    2.08960e+03    3.31107e+04    5.31922e+04   -6.52221e+05    3.80369e+03
 Position Rest.      Potential Pressure (bar)   Constr. rmsd
    7.34588e+00   -5.50303e+05    1.53303e+04    0.00000e+00

           Step           Time
             65       65.00000

   Energies (kJ/mol)
           Bond            U-B    Proper Dih.  Improper Dih.      CMAP Dih.
    6.06258e+02    2.02715e+03    7.18543e+03    9.64392e+01   -2.30781e+02
          LJ-14     Coulomb-14        LJ (SR)   Coulomb (SR)   Coul. recip.
    2.08527e+03    3.30850e+04    5.31700e+04   -6.52217e+05    3.79689e+03
 Position Rest.      Potential Pressure (bar)   Constr. rmsd
    7.45396e+00   -5.50387e+05    1.53933e+04    0.00000e+00

           Step           Time
             66       66.00000

   Energies (kJ/mol)
           Bond            U-B    Proper Dih.  Improper Dih.      CMAP Dih.
    6.72918e+02    2.03006e+03    7.18448e+03    9.73773e+01   -2.31577e+02
          LJ-14     Coulomb-14        LJ (SR)   Coulomb (SR)   Coul. recip.
    2.08625e+03    3.31106e+04    5.31425e+04   -6.52299e+05    3.79681e+03
 Position Rest.      Potential Pressure (bar)   Constr. rmsd
    7.59961e+00   -5.50402e+05    1.53029e+04    0.00000e+00

           Step           Time
             67       67.00000

   Energies (kJ/mol)
           Bond            U-B    Proper Dih.  Improper Dih.      CMAP Dih.
    6.44951e+02    2.03491e+03    7.18328e+03    9.61463e+01   -2.31715e+02
          LJ-14     Coulomb-14        LJ (SR)   Coulomb (SR)   Coul. recip.
    2.08070e+03    3.30745e+04    5.31176e+04   -6.52286e+05    3.78809e+03
 Position Rest.      Potential Pressure (bar)   Constr. rmsd
    7.72708e+00   -5.50490e+05    1.53934e+04    0.00000e+00

           Step           Time
             68       68.00000

           Step           Time
             69       69.00000

   Energies (kJ/mol)
           Bond            U-B    Proper Dih.  Improper Dih.      CMAP Dih.
    5.93557e+02    2.02496e+03    7.18297e+03    9.67931e+01   -2.32120e+02
          LJ-14     Coulomb-14        LJ (SR)   Coulomb (SR)   Coul. recip.
    2.08196e+03    3.30937e+04    5.31078e+04   -6.52331e+05    3.78938e+03
 Position Rest.      Potential Pressure (bar)   Constr. rmsd
    7.77195e+00   -5.50584e+05    1.53351e+04    0.00000e+00

           Step           Time
             70       70.00000

   Energies (kJ/mol)
           Bond            U-B    Proper Dih.  Improper Dih.      CMAP Dih.
    6.85802e+02    2.04327e+03    7.18071e+03    9.59454e+01   -2.32883e+02
          LJ-14     Coulomb-14        LJ (SR)   Coulomb (SR)   Coul. recip.
    2.07550e+03    3.30647e+04    5.30556e+04   -6.52379e+05    3.77770e+03
 Position Rest.      Potential Pressure (bar)   Constr. rmsd
    8.06794e+00   -5.50625e+05    1.53847e+04    0.00000e+00

           Step           Time
             71       71.00000

   Energies (kJ/mol)
           Bond            U-B    Proper Dih.  Improper Dih.      CMAP Dih.
    6.11115e+02    2.02809e+03    7.18047e+03    9.68318e+01   -2.33342e+02
          LJ-14     Coulomb-14        LJ (SR)   Coulomb (SR)   Coul. recip.
    2.07752e+03    3.30924e+04    5.30468e+04   -6.52437e+05    3.78017e+03
 Position Rest.      Potential Pressure (bar)   Constr. rmsd
    8.11050e+00   -5.50749e+05    1.53043e+04    0.00000e+00

           Step           Time
             72       72.00000

           Step           Time
             73       73.00000

   Energies (kJ/mol)
           Bond            U-B    Proper Dih.  Improper Dih.      CMAP Dih.
    6.07560e+02    2.03324e+03    7.17954e+03    9.62429e+01   -2.33591e+02
          LJ-14     Coulomb-14        LJ (SR)   Coulomb (SR)   Coul. recip.
    2.07424e+03    3.30732e+04    5.30266e+04   -6.52447e+05    3.77442e+03
 Position Rest.      Potential Pressure (bar)   Constr. rmsd
    8.22577e+00   -5.50808e+05    1.53463e+04    0.00000e+00

           Step           Time
             74       74.00000

   Energies (kJ/mol)
           Bond            U-B    Proper Dih.  Improper Dih.      CMAP Dih.
    6.29765e+02    2.03079e+03    7.17882e+03    9.68558e+01   -2.34137e+02
          LJ-14     Coulomb-14        LJ (SR)   Coulomb (SR)   Coul. recip.
    2.07460e+03    3.30916e+04    5.30077e+04   -6.52512e+05    3.77404e+03
 Position Rest.      Potential Pressure (bar)   Constr. rmsd
    8.34184e+00   -5.50854e+05    1.52834e+04    0.00000e+00

           Step           Time
             75       75.00000

   Energies (kJ/mol)
           Bond            U-B    Proper Dih.  Improper Dih.      CMAP Dih.
    6.33192e+02    2.03926e+03    7.17778e+03    9.60495e+01   -2.34361e+02
          LJ-14     Coulomb-14        LJ (SR)   Coulomb (SR)   Coul. recip.
    2.07054e+03    3.30649e+04    5.29861e+04   -6.52516e+05    3.76693e+03
 Position Rest.      Potential Pressure (bar)   Constr. rmsd
    8.47111e+00   -5.50908e+05    1.53449e+04    0.00000e+00

           Step           Time
             76       76.00000

   Energies (kJ/mol)
           Bond            U-B    Proper Dih.  Improper Dih.      CMAP Dih.
    6.65944e+02    2.03496e+03    7.17726e+03    9.69316e+01   -2.34894e+02
          LJ-14     Coulomb-14        LJ (SR)   Coulomb (SR)   Coul. recip.
    2.07193e+03    3.30924e+04    5.29711e+04   -6.52589e+05    3.76826e+03
 Position Rest.      Potential Pressure (bar)   Constr. rmsd
    8.57095e+00   -5.50937e+05    1.52587e+04    0.00000e+00

           Step           Time
             77       77.00000

   Energies (kJ/mol)
           Bond            U-B    Proper Dih.  Improper Dih.      CMAP Dih.
    6.86584e+02    2.04893e+03    7.17612e+03    9.58233e+01   -2.35075e+02
          LJ-14     Coulomb-14        LJ (SR)   Coulomb (SR)   Coul. recip.
    2.06688e+03    3.30548e+04    5.29482e+04   -6.52583e+05    3.75939e+03
 Position Rest.      Potential Pressure (bar)   Constr. rmsd
    8.71479e+00   -5.50973e+05    1.53480e+04    0.00000e+00

           Step           Time
             78       78.00000

   Energies (kJ/mol)
           Bond            U-B    Proper Dih.  Improper Dih.      CMAP Dih.
    7.38589e+02    2.04259e+03    7.17580e+03    9.70768e+01   -2.35622e+02
          LJ-14     Coulomb-14        LJ (SR)   Coulomb (SR)   Coul. recip.
    2.06956e+03    3.30953e+04    5.29367e+04   -6.52670e+05    3.76296e+03
 Position Rest.      Potential Pressure (bar)   Constr. rmsd
    8.80099e+00   -5.50978e+05    1.52278e+04    0.00000e+00

           Step           Time
             79       79.00000

           Step           Time
             80       80.00000

   Energies (kJ/mol)
           Bond            U-B    Proper Dih.  Improper Dih.      CMAP Dih.
    5.95653e+02    2.03517e+03    7.17512e+03    9.62607e+01   -2.35722e+02
          LJ-14     Coulomb-14        LJ (SR)   Coulomb (SR)   Coul. recip.
    2.06621e+03    3.30688e+04    5.29242e+04   -6.52658e+05    3.75717e+03
 Position Rest.      Potential Pressure (bar)   Constr. rmsd
    8.86555e+00   -5.51167e+05    1.52977e+04    0.00000e+00


Steepest Descents converged to Fmax < 1000 in 81 steps
Potential Energy  = -5.5116675e+05
Maximum force     =  7.0982666e+02 on atom 1157
Norm of force     =  3.2880588e+01

    D O M A I N   D E C O M P O S I T I O N   S T A T I S T I C S

 av. #atoms communicated per step for force:  2 x 72638.1

Finished mdrun on rank 0 Mon Nov 18 16:06:13 2024

