                      :-) GROMACS - gmx mdrun, 2021.4 (-:

                            GROMACS is written by:
     Andrey Alekseenko              Emile Apol              Rossen Apostolov     
         Paul Bauer           Herman J.C. Berendsen           Par Bjelkmar       
       Christian Blau           Viacheslav Bolnykh             Kevin Boyd        
     Aldert van Buuren           Rudi van Drunen             Anton Feenstra      
    Gilles Gouaillardet             Alan Gray               Gerrit Groenhof      
       Anca Hamuraru            Vincent Hindriksen          M. Eric Irrgang      
      Aleksei Iupinov           Christoph Junghans             Joe Jordan        
    Dimitrios Karkoulis            Peter Kasson                Jiri Kraus        
      Carsten Kutzner              Per Larsson              Justin A. Lemkul     
       Viveca Lindahl            Magnus Lundborg             Erik Marklund       
        Pascal Merz             Pieter Meulenhoff            Teemu Murtola       
        Szilard Pall               Sander Pronk              Roland Schulz       
       Michael Shirts            Alexey Shvetsov             Alfons Sijbers      
       Peter Tieleman              Jon Vincent              Teemu Virolainen     
     Christian Wennberg            Maarten Wolf              Artem Zhmurov       
                           and the project leaders:
        Mark Abraham, Berk Hess, Erik Lindahl, and David van der Spoel

Copyright (c) 1991-2000, University of Groningen, The Netherlands.
Copyright (c) 2001-2019, The GROMACS development team at
Uppsala University, Stockholm University and
the Royal Institute of Technology, Sweden.
check out http://www.gromacs.org for more information.

GROMACS is free software; you can redistribute it and/or modify it
under the terms of the GNU Lesser General Public License
as published by the Free Software Foundation; either version 2.1
of the License, or (at your option) any later version.

GROMACS:      gmx mdrun, version 2021.4
Executable:   /apps/gromacs-2021.4/bin/gmx_mpi
Data prefix:  /apps/gromacs-2021.4
Working dir:  /home/giacomo.marcon/toCluster/simulations/sim_249
Process ID:   159247
Command line:
  gmx_mpi mdrun -s ./equil.tpr -maxh 5.95 -deffnm equil

GROMACS version:    2021.4
Precision:          mixed
Memory model:       64 bit
MPI library:        MPI
OpenMP support:     enabled (GMX_OPENMP_MAX_THREADS = 64)
GPU support:        CUDA
SIMD instructions:  AVX_512
FFT library:        fftw-3.3.8-sse2-avx-avx2-avx2_128-avx512
RDTSCP usage:       enabled
TNG support:        enabled
Hwloc support:      disabled
Tracing support:    disabled
C compiler:         /apps/gcc-9.1.0/local/bin/gcc-9.1.0 GNU 9.1.0
C compiler flags:   -mavx512f -mfma -pthread -Wno-missing-field-initializers -fexcess-precision=fast -funroll-all-loops -O3 -DNDEBUG
C++ compiler:       /apps/gcc-9.1.0/local/bin/g++-9.1.0 GNU 9.1.0
C++ compiler flags: -mavx512f -mfma -pthread -Wno-missing-field-initializers -fexcess-precision=fast -funroll-all-loops -fopenmp -O3 -DNDEBUG
CUDA compiler:      /apps/cuda-11.1/bin/nvcc nvcc: NVIDIA (R) Cuda compiler driver;Copyright (c) 2005-2020 NVIDIA Corporation;Built on Mon_Oct_12_20:09:46_PDT_2020;Cuda compilation tools, release 11.1, V11.1.105;Build cuda_11.1.TC455_06.29190527_0
CUDA compiler flags:-std=c++17;-gencode;arch=compute_35,code=sm_35;-gencode;arch=compute_37,code=sm_37;-gencode;arch=compute_50,code=sm_50;-gencode;arch=compute_52,code=sm_52;-gencode;arch=compute_60,code=sm_60;-gencode;arch=compute_61,code=sm_61;-gencode;arch=compute_70,code=sm_70;-gencode;arch=compute_75,code=sm_75;-gencode;arch=compute_80,code=sm_80;-Wno-deprecated-gpu-targets;-gencode;arch=compute_86,code=sm_86;-gencode;arch=compute_35,code=compute_35;-gencode;arch=compute_53,code=compute_53;-gencode;arch=compute_80,code=compute_80;-use_fast_math;;-mavx512f -mfma -pthread -Wno-missing-field-initializers -fexcess-precision=fast -funroll-all-loops -fopenmp -O3 -DNDEBUG
CUDA driver:        0.0
CUDA runtime:       N/A


Running on 1 node with total 96 cores, 96 logical cores (GPU detection failed)
Hardware detected on host hpc-c12-node04.unitn.it (the node of MPI rank 0):
  CPU info:
    Vendor: Intel
    Brand:  Intel(R) Xeon(R) Gold 6252N CPU @ 2.30GHz
    Family: 6   Model: 85   Stepping: 7
    Features: aes apic avx avx2 avx512f avx512cd avx512bw avx512vl avx512secondFMA clfsh cmov cx8 cx16 f16c fma hle htt intel lahf mmx msr nonstop_tsc pcid pclmuldq pdcm pdpe1gb popcnt pse rdrnd rdtscp rtm sse2 sse3 sse4.1 sse4.2 ssse3 tdt x2apic
    Number of AVX-512 FMA units: 2
  Hardware topology: Only logical processor count


++++ PLEASE READ AND CITE THE FOLLOWING REFERENCE ++++
M. J. Abraham, T. Murtola, R. Schulz, S. Páll, J. C. Smith, B. Hess, E.
Lindahl
GROMACS: High performance molecular simulations through multi-level
parallelism from laptops to supercomputers
SoftwareX 1 (2015) pp. 19-25
-------- -------- --- Thank You --- -------- --------


++++ PLEASE READ AND CITE THE FOLLOWING REFERENCE ++++
S. Páll, M. J. Abraham, C. Kutzner, B. Hess, E. Lindahl
Tackling Exascale Software Challenges in Molecular Dynamics Simulations with
GROMACS
In S. Markidis & E. Laure (Eds.), Solving Software Challenges for Exascale 8759 (2015) pp. 3-27
-------- -------- --- Thank You --- -------- --------


++++ PLEASE READ AND CITE THE FOLLOWING REFERENCE ++++
S. Pronk, S. Páll, R. Schulz, P. Larsson, P. Bjelkmar, R. Apostolov, M. R.
Shirts, J. C. Smith, P. M. Kasson, D. van der Spoel, B. Hess, and E. Lindahl
GROMACS 4.5: a high-throughput and highly parallel open source molecular
simulation toolkit
Bioinformatics 29 (2013) pp. 845-54
-------- -------- --- Thank You --- -------- --------


++++ PLEASE READ AND CITE THE FOLLOWING REFERENCE ++++
B. Hess and C. Kutzner and D. van der Spoel and E. Lindahl
GROMACS 4: Algorithms for highly efficient, load-balanced, and scalable
molecular simulation
J. Chem. Theory Comput. 4 (2008) pp. 435-447
-------- -------- --- Thank You --- -------- --------


++++ PLEASE READ AND CITE THE FOLLOWING REFERENCE ++++
D. van der Spoel, E. Lindahl, B. Hess, G. Groenhof, A. E. Mark and H. J. C.
Berendsen
GROMACS: Fast, Flexible and Free
J. Comp. Chem. 26 (2005) pp. 1701-1719
-------- -------- --- Thank You --- -------- --------


++++ PLEASE READ AND CITE THE FOLLOWING REFERENCE ++++
E. Lindahl and B. Hess and D. van der Spoel
GROMACS 3.0: A package for molecular simulation and trajectory analysis
J. Mol. Mod. 7 (2001) pp. 306-317
-------- -------- --- Thank You --- -------- --------


++++ PLEASE READ AND CITE THE FOLLOWING REFERENCE ++++
H. J. C. Berendsen, D. van der Spoel and R. van Drunen
GROMACS: A message-passing parallel molecular dynamics implementation
Comp. Phys. Comm. 91 (1995) pp. 43-56
-------- -------- --- Thank You --- -------- --------


++++ PLEASE CITE THE DOI FOR THIS VERSION OF GROMACS ++++
https://doi.org/10.5281/zenodo.5636567
-------- -------- --- Thank You --- -------- --------


The number of OpenMP threads was set by environment variable OMP_NUM_THREADS to 1

Input Parameters:
   integrator                     = md
   tinit                          = 0
   dt                             = 0.002
   nsteps                         = 50000
   init-step                      = 0
   simulation-part                = 1
   mts                            = false
   comm-mode                      = Linear
   nstcomm                        = 100
   bd-fric                        = 0
   ld-seed                        = -1208682629
   emtol                          = 10
   emstep                         = 0.01
   niter                          = 20
   fcstep                         = 0
   nstcgsteep                     = 1000
   nbfgscorr                      = 10
   rtpi                           = 0.05
   nstxout                        = 0
   nstvout                        = 5000
   nstfout                        = 5000
   nstlog                         = 1000
   nstcalcenergy                  = 100
   nstenergy                      = 5000
   nstxout-compressed             = 5000
   compressed-x-precision         = 1000
   cutoff-scheme                  = Verlet
   nstlist                        = 20
   pbc                            = xyz
   periodic-molecules             = false
   verlet-buffer-tolerance        = 0.005
   rlist                          = 1.422
   coulombtype                    = PME
   coulomb-modifier               = Potential-shift
   rcoulomb-switch                = 0
   rcoulomb                       = 1.4
   epsilon-r                      = 1
   epsilon-rf                     = inf
   vdw-type                       = Cut-off
   vdw-modifier                   = Potential-shift
   rvdw-switch                    = 0
   rvdw                           = 1.4
   DispCorr                       = EnerPres
   table-extension                = 1
   fourierspacing                 = 0.12
   fourier-nx                     = 60
   fourier-ny                     = 60
   fourier-nz                     = 160
   pme-order                      = 4
   ewald-rtol                     = 1e-05
   ewald-rtol-lj                  = 0.001
   lj-pme-comb-rule               = Geometric
   ewald-geometry                 = 0
   epsilon-surface                = 0
   tcoupl                         = Berendsen
   nsttcouple                     = 10
   nh-chain-length                = 0
   print-nose-hoover-chain-variables = false
   pcoupl                         = Berendsen
   pcoupltype                     = Isotropic
   nstpcouple                     = 10
   tau-p                          = 1
   compressibility (3x3):
      compressibility[    0]={ 4.50000e-05,  0.00000e+00,  0.00000e+00}
      compressibility[    1]={ 0.00000e+00,  4.50000e-05,  0.00000e+00}
      compressibility[    2]={ 0.00000e+00,  0.00000e+00,  4.50000e-05}
   ref-p (3x3):
      ref-p[    0]={ 1.00000e+00,  0.00000e+00,  0.00000e+00}
      ref-p[    1]={ 0.00000e+00,  1.00000e+00,  0.00000e+00}
      ref-p[    2]={ 0.00000e+00,  0.00000e+00,  1.00000e+00}
   refcoord-scaling               = COM
   posres-com (3):
      posres-com[0]= 0.00000e+00
      posres-com[1]= 0.00000e+00
      posres-com[2]= 0.00000e+00
   posres-comB (3):
      posres-comB[0]= 0.00000e+00
      posres-comB[1]= 0.00000e+00
      posres-comB[2]= 0.00000e+00
   QMMM                           = false
qm-opts:
   ngQM                           = 0
   constraint-algorithm           = Lincs
   continuation                   = false
   Shake-SOR                      = false
   shake-tol                      = 0.0001
   lincs-order                    = 4
   lincs-iter                     = 1
   lincs-warnangle                = 30
   nwall                          = 0
   wall-type                      = 9-3
   wall-r-linpot                  = -1
   wall-atomtype[0]               = -1
   wall-atomtype[1]               = -1
   wall-density[0]                = 0
   wall-density[1]                = 0
   wall-ewald-zfac                = 3
   pull                           = true
   pull-cylinder-r                = 1.5
   pull-constr-tol                = 1e-06
   pull-print-COM                 = false
   pull-print-ref-value           = false
   pull-print-components          = false
   pull-nstxout                   = 50
   pull-nstfout                   = 50
   pull-pbc-ref-prev-step-com     = false
   pull-xout-average              = false
   pull-fout-average              = false
   pull-ngroups                   = 3
   pull-group 0:
     atom: not available
     weight: not available
     pbcatom                        = -1
   pull-group 1:
     atom (3015):
        atom[0,...,3014] = {0,...,3014}
     weight: not available
     pbcatom                        = 1507
   pull-group 2:
     atom (53):
        atom[0,...,52] = {3015,...,3067}
     weight: not available
     pbcatom                        = 3041
   pull-ncoords                   = 1
   pull-coord 0:
   type                           = umbrella
   geometry                       = distance
   group[0]                       = 1
   group[1]                       = 2
   dim (3):
      dim[0]=0
      dim[1]=0
      dim[2]=1
   origin (3):
      origin[0]= 0.00000e+00
      origin[1]= 0.00000e+00
      origin[2]= 0.00000e+00
   vec (3):
      vec[0]= 0.00000e+00
      vec[1]= 0.00000e+00
      vec[2]= 0.00000e+00
   start                          = true
   init                           = 3.03063
   rate                           = 0
   k                              = 1000
   kB                             = 1000
   awh                            = false
   rotation                       = false
   interactiveMD                  = false
   disre                          = No
   disre-weighting                = Conservative
   disre-mixed                    = false
   dr-fc                          = 1000
   dr-tau                         = 0
   nstdisreout                    = 100
   orire-fc                       = 0
   orire-tau                      = 0
   nstorireout                    = 100
   free-energy                    = no
   cos-acceleration               = 0
   deform (3x3):
      deform[    0]={ 0.00000e+00,  0.00000e+00,  0.00000e+00}
      deform[    1]={ 0.00000e+00,  0.00000e+00,  0.00000e+00}
      deform[    2]={ 0.00000e+00,  0.00000e+00,  0.00000e+00}
   simulated-tempering            = false
   swapcoords                     = no
   userint1                       = 0
   userint2                       = 0
   userint3                       = 0
   userint4                       = 0
   userreal1                      = 0
   userreal2                      = 0
   userreal3                      = 0
   userreal4                      = 0
   applied-forces:
     electric-field:
       x:
         E0                       = 0
         omega                    = 0
         t0                       = 0
         sigma                    = 0
       y:
         E0                       = 0
         omega                    = 0
         t0                       = 0
         sigma                    = 0
       z:
         E0                       = 0
         omega                    = 0
         t0                       = 0
         sigma                    = 0
     density-guided-simulation:
       active                     = false
       group                      = protein
       similarity-measure         = inner-product
       atom-spreading-weight      = unity
       force-constant             = 1e+09
       gaussian-transform-spreading-width = 0.2
       gaussian-transform-spreading-range-in-multiples-of-width = 4
       reference-density-filename = reference.mrc
       nst                        = 1
       normalize-densities        = true
       adaptive-force-scaling     = false
       adaptive-force-scaling-time-constant = 4
       shift-vector               = 
       transformation-matrix      = 
grpopts:
   nrdf:     5995.89      159455
   ref-t:         310         310
   tau-t:         0.5         0.5
annealing:          No          No
annealing-npoints:           0           0
   acc:	           0           0           0
   nfreeze:           N           N           N
   energygrp-flags[  0]: 0

Changing nstlist from 20 to 100, rlist from 1.422 to 1.537


Initializing Domain Decomposition on 20 ranks
Dynamic load balancing: auto
Minimum cell size due to atom displacement: 0.757 nm
Initial maximum distances in bonded interactions:
    two-body bonded interactions: 0.428 nm, LJ-14, atoms 1983 1991
  multi-body bonded interactions: 0.477 nm, CMAP Dih., atoms 2835 2858
Minimum cell size due to bonded interactions: 0.525 nm
Maximum distance for 5 constraints, at 120 deg. angles, all-trans: 0.819 nm
Estimated maximum distance required for P-LINCS: 0.819 nm
This distance will limit the DD cell size, you can override this with -rcon
Scaling the initial minimum size with 1/0.8 (option -dds) = 1.25
Guess for relative PME load: 0.14
Will use 16 particle-particle and 4 PME only ranks
This is a guess, check the performance at the end of the log file
Using 4 separate PME ranks, as guessed by mdrun
Optimizing the DD grid for 16 cells with a minimum initial size of 1.024 nm
The maximum allowed number of cells is: X 6 Y 6 Z 17
Domain decomposition grid 4 x 1 x 4, separate PME ranks 4
PME domain decomposition: 4 x 1 x 1
Interleaving PP and PME ranks
This rank does only particle-particle work.
Domain decomposition rank 0, coordinates 0 0 0

The initial number of communication pulses is: X 1 Z 1
The initial domain decomposition cell size is: X 1.71 nm Z 4.39 nm

The maximum allowed distance for atoms involved in interactions is:
                 non-bonded interactions           1.537 nm
(the following are initial values, they could change due to box deformation)
            two-body bonded interactions  (-rdd)   1.537 nm
          multi-body bonded interactions  (-rdd)   1.537 nm
  atoms separated by up to 5 constraints  (-rcon)  1.705 nm

When dynamic load balancing gets turned on, these settings will change to:
The maximum number of communication pulses is: X 2 Z 2
The minimum size for domain decomposition cells is 1.115 nm
The requested allowed shrink of DD cells (option -dds) is: 0.80
The allowed shrink of domain decomposition cells is: X 0.65 Z 0.25
The maximum allowed distance for atoms involved in interactions is:
                 non-bonded interactions           1.537 nm
            two-body bonded interactions  (-rdd)   1.537 nm
          multi-body bonded interactions  (-rdd)   1.115 nm
  atoms separated by up to 5 constraints  (-rcon)  1.115 nm

Using 20 MPI processes

Non-default thread affinity set, disabling internal thread affinity

Using 1 OpenMP thread per MPI process

System total charge: 0.000
Will do PME sum in reciprocal space for electrostatic interactions.

++++ PLEASE READ AND CITE THE FOLLOWING REFERENCE ++++
U. Essmann, L. Perera, M. L. Berkowitz, T. Darden, H. Lee and L. G. Pedersen 
A smooth particle mesh Ewald method
J. Chem. Phys. 103 (1995) pp. 8577-8592
-------- -------- --- Thank You --- -------- --------

Using a Gaussian width (1/beta) of 0.448228 nm for Ewald
Potential shift: LJ r^-12: -1.764e-02 r^-6: -1.328e-01, Ewald -7.143e-06
Initialized non-bonded Ewald tables, spacing: 1.10e-03 size: 1270

Generated table with 1268 data points for 1-4 COUL.
Tabscale = 500 points/nm
Generated table with 1268 data points for 1-4 LJ6.
Tabscale = 500 points/nm
Generated table with 1268 data points for 1-4 LJ12.
Tabscale = 500 points/nm
Long Range LJ corr.: <C6> 3.1444e-04


Using SIMD 4x8 nonbonded short-range kernels

Using a dual 4x8 pair-list setup updated with dynamic pruning:
  outer list: updated every 100 steps, buffer 0.137 nm, rlist 1.537 nm
  inner list: updated every  13 steps, buffer 0.002 nm, rlist 1.402 nm
At tolerance 0.005 kJ/mol/ps per atom, equivalent classical 1x1 list would be:
  outer list: updated every 100 steps, buffer 0.292 nm, rlist 1.692 nm
  inner list: updated every  13 steps, buffer 0.053 nm, rlist 1.453 nm

Using full Lennard-Jones parameter combination matrix
Removing pbc first time

Will apply potential COM pulling
with 1 pull coordinate and 2 groups
Pull group 1:  3015 atoms, mass 21331.701
Pull group 2:    53 atoms, mass   452.433

Initializing Parallel LINear Constraint Solver

++++ PLEASE READ AND CITE THE FOLLOWING REFERENCE ++++
B. Hess
P-LINCS: A Parallel Linear Constraint Solver for molecular simulation
J. Chem. Theory Comput. 4 (2008) pp. 116-122
-------- -------- --- Thank You --- -------- --------

The number of constraints is 3104
There are constraints between atoms in different decomposition domains,
will communicate selected coordinates each lincs iteration

++++ PLEASE READ AND CITE THE FOLLOWING REFERENCE ++++
S. Miyamoto and P. A. Kollman
SETTLE: An Analytical Version of the SHAKE and RATTLE Algorithms for Rigid
Water Models
J. Comp. Chem. 13 (1992) pp. 952-962
-------- -------- --- Thank You --- -------- --------


Linking all bonded interactions to atoms


Intra-simulation communication will occur every 10 steps.

++++ PLEASE READ AND CITE THE FOLLOWING REFERENCE ++++
H. J. C. Berendsen, J. P. M. Postma, A. DiNola and J. R. Haak
Molecular dynamics with coupling to an external bath
J. Chem. Phys. 81 (1984) pp. 3684-3690
-------- -------- --- Thank You --- -------- --------

There are: 82669 Atoms
Atom distribution over 16 domains: av 5166 stddev 101 min 5121 max 5276

Constraining the starting coordinates (step 0)

Constraining the coordinates at t0-dt (step 0)
Center of mass motion removal mode is Linear
We have the following groups for center of mass motion removal:
  0:  rest
RMS relative constraint deviation after constraining: 0.00e+00
Initial temperature: 310.119 K

Started mdrun on rank 0 Thu Jan  2 09:39:03 2025

           Step           Time
              0        0.00000

   Energies (kJ/mol)
            U-B    Proper Dih.  Improper Dih.      CMAP Dih.          LJ-14
    7.40824e+03    8.04657e+03    4.47700e+02   -2.55120e+02    3.14151e+03
     Coulomb-14        LJ (SR)  Disper. corr.   Coulomb (SR)   Coul. recip.
    3.30034e+04    1.10128e+05   -4.01748e+03   -1.31897e+06    2.47997e+03
   COM Pull En.      Potential    Kinetic En.   Total Energy  Conserved En.
    1.99503e-12   -1.15859e+06    2.16043e+05   -9.42544e+05   -9.42548e+05
    Temperature Pres. DC (bar) Pressure (bar)   Constr. rmsd
    3.14099e+02   -8.17718e+01    3.90266e+01    3.50187e-05


DD  step 99 load imb.: force  0.4%  pme mesh/force 0.512

DD  step 999 load imb.: force  0.4%  pme mesh/force 0.430
           Step           Time
           1000        2.00000

   Energies (kJ/mol)
            U-B    Proper Dih.  Improper Dih.      CMAP Dih.          LJ-14
    7.36308e+03    7.92333e+03    3.61938e+02   -2.75195e+02    3.13554e+03
     Coulomb-14        LJ (SR)  Disper. corr.   Coulomb (SR)   Coul. recip.
    3.28011e+04    1.10440e+05   -4.02506e+03   -1.31880e+06    2.47142e+03
   COM Pull En.      Potential    Kinetic En.   Total Energy  Conserved En.
    2.58109e-04   -1.15861e+06    2.12466e+05   -9.46141e+05   -9.42584e+05
    Temperature Pres. DC (bar) Pressure (bar)   Constr. rmsd
    3.08898e+02   -8.20806e+01    7.90753e+01    3.42919e-05


DD  step 1999 load imb.: force  0.3%  pme mesh/force 0.457
           Step           Time
           2000        4.00000

   Energies (kJ/mol)
            U-B    Proper Dih.  Improper Dih.      CMAP Dih.          LJ-14
    7.24583e+03    8.02607e+03    4.05909e+02   -2.18031e+02    3.11765e+03
     Coulomb-14        LJ (SR)  Disper. corr.   Coulomb (SR)   Coul. recip.
    3.30915e+04    1.10549e+05   -4.02078e+03   -1.32070e+06    2.38773e+03
   COM Pull En.      Potential    Kinetic En.   Total Energy  Conserved En.
    1.01287e+00   -1.16012e+06    2.13122e+05   -9.46997e+05   -9.42610e+05
    Temperature Pres. DC (bar) Pressure (bar)   Constr. rmsd
    3.09852e+02   -8.19062e+01    1.59300e+01    3.37802e-05


DD  step 2999 load imb.: force  0.4%  pme mesh/force 0.406
           Step           Time
           3000        6.00000

   Energies (kJ/mol)
            U-B    Proper Dih.  Improper Dih.      CMAP Dih.          LJ-14
    7.26760e+03    8.06832e+03    4.49486e+02   -2.78819e+02    3.12525e+03
     Coulomb-14        LJ (SR)  Disper. corr.   Coulomb (SR)   Coul. recip.
    3.29351e+04    1.10693e+05   -4.02453e+03   -1.32091e+06    2.42445e+03
   COM Pull En.      Potential    Kinetic En.   Total Energy  Conserved En.
    7.96241e-01   -1.16025e+06    2.13124e+05   -9.47126e+05   -9.42625e+05
    Temperature Pres. DC (bar) Pressure (bar)   Constr. rmsd
    3.09855e+02   -8.20589e+01    1.50794e+01    3.59978e-05


DD  step 3999 load imb.: force  0.4%  pme mesh/force 0.420
           Step           Time
           4000        8.00000

   Energies (kJ/mol)
            U-B    Proper Dih.  Improper Dih.      CMAP Dih.          LJ-14
    7.52204e+03    7.98253e+03    4.00005e+02   -2.38707e+02    3.13096e+03
     Coulomb-14        LJ (SR)  Disper. corr.   Coulomb (SR)   Coul. recip.
    3.28327e+04    1.10800e+05   -4.02214e+03   -1.32092e+06    2.36265e+03
   COM Pull En.      Potential    Kinetic En.   Total Energy  Conserved En.
    2.93844e-01   -1.16015e+06    2.12706e+05   -9.47443e+05   -9.42662e+05
    Temperature Pres. DC (bar) Pressure (bar)   Constr. rmsd
    3.09248e+02   -8.19617e+01    4.49954e+01    3.61688e-05


DD  step 4999 load imb.: force  0.4%  pme mesh/force 0.407
           Step           Time
           5000       10.00000

   Energies (kJ/mol)
            U-B    Proper Dih.  Improper Dih.      CMAP Dih.          LJ-14
    7.49259e+03    7.97062e+03    4.48600e+02   -2.87308e+02    3.06210e+03
     Coulomb-14        LJ (SR)  Disper. corr.   Coulomb (SR)   Coul. recip.
    3.29713e+04    1.10518e+05   -4.02630e+03   -1.32072e+06    2.45369e+03
   COM Pull En.      Potential    Kinetic En.   Total Energy  Conserved En.
    4.25278e+00   -1.16011e+06    2.12800e+05   -9.47308e+05   -9.42706e+05
    Temperature Pres. DC (bar) Pressure (bar)   Constr. rmsd
    3.09384e+02   -8.21313e+01   -6.27135e+01    3.70054e-05


DD  step 5999 load imb.: force  0.4%  pme mesh/force 0.404
           Step           Time
           6000       12.00000

   Energies (kJ/mol)
            U-B    Proper Dih.  Improper Dih.      CMAP Dih.          LJ-14
    7.66926e+03    7.97998e+03    3.88426e+02   -2.40209e+02    3.07964e+03
     Coulomb-14        LJ (SR)  Disper. corr.   Coulomb (SR)   Coul. recip.
    3.26401e+04    1.10788e+05   -4.02508e+03   -1.32083e+06    2.37487e+03
   COM Pull En.      Potential    Kinetic En.   Total Energy  Conserved En.
    9.59540e-03   -1.16017e+06    2.12513e+05   -9.47659e+05   -9.42740e+05
    Temperature Pres. DC (bar) Pressure (bar)   Constr. rmsd
    3.08967e+02   -8.20815e+01    2.87644e+01    3.66679e-05


DD  step 6999 load imb.: force  0.4%  pme mesh/force 0.414
           Step           Time
           7000       14.00000

   Energies (kJ/mol)
            U-B    Proper Dih.  Improper Dih.      CMAP Dih.          LJ-14
    7.35823e+03    7.95950e+03    4.12479e+02   -1.28688e+02    3.09463e+03
     Coulomb-14        LJ (SR)  Disper. corr.   Coulomb (SR)   Coul. recip.
    3.28254e+04    1.10150e+05   -4.02051e+03   -1.32120e+06    2.45402e+03
   COM Pull En.      Potential    Kinetic En.   Total Energy  Conserved En.
    5.68100e-02   -1.16109e+06    2.13416e+05   -9.47678e+05   -9.42782e+05
    Temperature Pres. DC (bar) Pressure (bar)   Constr. rmsd
    3.10280e+02   -8.18951e+01   -1.38135e+02    3.69702e-05


DD  step 7999 load imb.: force  0.4%  pme mesh/force 0.423
           Step           Time
           8000       16.00000

   Energies (kJ/mol)
            U-B    Proper Dih.  Improper Dih.      CMAP Dih.          LJ-14
    7.08987e+03    8.07753e+03    4.63381e+02   -2.85947e+02    3.15956e+03
     Coulomb-14        LJ (SR)  Disper. corr.   Coulomb (SR)   Coul. recip.
    3.31933e+04    1.11980e+05   -4.02377e+03   -1.32238e+06    2.39035e+03
   COM Pull En.      Potential    Kinetic En.   Total Energy  Conserved En.
    4.61319e+00   -1.16033e+06    2.12434e+05   -9.47896e+05   -9.42836e+05
    Temperature Pres. DC (bar) Pressure (bar)   Constr. rmsd
    3.08852e+02   -8.20283e+01    1.46652e+02    3.34451e-05


DD  step 8999 load imb.: force  0.4%  pme mesh/force 0.425
           Step           Time
           9000       18.00000

   Energies (kJ/mol)
            U-B    Proper Dih.  Improper Dih.      CMAP Dih.          LJ-14
    7.26369e+03    8.06466e+03    4.30354e+02   -2.50225e+02    3.11862e+03
     Coulomb-14        LJ (SR)  Disper. corr.   Coulomb (SR)   Coul. recip.
    3.29599e+04    1.10354e+05   -4.02778e+03   -1.32184e+06    2.33768e+03
   COM Pull En.      Potential    Kinetic En.   Total Energy  Conserved En.
    1.73195e+00   -1.16159e+06    2.13721e+05   -9.47869e+05   -9.42863e+05
    Temperature Pres. DC (bar) Pressure (bar)   Constr. rmsd
    3.10724e+02   -8.21917e+01   -3.22785e+01    3.53187e-05


DD  step 9999 load imb.: force  0.5%  pme mesh/force 0.427
           Step           Time
          10000       20.00000

   Energies (kJ/mol)
            U-B    Proper Dih.  Improper Dih.      CMAP Dih.          LJ-14
    7.25164e+03    7.97893e+03    4.64285e+02   -2.95248e+02    3.07887e+03
     Coulomb-14        LJ (SR)  Disper. corr.   Coulomb (SR)   Coul. recip.
    3.28814e+04    1.11733e+05   -4.02714e+03   -1.32262e+06    2.46725e+03
   COM Pull En.      Potential    Kinetic En.   Total Energy  Conserved En.
    4.14152e+00   -1.16108e+06    2.13425e+05   -9.47656e+05   -9.42927e+05
    Temperature Pres. DC (bar) Pressure (bar)   Constr. rmsd
    3.10293e+02   -8.21653e+01    1.09576e+02    3.48969e-05


DD  step 10999 load imb.: force  0.4%  pme mesh/force 0.424
           Step           Time
          11000       22.00000

   Energies (kJ/mol)
            U-B    Proper Dih.  Improper Dih.      CMAP Dih.          LJ-14
    7.34831e+03    8.12222e+03    3.82244e+02   -2.62930e+02    3.15367e+03
     Coulomb-14        LJ (SR)  Disper. corr.   Coulomb (SR)   Coul. recip.
    3.31471e+04    1.10626e+05   -4.02022e+03   -1.32118e+06    2.43509e+03
   COM Pull En.      Potential    Kinetic En.   Total Energy  Conserved En.
    2.14059e+00   -1.16025e+06    2.12589e+05   -9.47662e+05   -9.42944e+05
    Temperature Pres. DC (bar) Pressure (bar)   Constr. rmsd
    3.09077e+02   -8.18834e+01    3.22155e+01    3.48353e-05


DD  step 11999 load imb.: force  0.4%  pme mesh/force 0.428
           Step           Time
          12000       24.00000

   Energies (kJ/mol)
            U-B    Proper Dih.  Improper Dih.      CMAP Dih.          LJ-14
    7.30446e+03    8.06244e+03    4.27527e+02   -2.94034e+02    3.05632e+03
     Coulomb-14        LJ (SR)  Disper. corr.   Coulomb (SR)   Coul. recip.
    3.27506e+04    1.09688e+05   -4.02172e+03   -1.31927e+06    2.39624e+03
   COM Pull En.      Potential    Kinetic En.   Total Energy  Conserved En.
    1.26122e+01   -1.15989e+06    2.12698e+05   -9.47193e+05   -9.42992e+05
    Temperature Pres. DC (bar) Pressure (bar)   Constr. rmsd
    3.09236e+02   -8.19446e+01   -4.57561e+01    3.44856e-05


DD  step 12999 load imb.: force  0.4%  pme mesh/force 0.445
           Step           Time
          13000       26.00000

   Energies (kJ/mol)
            U-B    Proper Dih.  Improper Dih.      CMAP Dih.          LJ-14
    7.38768e+03    8.04304e+03    4.16449e+02   -2.44448e+02    3.11239e+03
     Coulomb-14        LJ (SR)  Disper. corr.   Coulomb (SR)   Coul. recip.
    3.28544e+04    1.10381e+05   -4.02495e+03   -1.32094e+06    2.36799e+03
   COM Pull En.      Potential    Kinetic En.   Total Energy  Conserved En.
    1.02681e+01   -1.16064e+06    2.13585e+05   -9.47053e+05   -9.43022e+05
    Temperature Pres. DC (bar) Pressure (bar)   Constr. rmsd
    3.10526e+02   -8.20762e+01   -5.08204e+01    3.61465e-05


DD  step 13999 load imb.: force  0.4%  pme mesh/force 0.412
           Step           Time
          14000       28.00000

   Energies (kJ/mol)
            U-B    Proper Dih.  Improper Dih.      CMAP Dih.          LJ-14
    7.56796e+03    8.12111e+03    3.76489e+02   -2.26299e+02    3.12370e+03
     Coulomb-14        LJ (SR)  Disper. corr.   Coulomb (SR)   Coul. recip.
    3.26278e+04    1.11053e+05   -4.02679e+03   -1.32232e+06    2.37221e+03
   COM Pull En.      Potential    Kinetic En.   Total Energy  Conserved En.
    3.12703e+00   -1.16133e+06    2.13530e+05   -9.47798e+05   -9.43067e+05
    Temperature Pres. DC (bar) Pressure (bar)   Constr. rmsd
    3.10445e+02   -8.21514e+01    8.73289e+01    3.44408e-05


DD  step 14999 load imb.: force  0.4%  pme mesh/force 0.415
           Step           Time
          15000       30.00000

   Energies (kJ/mol)
            U-B    Proper Dih.  Improper Dih.      CMAP Dih.          LJ-14
    7.34004e+03    8.04948e+03    4.00414e+02   -2.73425e+02    3.05061e+03
     Coulomb-14        LJ (SR)  Disper. corr.   Coulomb (SR)   Coul. recip.
    3.28224e+04    1.09520e+05   -4.01618e+03   -1.31887e+06    2.47215e+03
   COM Pull En.      Potential    Kinetic En.   Total Energy  Conserved En.
    4.00901e+00   -1.15950e+06    2.12295e+05   -9.47207e+05   -9.43098e+05
    Temperature Pres. DC (bar) Pressure (bar)   Constr. rmsd
    3.08650e+02   -8.17190e+01   -9.05717e+01    3.66578e-05


DD  step 15999 load imb.: force  0.5%  pme mesh/force 0.473
           Step           Time
          16000       32.00000

   Energies (kJ/mol)
            U-B    Proper Dih.  Improper Dih.      CMAP Dih.          LJ-14
    7.35646e+03    7.99421e+03    4.22089e+02   -3.05438e+02    3.14863e+03
     Coulomb-14        LJ (SR)  Disper. corr.   Coulomb (SR)   Coul. recip.
    3.29032e+04    1.10977e+05   -4.01927e+03   -1.32098e+06    2.45625e+03
   COM Pull En.      Potential    Kinetic En.   Total Energy  Conserved En.
    1.63104e+00   -1.16005e+06    2.13216e+05   -9.46832e+05   -9.43154e+05
    Temperature Pres. DC (bar) Pressure (bar)   Constr. rmsd
    3.09989e+02   -8.18448e+01    4.24807e+01    3.67019e-05


DD  step 16999 load imb.: force  0.4%  pme mesh/force 0.411
           Step           Time
          17000       34.00000

   Energies (kJ/mol)
            U-B    Proper Dih.  Improper Dih.      CMAP Dih.          LJ-14
    7.27593e+03    8.09547e+03    4.37453e+02   -1.98491e+02    3.15130e+03
     Coulomb-14        LJ (SR)  Disper. corr.   Coulomb (SR)   Coul. recip.
    3.28759e+04    1.11290e+05   -4.02819e+03   -1.32121e+06    2.40180e+03
   COM Pull En.      Potential    Kinetic En.   Total Energy  Conserved En.
    1.23157e-02   -1.15991e+06    2.12223e+05   -9.47691e+05   -9.43172e+05
    Temperature Pres. DC (bar) Pressure (bar)   Constr. rmsd
    3.08545e+02   -8.22082e+01    8.30063e+01    3.49616e-05


DD  step 17999 load imb.: force  0.4%  pme mesh/force 0.421
           Step           Time
          18000       36.00000

   Energies (kJ/mol)
            U-B    Proper Dih.  Improper Dih.      CMAP Dih.          LJ-14
    7.36983e+03    8.08857e+03    4.40233e+02   -2.65964e+02    3.05390e+03
     Coulomb-14        LJ (SR)  Disper. corr.   Coulomb (SR)   Coul. recip.
    3.28965e+04    1.11320e+05   -4.02410e+03   -1.32258e+06    2.37173e+03
   COM Pull En.      Potential    Kinetic En.   Total Energy  Conserved En.
    6.14748e-01   -1.16132e+06    2.13616e+05   -9.47709e+05   -9.43232e+05
    Temperature Pres. DC (bar) Pressure (bar)   Constr. rmsd
    3.10570e+02   -8.20415e+01    5.15813e+01    3.36943e-05


DD  step 18999 load imb.: force  0.4%  pme mesh/force 0.440
           Step           Time
          19000       38.00000

   Energies (kJ/mol)
            U-B    Proper Dih.  Improper Dih.      CMAP Dih.          LJ-14
    7.35943e+03    8.01849e+03    4.18829e+02   -2.75550e+02    3.11282e+03
     Coulomb-14        LJ (SR)  Disper. corr.   Coulomb (SR)   Coul. recip.
    3.29282e+04    1.10688e+05   -4.02658e+03   -1.32205e+06    2.37699e+03
   COM Pull En.      Potential    Kinetic En.   Total Energy  Conserved En.
    2.99744e+00   -1.16144e+06    2.13847e+05   -9.47596e+05   -9.43266e+05
    Temperature Pres. DC (bar) Pressure (bar)   Constr. rmsd
    3.10906e+02   -8.21425e+01    6.56707e+00    3.78260e-05


DD  step 19999 load imb.: force  0.4%  pme mesh/force 0.443
           Step           Time
          20000       40.00000

   Energies (kJ/mol)
            U-B    Proper Dih.  Improper Dih.      CMAP Dih.          LJ-14
    7.43252e+03    8.05088e+03    4.38733e+02   -2.24465e+02    3.06208e+03
     Coulomb-14        LJ (SR)  Disper. corr.   Coulomb (SR)   Coul. recip.
    3.28432e+04    1.09817e+05   -4.01823e+03   -1.32067e+06    2.36107e+03
   COM Pull En.      Potential    Kinetic En.   Total Energy  Conserved En.
    6.69271e-02   -1.16091e+06    2.12955e+05   -9.47950e+05   -9.43297e+05
    Temperature Pres. DC (bar) Pressure (bar)   Constr. rmsd
    3.09610e+02   -8.18023e+01   -1.26665e+02    3.62018e-05


DD  step 20999 load imb.: force  0.3%  pme mesh/force 0.466
           Step           Time
          21000       42.00000

   Energies (kJ/mol)
            U-B    Proper Dih.  Improper Dih.      CMAP Dih.          LJ-14
    7.60618e+03    8.09452e+03    4.39515e+02   -2.86546e+02    3.09671e+03
     Coulomb-14        LJ (SR)  Disper. corr.   Coulomb (SR)   Coul. recip.
    3.26411e+04    1.10615e+05   -4.02012e+03   -1.32125e+06    2.38868e+03
   COM Pull En.      Potential    Kinetic En.   Total Energy  Conserved En.
    7.67243e-01   -1.16067e+06    2.13567e+05   -9.47106e+05   -9.43333e+05
    Temperature Pres. DC (bar) Pressure (bar)   Constr. rmsd
    3.10499e+02   -8.18794e+01    6.93906e+01    3.40770e-05


DD  step 21999 load imb.: force  0.5%  pme mesh/force 0.434
           Step           Time
          22000       44.00000

   Energies (kJ/mol)
            U-B    Proper Dih.  Improper Dih.      CMAP Dih.          LJ-14
    7.31004e+03    8.05726e+03    4.13075e+02   -2.23230e+02    3.02881e+03
     Coulomb-14        LJ (SR)  Disper. corr.   Coulomb (SR)   Coul. recip.
    3.29831e+04    1.10593e+05   -4.01808e+03   -1.31915e+06    2.43129e+03
   COM Pull En.      Potential    Kinetic En.   Total Energy  Conserved En.
    2.96249e+00   -1.15857e+06    2.11637e+05   -9.46935e+05   -9.43392e+05
    Temperature Pres. DC (bar) Pressure (bar)   Constr. rmsd
    3.07693e+02   -8.17962e+01    5.88263e+01    3.48154e-05


DD  step 22999 load imb.: force  0.3%  pme mesh/force 0.411
           Step           Time
          23000       46.00000

   Energies (kJ/mol)
            U-B    Proper Dih.  Improper Dih.      CMAP Dih.          LJ-14
    7.28877e+03    8.06160e+03    4.76458e+02   -2.99333e+02    3.09188e+03
     Coulomb-14        LJ (SR)  Disper. corr.   Coulomb (SR)   Coul. recip.
    3.29506e+04    1.10841e+05   -4.01809e+03   -1.32184e+06    2.38627e+03
   COM Pull En.      Potential    Kinetic En.   Total Energy  Conserved En.
    8.74958e-01   -1.16106e+06    2.13550e+05   -9.47506e+05   -9.43437e+05
    Temperature Pres. DC (bar) Pressure (bar)   Constr. rmsd
    3.10474e+02   -8.17968e+01    1.67196e+00    3.49734e-05


DD  step 23999 load imb.: force  0.4%  pme mesh/force 0.472
           Step           Time
          24000       48.00000

   Energies (kJ/mol)
            U-B    Proper Dih.  Improper Dih.      CMAP Dih.          LJ-14
    7.29471e+03    7.96754e+03    4.36436e+02   -2.19094e+02    3.06064e+03
     Coulomb-14        LJ (SR)  Disper. corr.   Coulomb (SR)   Coul. recip.
    3.30359e+04    1.11197e+05   -4.02054e+03   -1.32122e+06    2.39589e+03
   COM Pull En.      Potential    Kinetic En.   Total Energy  Conserved En.
    1.22402e+00   -1.16007e+06    2.12714e+05   -9.47360e+05   -9.43469e+05
    Temperature Pres. DC (bar) Pressure (bar)   Constr. rmsd
    3.09260e+02   -8.18966e+01    4.59971e+01    3.58798e-05


DD  step 24999 load imb.: force  0.3%  pme mesh/force 0.446
           Step           Time
          25000       50.00000

   Energies (kJ/mol)
            U-B    Proper Dih.  Improper Dih.      CMAP Dih.          LJ-14
    7.43497e+03    8.03505e+03    4.12517e+02   -2.97662e+02    3.05977e+03
     Coulomb-14        LJ (SR)  Disper. corr.   Coulomb (SR)   Coul. recip.
    3.28125e+04    1.10614e+05   -4.02566e+03   -1.32126e+06    2.41206e+03
   COM Pull En.      Potential    Kinetic En.   Total Energy  Conserved En.
    2.81714e+00   -1.16080e+06    2.13588e+05   -9.47209e+05   -9.43512e+05
    Temperature Pres. DC (bar) Pressure (bar)   Constr. rmsd
    3.10530e+02   -8.21053e+01   -9.29964e+00    3.59370e-05


DD  step 25999 load imb.: force  0.3%  pme mesh/force 0.467
           Step           Time
          26000       52.00000

   Energies (kJ/mol)
            U-B    Proper Dih.  Improper Dih.      CMAP Dih.          LJ-14
    7.36456e+03    8.06880e+03    3.66255e+02   -2.20793e+02    3.09323e+03
     Coulomb-14        LJ (SR)  Disper. corr.   Coulomb (SR)   Coul. recip.
    3.27556e+04    1.11223e+05   -4.02596e+03   -1.32119e+06    2.48584e+03
   COM Pull En.      Potential    Kinetic En.   Total Energy  Conserved En.
    4.96412e+00   -1.16008e+06    2.12595e+05   -9.47485e+05   -9.43550e+05
    Temperature Pres. DC (bar) Pressure (bar)   Constr. rmsd
    3.09086e+02   -8.21174e+01    1.61327e+01    3.54621e-05


DD  step 26999 load imb.: force  0.3%  pme mesh/force 0.406
           Step           Time
          27000       54.00000

   Energies (kJ/mol)
            U-B    Proper Dih.  Improper Dih.      CMAP Dih.          LJ-14
    7.46824e+03    8.10566e+03    3.99047e+02   -2.69895e+02    3.13146e+03
     Coulomb-14        LJ (SR)  Disper. corr.   Coulomb (SR)   Coul. recip.
    3.29403e+04    1.09495e+05   -4.02196e+03   -1.32044e+06    2.36318e+03
   COM Pull En.      Potential    Kinetic En.   Total Energy  Conserved En.
    2.87196e+00   -1.16082e+06    2.13276e+05   -9.47546e+05   -9.43586e+05
    Temperature Pres. DC (bar) Pressure (bar)   Constr. rmsd
    3.10076e+02   -8.19542e+01   -9.78120e+01    3.57959e-05


DD  step 27999 load imb.: force  0.4%  pme mesh/force 0.458
           Step           Time
          28000       56.00000

   Energies (kJ/mol)
            U-B    Proper Dih.  Improper Dih.      CMAP Dih.          LJ-14
    7.07686e+03    8.02567e+03    4.34380e+02   -3.25294e+02    3.15990e+03
     Coulomb-14        LJ (SR)  Disper. corr.   Coulomb (SR)   Coul. recip.
    3.31255e+04    1.10000e+05   -4.01863e+03   -1.32048e+06    2.46223e+03
   COM Pull En.      Potential    Kinetic En.   Total Energy  Conserved En.
    7.24254e-01   -1.16054e+06    2.13363e+05   -9.47178e+05   -9.43634e+05
    Temperature Pres. DC (bar) Pressure (bar)   Constr. rmsd
    3.10202e+02   -8.18186e+01   -1.37833e+01    3.40689e-05


DD  step 28999 load imb.: force  0.4%  pme mesh/force 0.445
           Step           Time
          29000       58.00000

   Energies (kJ/mol)
            U-B    Proper Dih.  Improper Dih.      CMAP Dih.          LJ-14
    7.21867e+03    8.01606e+03    4.65323e+02   -2.39853e+02    3.10161e+03
     Coulomb-14        LJ (SR)  Disper. corr.   Coulomb (SR)   Coul. recip.
    3.29129e+04    1.12539e+05   -4.01898e+03   -1.32279e+06    2.38343e+03
   COM Pull En.      Potential    Kinetic En.   Total Energy  Conserved En.
    1.98024e+00   -1.16041e+06    2.13452e+05   -9.46960e+05   -9.43699e+05
    Temperature Pres. DC (bar) Pressure (bar)   Constr. rmsd
    3.10332e+02   -8.18332e+01    1.46055e+02    3.54743e-05


DD  step 29999 load imb.: force  0.4%  pme mesh/force 0.425
           Step           Time
          30000       60.00000

   Energies (kJ/mol)
            U-B    Proper Dih.  Improper Dih.      CMAP Dih.          LJ-14
    7.44455e+03    8.01254e+03    4.29377e+02   -2.43975e+02    3.08069e+03
     Coulomb-14        LJ (SR)  Disper. corr.   Coulomb (SR)   Coul. recip.
    3.28424e+04    1.11326e+05   -4.02412e+03   -1.32213e+06    2.50135e+03
   COM Pull En.      Potential    Kinetic En.   Total Energy  Conserved En.
    8.73341e-02   -1.16076e+06    2.13174e+05   -9.47591e+05   -9.43717e+05
    Temperature Pres. DC (bar) Pressure (bar)   Constr. rmsd
    3.09928e+02   -8.20423e+01    7.76949e+01    3.41443e-05


DD  step 30999 load imb.: force  0.4%  pme mesh/force 0.444
           Step           Time
          31000       62.00000

   Energies (kJ/mol)
            U-B    Proper Dih.  Improper Dih.      CMAP Dih.          LJ-14
    7.31163e+03    8.19053e+03    5.11212e+02   -3.25332e+02    3.09452e+03
     Coulomb-14        LJ (SR)  Disper. corr.   Coulomb (SR)   Coul. recip.
    3.28312e+04    1.09783e+05   -4.02340e+03   -1.32028e+06    2.42168e+03
   COM Pull En.      Potential    Kinetic En.   Total Energy  Conserved En.
    7.60683e-03   -1.16049e+06    2.13202e+05   -9.47286e+05   -9.43755e+05
    Temperature Pres. DC (bar) Pressure (bar)   Constr. rmsd
    3.09969e+02   -8.20131e+01   -6.40421e+01    3.62505e-05


DD  step 31999 load imb.: force  0.4%  pme mesh/force 0.423
           Step           Time
          32000       64.00000

   Energies (kJ/mol)
            U-B    Proper Dih.  Improper Dih.      CMAP Dih.          LJ-14
    7.17695e+03    8.12520e+03    3.84038e+02   -3.51181e+02    3.11341e+03
     Coulomb-14        LJ (SR)  Disper. corr.   Coulomb (SR)   Coul. recip.
    3.30773e+04    1.08679e+05   -4.02069e+03   -1.31900e+06    2.41495e+03
   COM Pull En.      Potential    Kinetic En.   Total Energy  Conserved En.
    3.07527e+00   -1.16040e+06    2.13439e+05   -9.46960e+05   -9.43768e+05
    Temperature Pres. DC (bar) Pressure (bar)   Constr. rmsd
    3.10314e+02   -8.19028e+01   -1.83098e+02    3.65318e-05


DD  step 32999 load imb.: force  0.4%  pme mesh/force 0.421
           Step           Time
          33000       66.00000

   Energies (kJ/mol)
            U-B    Proper Dih.  Improper Dih.      CMAP Dih.          LJ-14
    7.33838e+03    8.08843e+03    4.34237e+02   -2.55893e+02    3.13166e+03
     Coulomb-14        LJ (SR)  Disper. corr.   Coulomb (SR)   Coul. recip.
    3.28828e+04    1.12372e+05   -4.02469e+03   -1.32289e+06    2.39008e+03
   COM Pull En.      Potential    Kinetic En.   Total Energy  Conserved En.
    1.06670e+00   -1.16054e+06    2.13223e+05   -9.47314e+05   -9.43832e+05
    Temperature Pres. DC (bar) Pressure (bar)   Constr. rmsd
    3.09998e+02   -8.20654e+01    9.53500e+01    3.67667e-05


DD  step 33999 load imb.: force  0.4%  pme mesh/force 0.404
           Step           Time
          34000       68.00000

   Energies (kJ/mol)
            U-B    Proper Dih.  Improper Dih.      CMAP Dih.          LJ-14
    7.39374e+03    8.04953e+03    4.10584e+02   -2.37895e+02    3.06069e+03
     Coulomb-14        LJ (SR)  Disper. corr.   Coulomb (SR)   Coul. recip.
    3.29201e+04    1.12065e+05   -4.02419e+03   -1.32281e+06    2.46490e+03
   COM Pull En.      Potential    Kinetic En.   Total Energy  Conserved En.
    1.15891e-01   -1.16071e+06    2.13393e+05   -9.47316e+05   -9.43878e+05
    Temperature Pres. DC (bar) Pressure (bar)   Constr. rmsd
    3.10247e+02   -8.20452e+01    3.29994e+01    3.57293e-05


DD  step 34999 load imb.: force  0.4%  pme mesh/force 0.445
           Step           Time
          35000       70.00000

   Energies (kJ/mol)
            U-B    Proper Dih.  Improper Dih.      CMAP Dih.          LJ-14
    7.21009e+03    8.10116e+03    4.46406e+02   -2.78227e+02    3.11191e+03
     Coulomb-14        LJ (SR)  Disper. corr.   Coulomb (SR)   Coul. recip.
    3.31575e+04    1.10643e+05   -4.01989e+03   -1.32106e+06    2.40657e+03
   COM Pull En.      Potential    Kinetic En.   Total Energy  Conserved En.
    7.86269e-02   -1.16028e+06    2.12369e+05   -9.47910e+05   -9.43891e+05
    Temperature Pres. DC (bar) Pressure (bar)   Constr. rmsd
    3.08758e+02   -8.18699e+01    2.47927e+00    3.51038e-05


DD  step 35999 load imb.: force  0.4%  pme mesh/force 0.423
           Step           Time
          36000       72.00000

   Energies (kJ/mol)
            U-B    Proper Dih.  Improper Dih.      CMAP Dih.          LJ-14
    7.37234e+03    8.07489e+03    3.82060e+02   -2.33262e+02    3.13156e+03
     Coulomb-14        LJ (SR)  Disper. corr.   Coulomb (SR)   Coul. recip.
    3.30726e+04    1.09528e+05   -4.02482e+03   -1.32087e+06    2.39369e+03
   COM Pull En.      Potential    Kinetic En.   Total Energy  Conserved En.
    3.97580e-01   -1.16117e+06    2.13781e+05   -9.47393e+05   -9.43928e+05
    Temperature Pres. DC (bar) Pressure (bar)   Constr. rmsd
    3.10810e+02   -8.20709e+01   -7.17623e+01    3.58139e-05


DD  step 36999 load imb.: force  0.4%  pme mesh/force 0.439
           Step           Time
          37000       74.00000

   Energies (kJ/mol)
            U-B    Proper Dih.  Improper Dih.      CMAP Dih.          LJ-14
    7.15743e+03    8.08198e+03    4.63405e+02   -2.78586e+02    3.08668e+03
     Coulomb-14        LJ (SR)  Disper. corr.   Coulomb (SR)   Coul. recip.
    3.30383e+04    1.11476e+05   -4.02664e+03   -1.32193e+06    2.41953e+03
   COM Pull En.      Potential    Kinetic En.   Total Energy  Conserved En.
    1.38316e+00   -1.16051e+06    2.12941e+05   -9.47570e+05   -9.44001e+05
    Temperature Pres. DC (bar) Pressure (bar)   Constr. rmsd
    3.09590e+02   -8.21451e+01    6.27752e+01    3.44906e-05


DD  step 37999 load imb.: force  0.4%  pme mesh/force 0.408
           Step           Time
          38000       76.00000

   Energies (kJ/mol)
            U-B    Proper Dih.  Improper Dih.      CMAP Dih.          LJ-14
    7.11669e+03    8.16163e+03    4.46128e+02   -2.67961e+02    3.07422e+03
     Coulomb-14        LJ (SR)  Disper. corr.   Coulomb (SR)   Coul. recip.
    3.31723e+04    1.11040e+05   -4.02514e+03   -1.32138e+06    2.45618e+03
   COM Pull En.      Potential    Kinetic En.   Total Energy  Conserved En.
    7.16443e-01   -1.16021e+06    2.12529e+05   -9.47681e+05   -9.44013e+05
    Temperature Pres. DC (bar) Pressure (bar)   Constr. rmsd
    3.08990e+02   -8.20840e+01   -1.24400e+01    3.58455e-05


DD  step 38999 load imb.: force  0.4%  pme mesh/force 0.412
           Step           Time
          39000       78.00000

   Energies (kJ/mol)
            U-B    Proper Dih.  Improper Dih.      CMAP Dih.          LJ-14
    7.35681e+03    8.05254e+03    4.22861e+02   -2.89752e+02    3.08669e+03
     Coulomb-14        LJ (SR)  Disper. corr.   Coulomb (SR)   Coul. recip.
    3.31214e+04    1.11051e+05   -4.02327e+03   -1.32263e+06    2.34379e+03
   COM Pull En.      Potential    Kinetic En.   Total Energy  Conserved En.
    5.79518e-01   -1.16151e+06    2.13479e+05   -9.48030e+05   -9.44056e+05
    Temperature Pres. DC (bar) Pressure (bar)   Constr. rmsd
    3.10372e+02   -8.20077e+01   -1.72670e+01    3.50707e-05


DD  step 39999 load imb.: force  0.4%  pme mesh/force 0.459
           Step           Time
          40000       80.00000

   Energies (kJ/mol)
            U-B    Proper Dih.  Improper Dih.      CMAP Dih.          LJ-14
    7.34506e+03    8.00960e+03    4.09999e+02   -2.55290e+02    3.07781e+03
     Coulomb-14        LJ (SR)  Disper. corr.   Coulomb (SR)   Coul. recip.
    3.30919e+04    1.10494e+05   -4.02310e+03   -1.32224e+06    2.29046e+03
   COM Pull En.      Potential    Kinetic En.   Total Energy  Conserved En.
    8.49768e-03   -1.16180e+06    2.14251e+05   -9.47549e+05   -9.44084e+05
    Temperature Pres. DC (bar) Pressure (bar)   Constr. rmsd
    3.11494e+02   -8.20009e+01   -6.14585e+01    3.67380e-05


DD  step 40999 load imb.: force  0.4%  pme mesh/force 0.409
           Step           Time
          41000       82.00000

   Energies (kJ/mol)
            U-B    Proper Dih.  Improper Dih.      CMAP Dih.          LJ-14
    7.26969e+03    8.18974e+03    4.29840e+02   -2.77530e+02    3.04792e+03
     Coulomb-14        LJ (SR)  Disper. corr.   Coulomb (SR)   Coul. recip.
    3.30661e+04    1.11443e+05   -4.02584e+03   -1.32171e+06    2.40437e+03
   COM Pull En.      Potential    Kinetic En.   Total Energy  Conserved En.
    1.16287e+00   -1.16017e+06    2.13073e+05   -9.47093e+05   -9.44137e+05
    Temperature Pres. DC (bar) Pressure (bar)   Constr. rmsd
    3.09780e+02   -8.21125e+01    5.38900e+01    3.97804e-05


DD  step 41999 load imb.: force  0.4%  pme mesh/force 0.432
           Step           Time
          42000       84.00000

   Energies (kJ/mol)
            U-B    Proper Dih.  Improper Dih.      CMAP Dih.          LJ-14
    7.33772e+03    8.17106e+03    4.33880e+02   -2.70520e+02    3.04897e+03
     Coulomb-14        LJ (SR)  Disper. corr.   Coulomb (SR)   Coul. recip.
    3.30413e+04    1.11568e+05   -4.01923e+03   -1.32257e+06    2.36635e+03
   COM Pull En.      Potential    Kinetic En.   Total Energy  Conserved En.
    1.55047e+00   -1.16089e+06    2.13451e+05   -9.47438e+05   -9.44163e+05
    Temperature Pres. DC (bar) Pressure (bar)   Constr. rmsd
    3.10331e+02   -8.18434e+01    5.25687e+01    3.57457e-05


DD  step 42999 load imb.: force  0.4%  pme mesh/force 0.430
           Step           Time
          43000       86.00000

   Energies (kJ/mol)
            U-B    Proper Dih.  Improper Dih.      CMAP Dih.          LJ-14
    7.33018e+03    8.13153e+03    4.32710e+02   -2.59140e+02    3.07073e+03
     Coulomb-14        LJ (SR)  Disper. corr.   Coulomb (SR)   Coul. recip.
    3.29837e+04    1.09734e+05   -4.02568e+03   -1.32081e+06    2.39591e+03
   COM Pull En.      Potential    Kinetic En.   Total Energy  Conserved En.
    2.67184e-01   -1.16102e+06    2.13249e+05   -9.47767e+05   -9.44186e+05
    Temperature Pres. DC (bar) Pressure (bar)   Constr. rmsd
    3.10037e+02   -8.21061e+01   -5.75991e+00    3.42184e-05


DD  step 43999 load imb.: force  0.4%  pme mesh/force 0.459
           Step           Time
          44000       88.00000

   Energies (kJ/mol)
            U-B    Proper Dih.  Improper Dih.      CMAP Dih.          LJ-14
    7.23043e+03    8.09614e+03    4.23333e+02   -2.03827e+02    3.05651e+03
     Coulomb-14        LJ (SR)  Disper. corr.   Coulomb (SR)   Coul. recip.
    3.31483e+04    1.10894e+05   -4.02485e+03   -1.32193e+06    2.39611e+03
   COM Pull En.      Potential    Kinetic En.   Total Energy  Conserved En.
    2.96172e+00   -1.16091e+06    2.13479e+05   -9.47433e+05   -9.44252e+05
    Temperature Pres. DC (bar) Pressure (bar)   Constr. rmsd
    3.10371e+02   -8.20721e+01    1.97896e+01    3.62183e-05


DD  step 44999 load imb.: force  0.4%  pme mesh/force 0.448
           Step           Time
          45000       90.00000

   Energies (kJ/mol)
            U-B    Proper Dih.  Improper Dih.      CMAP Dih.          LJ-14
    7.33721e+03    8.02682e+03    4.73672e+02   -2.25862e+02    3.07663e+03
     Coulomb-14        LJ (SR)  Disper. corr.   Coulomb (SR)   Coul. recip.
    3.29180e+04    1.10668e+05   -4.01780e+03   -1.32149e+06    2.39997e+03
   COM Pull En.      Potential    Kinetic En.   Total Energy  Conserved En.
    1.22818e-01   -1.16084e+06    2.13365e+05   -9.47471e+05   -9.44260e+05
    Temperature Pres. DC (bar) Pressure (bar)   Constr. rmsd
    3.10206e+02   -8.17851e+01   -7.06796e+01    3.71389e-05


DD  step 45999 load imb.: force  0.4%  pme mesh/force 0.430
           Step           Time
          46000       92.00000

   Energies (kJ/mol)
            U-B    Proper Dih.  Improper Dih.      CMAP Dih.          LJ-14
    7.28133e+03    8.27422e+03    4.47935e+02   -2.67151e+02    3.09636e+03
     Coulomb-14        LJ (SR)  Disper. corr.   Coulomb (SR)   Coul. recip.
    3.29811e+04    1.10542e+05   -4.02466e+03   -1.32104e+06    2.38174e+03
   COM Pull En.      Potential    Kinetic En.   Total Energy  Conserved En.
    2.08288e+00   -1.16032e+06    2.13252e+05   -9.47069e+05   -9.44294e+05
    Temperature Pres. DC (bar) Pressure (bar)   Constr. rmsd
    3.10041e+02   -8.20644e+01   -1.79264e+01    3.69310e-05


DD  step 46999 load imb.: force  0.3%  pme mesh/force 0.409
           Step           Time
          47000       94.00000

   Energies (kJ/mol)
            U-B    Proper Dih.  Improper Dih.      CMAP Dih.          LJ-14
    7.37206e+03    8.08098e+03    4.64463e+02   -2.14885e+02    3.06095e+03
     Coulomb-14        LJ (SR)  Disper. corr.   Coulomb (SR)   Coul. recip.
    3.29824e+04    1.11524e+05   -4.02464e+03   -1.32097e+06    2.39552e+03
   COM Pull En.      Potential    Kinetic En.   Total Energy  Conserved En.
    7.24241e-02   -1.15933e+06    2.11948e+05   -9.47384e+05   -9.44347e+05
    Temperature Pres. DC (bar) Pressure (bar)   Constr. rmsd
    3.08145e+02   -8.20634e+01    9.53368e+01    3.45313e-05


DD  step 47999 load imb.: force  0.3%  pme mesh/force 0.467
           Step           Time
          48000       96.00000

   Energies (kJ/mol)
            U-B    Proper Dih.  Improper Dih.      CMAP Dih.          LJ-14
    7.31291e+03    8.02769e+03    4.05996e+02   -1.91353e+02    3.04503e+03
     Coulomb-14        LJ (SR)  Disper. corr.   Coulomb (SR)   Coul. recip.
    3.30082e+04    1.11144e+05   -4.02106e+03   -1.32187e+06    2.41209e+03
   COM Pull En.      Potential    Kinetic En.   Total Energy  Conserved En.
    1.33295e+00   -1.16072e+06    2.13161e+05   -9.47562e+05   -9.44418e+05
    Temperature Pres. DC (bar) Pressure (bar)   Constr. rmsd
    3.09909e+02   -8.19176e+01    4.01711e+00    3.61346e-05


DD  step 48999 load imb.: force  0.4%  pme mesh/force 0.447
           Step           Time
          49000       98.00000

   Energies (kJ/mol)
            U-B    Proper Dih.  Improper Dih.      CMAP Dih.          LJ-14
    7.21898e+03    8.15064e+03    3.81056e+02   -2.13174e+02    3.20385e+03
     Coulomb-14        LJ (SR)  Disper. corr.   Coulomb (SR)   Coul. recip.
    3.33001e+04    1.10504e+05   -4.02754e+03   -1.32185e+06    2.34692e+03
   COM Pull En.      Potential    Kinetic En.   Total Energy  Conserved En.
    1.53040e+00   -1.16098e+06    2.13861e+05   -9.47119e+05   -9.44442e+05
    Temperature Pres. DC (bar) Pressure (bar)   Constr. rmsd
    3.10927e+02   -8.21818e+01    5.63985e+01    3.45268e-05


DD  step 49999 load imb.: force  0.3%  pme mesh/force 0.472
           Step           Time
          50000      100.00000

Writing checkpoint, step 50000 at Thu Jan  2 09:51:24 2025


   Energies (kJ/mol)
            U-B    Proper Dih.  Improper Dih.      CMAP Dih.          LJ-14
    7.36353e+03    8.05347e+03    3.99888e+02   -2.44435e+02    3.09413e+03
     Coulomb-14        LJ (SR)  Disper. corr.   Coulomb (SR)   Coul. recip.
    3.28990e+04    1.11351e+05   -4.02679e+03   -1.32134e+06    2.35997e+03
   COM Pull En.      Potential    Kinetic En.   Total Energy  Conserved En.
    3.71268e-01   -1.16009e+06    2.12897e+05   -9.47198e+05   -9.44487e+05
    Temperature Pres. DC (bar) Pressure (bar)   Constr. rmsd
    3.09525e+02   -8.21514e+01    7.54083e+01    3.59593e-05


Energy conservation over simulation part #1 of length 100 ns, time 0 to 100 ns
  Conserved energy drift: -2.34e-04 kJ/mol/ps per atom


	<======  ###############  ==>
	<====  A V E R A G E S  ====>
	<==  ###############  ======>

	Statistics over 50001 steps using 501 frames

   Energies (kJ/mol)
            U-B    Proper Dih.  Improper Dih.      CMAP Dih.          LJ-14
    7.32730e+03    8.07082e+03    4.27454e+02   -2.56794e+02    3.09833e+03
     Coulomb-14        LJ (SR)  Disper. corr.   Coulomb (SR)   Coul. recip.
    3.29677e+04    1.10591e+05   -4.02328e+03   -1.32118e+06    2.40514e+03
   COM Pull En.      Potential    Kinetic En.   Total Energy  Conserved En.
    1.67553e+00   -1.16057e+06    2.13231e+05   -9.47338e+05   -9.43500e+05
    Temperature Pres. DC (bar) Pressure (bar)   Constr. rmsd
    3.10011e+02   -8.20080e+01   -2.86705e+00    0.00000e+00

          Box-X          Box-Y          Box-Z
    6.81807e+00    6.81807e+00    1.75322e+01

   Total Virial (kJ/mol)
    7.10010e+04   -8.20635e-01   -3.68293e+01
   -7.88588e-01    7.12474e+04    3.76315e-02
   -3.70848e+01   -2.86632e-01    7.11946e+04

   Pressure (bar)
    2.67572e+00    2.75404e-01    1.35768e+00
    2.74100e-01   -7.51894e+00    3.45748e-01
    1.36809e+00    3.58959e-01   -3.75794e+00

      T-Protein  T-non-Protein
    3.09890e+02    3.10016e+02


	M E G A - F L O P S   A C C O U N T I N G

 NB=Group-cutoff nonbonded kernels    NxN=N-by-N cluster Verlet kernels
 RF=Reaction-Field  VdW=Van der Waals  QSTab=quadratic-spline table
 W3=SPC/TIP3p  W4=TIP4p (single or pairs)
 V&F=Potential and force  V=Potential only  F=Force only

 Computing:                               M-Number         M-Flops  % Flops
-----------------------------------------------------------------------------
 Pair Search distance check           30989.810944      278908.298     0.1
 NxN Ewald Elec. + LJ [F]           5499247.821408   362950356.213    94.2
 NxN Ewald Elec. + LJ [V&F]           55659.229728     5955537.581     1.5
 NxN LJ [F]                              85.555008        2823.315     0.0
 NxN LJ [V&F]                             0.868608          37.350     0.0
 NxN Ewald Elec. [F]                  63627.892416     3881301.437     1.0
 NxN Ewald Elec. [V&F]                  643.972288       54093.672     0.0
 1,4 nonbonded interactions             405.608112       36504.730     0.0
 Calc Weights                         12400.598007      446421.528     0.1
 Spread Q Bspline                    264546.090816      529092.182     0.1
 Gather F Bspline                    264546.090816     1587276.545     0.4
 3D-FFT                             1102238.844336     8817910.755     2.3
 Solve PME                              180.003600       11520.230     0.0
 Reset In Box                            41.417169         124.252     0.0
 CG-CoM                                  41.499838         124.500     0.0
 Propers                                402.358047       92139.993     0.0
 Impropers                               24.150483        5023.300     0.0
 Virial                                 417.028389        7506.511     0.0
 Stop-CM                                 41.499838         414.998     0.0
 P-Coupling                             413.427669        2480.566     0.0
 Calc-Ekin                              826.855338       22325.094     0.0
 Lincs                                  250.531517       15031.891     0.0
 Lincs-Mat                             5403.984000       21615.936     0.0
 Constraint-V                          4748.317331       42734.856     0.0
 Constraint-Vir                         449.850714       10796.417     0.0
 Settle                                1415.783071      523839.736     0.1
 CMAP                                     9.200184       15640.313     0.0
 Urey-Bradley                           281.705634       51552.131     0.0
-----------------------------------------------------------------------------
 Total                                               385363134.331   100.0
-----------------------------------------------------------------------------


    D O M A I N   D E C O M P O S I T I O N   S T A T I S T I C S

 av. #atoms communicated per step for force:  2 x 124093.5
 av. #atoms communicated per step for LINCS:  2 x 7481.9


Dynamic load balancing report:
 DLB was off during the run due to low measured imbalance.
 Average load imbalance: 0.4%.
 The balanceable part of the MD step is 95%, load imbalance is computed from this.
 Part of the total run time spent waiting due to load imbalance: 0.4%.
 Average PME mesh/force load: 0.433
 Part of the total run time spent waiting due to PP/PME imbalance: 10.8 %

NOTE: 10.8 % performance was lost because the PME ranks
      had less work to do than the PP ranks.
      You might want to decrease the number of PME ranks
      or decrease the cut-off and the grid spacing.


     R E A L   C Y C L E   A N D   T I M E   A C C O U N T I N G

On 16 MPI ranks doing PP, and
on 4 MPI ranks doing PME

 Computing:          Num   Num      Call    Wall time         Giga-Cycles
                     Ranks Threads  Count      (s)         total sum    %
-----------------------------------------------------------------------------
 Domain decomp.        16    1        501       1.711         62.806   0.2
 DD comm. load         16    1         52       0.001          0.034   0.0
 Send X to PME         16    1      50001       1.688         61.963   0.2
 Neighbor search       16    1        501       7.191        264.015   0.8
 Comm. coord.          16    1      49500       6.134        225.203   0.7
 Force                 16    1      50001     660.106      24234.849  71.2
 Wait + Comm. F        16    1      50001       5.169        189.756   0.6
 PME mesh *             4    1      50001     301.502       2767.306   8.1
 PME wait for PP *                            440.128       4039.668  11.9
 Wait + Recv. PME F    16    1      50001       1.827         67.066   0.2
 NB X/F buffer ops.    16    1     149001       4.137        151.874   0.4
 COM pull force        16    1      50001      37.500       1376.752   4.0
 Write traj.           16    1         11       0.066          2.412   0.0
 Update                16    1      50001       1.298         47.652   0.1
 Constraints           16    1      50003      13.350        490.117   1.4
 Comm. energies        16    1       5001       0.441         16.187   0.0
 Rest                                           1.019         37.410   0.1
-----------------------------------------------------------------------------
 Total                                        741.636      34035.120 100.0
-----------------------------------------------------------------------------
(*) Note that with separate PME ranks, the walltime column actually sums to
    twice the total reported, but the cycle count total and % are correct.
-----------------------------------------------------------------------------
 Breakdown of PME mesh computation
-----------------------------------------------------------------------------
 PME redist. X/F        4    1     100002      13.686        125.614   0.4
 PME spread             4    1      50001      64.881        595.501   1.7
 PME gather             4    1      50001      85.212        782.107   2.3
 PME 3D-FFT             4    1     100002     101.294        929.717   2.7
 PME 3D-FFT Comm.       4    1     100002      19.758        181.348   0.5
 PME solve Elec         4    1      50001      16.561        152.006   0.4
-----------------------------------------------------------------------------

               Core t (s)   Wall t (s)        (%)
       Time:    14832.529      741.636     2000.0
                 (ns/day)    (hour/ns)
Performance:       11.650        2.060
Finished mdrun on rank 0 Thu Jan  2 09:51:24 2025

